{"C:\\Users\\VICTUS\\Desktop\\BEST\\backend\\seed.js": {"path":"C:\\Users\\VICTUS\\Desktop\\BEST\\backend\\seed.js","statementMap":{"0":{"start":{"line":1,"column":17},"end":{"line":1,"column":36}},"1":{"start":{"line":2,"column":15},"end":{"line":2,"column":34}},"2":{"start":{"line":3,"column":13},"end":{"line":3,"column":37}},"3":{"start":{"line":4,"column":14},"end":{"line":4,"column":39}},"4":{"start":{"line":5,"column":17},"end":{"line":5,"column":45}},"5":{"start":{"line":6,"column":17},"end":{"line":6,"column":45}},"6":{"start":{"line":7,"column":15},"end":{"line":7,"column":41}},"7":{"start":{"line":8,"column":17},"end":{"line":8,"column":45}},"8":{"start":{"line":12,"column":21},"end":{"line":274,"column":1}},"9":{"start":{"line":13,"column":2},"end":{"line":273,"column":3}},"10":{"start":{"line":17,"column":22},"end":{"line":17,"column":55}},"11":{"start":{"line":20,"column":31},"end":{"line":20,"column":58}},"12":{"start":{"line":21,"column":4},"end":{"line":23,"column":5}},"13":{"start":{"line":22,"column":6},"end":{"line":22,"column":93}},"14":{"start":{"line":25,"column":4},"end":{"line":34,"column":5}},"15":{"start":{"line":26,"column":6},"end":{"line":26,"column":73}},"16":{"start":{"line":28,"column":6},"end":{"line":28,"column":32}},"17":{"start":{"line":29,"column":6},"end":{"line":29,"column":33}},"18":{"start":{"line":30,"column":6},"end":{"line":30,"column":36}},"19":{"start":{"line":31,"column":6},"end":{"line":31,"column":36}},"20":{"start":{"line":32,"column":6},"end":{"line":32,"column":34}},"21":{"start":{"line":33,"column":6},"end":{"line":33,"column":46}},"22":{"start":{"line":39,"column":27},"end":{"line":46,"column":5}},"23":{"start":{"line":48,"column":21},"end":{"line":48,"column":72}},"24":{"start":{"line":49,"column":4},"end":{"line":55,"column":5}},"25":{"start":{"line":50,"column":6},"end":{"line":50,"column":43}},"26":{"start":{"line":51,"column":6},"end":{"line":51,"column":53}},"27":{"start":{"line":52,"column":6},"end":{"line":52,"column":64}},"28":{"start":{"line":54,"column":6},"end":{"line":54,"column":52}},"29":{"start":{"line":60,"column":17},"end":{"line":60,"column":66}},"30":{"start":{"line":61,"column":4},"end":{"line":74,"column":5}},"31":{"start":{"line":62,"column":25},"end":{"line":71,"column":7}},"32":{"start":{"line":72,"column":6},"end":{"line":72,"column":47}},"33":{"start":{"line":73,"column":6},"end":{"line":73,"column":56}},"34":{"start":{"line":79,"column":23},"end":{"line":82,"column":5}},"35":{"start":{"line":84,"column":22},"end":{"line":84,"column":26}},"36":{"start":{"line":86,"column":4},"end":{"line":108,"column":5}},"37":{"start":{"line":86,"column":17},"end":{"line":86,"column":18}},"38":{"start":{"line":87,"column":17},"end":{"line":87,"column":30}},"39":{"start":{"line":88,"column":22},"end":{"line":88,"column":61}},"40":{"start":{"line":89,"column":6},"end":{"line":106,"column":7}},"41":{"start":{"line":90,"column":26},"end":{"line":101,"column":9}},"42":{"start":{"line":102,"column":8},"end":{"line":102,"column":49}},"43":{"start":{"line":103,"column":8},"end":{"line":103,"column":76}},"44":{"start":{"line":105,"column":8},"end":{"line":105,"column":60}},"45":{"start":{"line":107,"column":6},"end":{"line":107,"column":48}},"46":{"start":{"line":107,"column":24},"end":{"line":107,"column":48}},"47":{"start":{"line":111,"column":4},"end":{"line":114,"column":5}},"48":{"start":{"line":112,"column":6},"end":{"line":112,"column":37}},"49":{"start":{"line":113,"column":6},"end":{"line":113,"column":26}},"50":{"start":{"line":119,"column":28},"end":{"line":122,"column":5}},"51":{"start":{"line":124,"column":31},"end":{"line":124,"column":33}},"52":{"start":{"line":125,"column":4},"end":{"line":146,"column":5}},"53":{"start":{"line":125,"column":17},"end":{"line":125,"column":18}},"54":{"start":{"line":126,"column":17},"end":{"line":126,"column":35}},"55":{"start":{"line":127,"column":21},"end":{"line":127,"column":60}},"56":{"start":{"line":128,"column":6},"end":{"line":144,"column":7}},"57":{"start":{"line":129,"column":23},"end":{"line":141,"column":9}},"58":{"start":{"line":142,"column":8},"end":{"line":142,"column":45}},"59":{"start":{"line":143,"column":8},"end":{"line":143,"column":80}},"60":{"start":{"line":145,"column":6},"end":{"line":145,"column":40}},"61":{"start":{"line":149,"column":4},"end":{"line":149,"column":60}},"62":{"start":{"line":149,"column":53},"end":{"line":149,"column":58}},"63":{"start":{"line":150,"column":4},"end":{"line":150,"column":24}},"64":{"start":{"line":155,"column":24},"end":{"line":160,"column":5}},"65":{"start":{"line":162,"column":27},"end":{"line":162,"column":29}},"66":{"start":{"line":163,"column":4},"end":{"line":180,"column":5}},"67":{"start":{"line":163,"column":17},"end":{"line":163,"column":18}},"68":{"start":{"line":164,"column":16},"end":{"line":164,"column":30}},"69":{"start":{"line":165,"column":21},"end":{"line":165,"column":59}},"70":{"start":{"line":166,"column":6},"end":{"line":178,"column":7}},"71":{"start":{"line":167,"column":22},"end":{"line":175,"column":9}},"72":{"start":{"line":176,"column":8},"end":{"line":176,"column":44}},"73":{"start":{"line":177,"column":8},"end":{"line":177,"column":84}},"74":{"start":{"line":179,"column":6},"end":{"line":179,"column":36}},"75":{"start":{"line":186,"column":6},"end":{"line":196,"column":8}},"76":{"start":{"line":199,"column":4},"end":{"line":267,"column":5}},"77":{"start":{"line":201,"column":18},"end":{"line":201,"column":39}},"78":{"start":{"line":202,"column":17},"end":{"line":202,"column":34}},"79":{"start":{"line":203,"column":17},"end":{"line":203,"column":34}},"80":{"start":{"line":205,"column":6},"end":{"line":231,"column":7}},"81":{"start":{"line":206,"column":8},"end":{"line":206,"column":45}},"82":{"start":{"line":207,"column":8},"end":{"line":207,"column":25}},"83":{"start":{"line":209,"column":8},"end":{"line":209,"column":38}},"84":{"start":{"line":210,"column":8},"end":{"line":210,"column":24}},"85":{"start":{"line":211,"column":8},"end":{"line":211,"column":38}},"86":{"start":{"line":212,"column":8},"end":{"line":212,"column":24}},"87":{"start":{"line":213,"column":8},"end":{"line":213,"column":93}},"88":{"start":{"line":216,"column":8},"end":{"line":222,"column":11}},"89":{"start":{"line":223,"column":8},"end":{"line":229,"column":11}},"90":{"start":{"line":230,"column":8},"end":{"line":230,"column":83}},"91":{"start":{"line":234,"column":6},"end":{"line":266,"column":7}},"92":{"start":{"line":235,"column":20},"end":{"line":235,"column":41}},"93":{"start":{"line":236,"column":19},"end":{"line":236,"column":36}},"94":{"start":{"line":237,"column":19},"end":{"line":237,"column":36}},"95":{"start":{"line":239,"column":8},"end":{"line":265,"column":9}},"96":{"start":{"line":240,"column":10},"end":{"line":240,"column":47}},"97":{"start":{"line":241,"column":10},"end":{"line":241,"column":27}},"98":{"start":{"line":243,"column":10},"end":{"line":243,"column":40}},"99":{"start":{"line":244,"column":10},"end":{"line":244,"column":26}},"100":{"start":{"line":245,"column":10},"end":{"line":245,"column":40}},"101":{"start":{"line":246,"column":10},"end":{"line":246,"column":26}},"102":{"start":{"line":247,"column":10},"end":{"line":247,"column":95}},"103":{"start":{"line":250,"column":10},"end":{"line":256,"column":13}},"104":{"start":{"line":257,"column":10},"end":{"line":263,"column":13}},"105":{"start":{"line":264,"column":10},"end":{"line":264,"column":85}},"106":{"start":{"line":269,"column":4},"end":{"line":269,"column":52}},"107":{"start":{"line":272,"column":4},"end":{"line":272,"column":54}},"108":{"start":{"line":277,"column":0},"end":{"line":277,"column":30}}},"fnMap":{"0":{"name":"(anonymous_0)","decl":{"start":{"line":12,"column":21},"end":{"line":12,"column":22}},"loc":{"start":{"line":12,"column":33},"end":{"line":274,"column":1}},"line":12},"1":{"name":"(anonymous_1)","decl":{"start":{"line":149,"column":48},"end":{"line":149,"column":49}},"loc":{"start":{"line":149,"column":53},"end":{"line":149,"column":58}},"line":149},"2":{"name":"ensureReferral","decl":{"start":{"line":185,"column":19},"end":{"line":185,"column":33}},"loc":{"start":{"line":185,"column":91},"end":{"line":197,"column":5}},"line":185}},"branchMap":{"0":{"loc":{"start":{"line":21,"column":4},"end":{"line":23,"column":5}},"type":"if","locations":[{"start":{"line":21,"column":4},"end":{"line":23,"column":5}},{"start":{},"end":{}}],"line":21},"1":{"loc":{"start":{"line":21,"column":8},"end":{"line":21,"column":44}},"type":"binary-expr","locations":[{"start":{"line":21,"column":8},"end":{"line":21,"column":30}},{"start":{"line":21,"column":34},"end":{"line":21,"column":44}}],"line":21},"2":{"loc":{"start":{"line":25,"column":4},"end":{"line":34,"column":5}},"type":"if","locations":[{"start":{"line":25,"column":4},"end":{"line":34,"column":5}},{"start":{},"end":{}}],"line":25},"3":{"loc":{"start":{"line":25,"column":8},"end":{"line":25,"column":43}},"type":"binary-expr","locations":[{"start":{"line":25,"column":8},"end":{"line":25,"column":17}},{"start":{"line":25,"column":21},"end":{"line":25,"column":43}}],"line":25},"4":{"loc":{"start":{"line":49,"column":4},"end":{"line":55,"column":5}},"type":"if","locations":[{"start":{"line":49,"column":4},"end":{"line":55,"column":5}},{"start":{"line":53,"column":11},"end":{"line":55,"column":5}}],"line":49},"5":{"loc":{"start":{"line":61,"column":4},"end":{"line":74,"column":5}},"type":"if","locations":[{"start":{"line":61,"column":4},"end":{"line":74,"column":5}},{"start":{},"end":{}}],"line":61},"6":{"loc":{"start":{"line":89,"column":6},"end":{"line":106,"column":7}},"type":"if","locations":[{"start":{"line":89,"column":6},"end":{"line":106,"column":7}},{"start":{"line":104,"column":13},"end":{"line":106,"column":7}}],"line":89},"7":{"loc":{"start":{"line":107,"column":6},"end":{"line":107,"column":48}},"type":"if","locations":[{"start":{"line":107,"column":6},"end":{"line":107,"column":48}},{"start":{},"end":{}}],"line":107},"8":{"loc":{"start":{"line":111,"column":4},"end":{"line":114,"column":5}},"type":"if","locations":[{"start":{"line":111,"column":4},"end":{"line":114,"column":5}},{"start":{},"end":{}}],"line":111},"9":{"loc":{"start":{"line":111,"column":8},"end":{"line":111,"column":36}},"type":"binary-expr","locations":[{"start":{"line":111,"column":8},"end":{"line":111,"column":19}},{"start":{"line":111,"column":23},"end":{"line":111,"column":36}}],"line":111},"10":{"loc":{"start":{"line":128,"column":6},"end":{"line":144,"column":7}},"type":"if","locations":[{"start":{"line":128,"column":6},"end":{"line":144,"column":7}},{"start":{},"end":{}}],"line":128},"11":{"loc":{"start":{"line":138,"column":21},"end":{"line":138,"column":67}},"type":"cond-expr","locations":[{"start":{"line":138,"column":35},"end":{"line":138,"column":50}},{"start":{"line":138,"column":53},"end":{"line":138,"column":67}}],"line":138},"12":{"loc":{"start":{"line":166,"column":6},"end":{"line":178,"column":7}},"type":"if","locations":[{"start":{"line":166,"column":6},"end":{"line":178,"column":7}},{"start":{},"end":{}}],"line":166},"13":{"loc":{"start":{"line":190,"column":20},"end":{"line":190,"column":38}},"type":"binary-expr","locations":[{"start":{"line":190,"column":20},"end":{"line":190,"column":26}},{"start":{"line":190,"column":30},"end":{"line":190,"column":38}}],"line":190},"14":{"loc":{"start":{"line":191,"column":19},"end":{"line":191,"column":30}},"type":"binary-expr","locations":[{"start":{"line":191,"column":19},"end":{"line":191,"column":24}},{"start":{"line":191,"column":28},"end":{"line":191,"column":30}}],"line":191},"15":{"loc":{"start":{"line":199,"column":4},"end":{"line":267,"column":5}},"type":"if","locations":[{"start":{"line":199,"column":4},"end":{"line":267,"column":5}},{"start":{},"end":{}}],"line":199},"16":{"loc":{"start":{"line":199,"column":8},"end":{"line":199,"column":66}},"type":"binary-expr","locations":[{"start":{"line":199,"column":8},"end":{"line":199,"column":37}},{"start":{"line":199,"column":41},"end":{"line":199,"column":66}}],"line":199},"17":{"loc":{"start":{"line":205,"column":6},"end":{"line":231,"column":7}},"type":"if","locations":[{"start":{"line":205,"column":6},"end":{"line":231,"column":7}},{"start":{},"end":{}}],"line":205},"18":{"loc":{"start":{"line":205,"column":10},"end":{"line":205,"column":25}},"type":"binary-expr","locations":[{"start":{"line":205,"column":10},"end":{"line":205,"column":13}},{"start":{"line":205,"column":17},"end":{"line":205,"column":19}},{"start":{"line":205,"column":23},"end":{"line":205,"column":25}}],"line":205},"19":{"loc":{"start":{"line":234,"column":6},"end":{"line":266,"column":7}},"type":"if","locations":[{"start":{"line":234,"column":6},"end":{"line":266,"column":7}},{"start":{},"end":{}}],"line":234},"20":{"loc":{"start":{"line":234,"column":10},"end":{"line":234,"column":68}},"type":"binary-expr","locations":[{"start":{"line":234,"column":10},"end":{"line":234,"column":39}},{"start":{"line":234,"column":43},"end":{"line":234,"column":68}}],"line":234},"21":{"loc":{"start":{"line":239,"column":8},"end":{"line":265,"column":9}},"type":"if","locations":[{"start":{"line":239,"column":8},"end":{"line":265,"column":9}},{"start":{},"end":{}}],"line":239},"22":{"loc":{"start":{"line":239,"column":12},"end":{"line":239,"column":27}},"type":"binary-expr","locations":[{"start":{"line":239,"column":12},"end":{"line":239,"column":15}},{"start":{"line":239,"column":19},"end":{"line":239,"column":21}},{"start":{"line":239,"column":25},"end":{"line":239,"column":27}}],"line":239}},"s":{"0":2,"1":2,"2":2,"3":2,"4":2,"5":2,"6":2,"7":2,"8":2,"9":0,"10":0,"11":0,"12":0,"13":0,"14":0,"15":0,"16":0,"17":0,"18":0,"19":0,"20":0,"21":0,"22":0,"23":0,"24":0,"25":0,"26":0,"27":0,"28":0,"29":0,"30":0,"31":0,"32":0,"33":0,"34":0,"35":0,"36":0,"37":0,"38":0,"39":0,"40":0,"41":0,"42":0,"43":0,"44":0,"45":0,"46":0,"47":0,"48":0,"49":0,"50":0,"51":0,"52":0,"53":0,"54":0,"55":0,"56":0,"57":0,"58":0,"59":0,"60":0,"61":0,"62":0,"63":0,"64":0,"65":0,"66":0,"67":0,"68":0,"69":0,"70":0,"71":0,"72":0,"73":0,"74":0,"75":0,"76":0,"77":0,"78":0,"79":0,"80":0,"81":0,"82":0,"83":0,"84":0,"85":0,"86":0,"87":0,"88":0,"89":0,"90":0,"91":0,"92":0,"93":0,"94":0,"95":0,"96":0,"97":0,"98":0,"99":0,"100":0,"101":0,"102":0,"103":0,"104":0,"105":0,"106":0,"107":0,"108":2},"f":{"0":0,"1":0,"2":0},"b":{"0":[0,0],"1":[0,0],"2":[0,0],"3":[0,0],"4":[0,0],"5":[0,0],"6":[0,0],"7":[0,0],"8":[0,0],"9":[0,0],"10":[0,0],"11":[0,0],"12":[0,0],"13":[0,0],"14":[0,0],"15":[0,0],"16":[0,0],"17":[0,0],"18":[0,0,0],"19":[0,0],"20":[0,0],"21":[0,0],"22":[0,0,0]},"_coverageSchema":"1a1c01bbd47fc00a2c39e90264f33305004495a9","hash":"aa9ba32b5d768c0dbcbc6a1b4c5d3bc308b1aa1e"}
,"C:\\Users\\VICTUS\\Desktop\\BEST\\backend\\server.js": {"path":"C:\\Users\\VICTUS\\Desktop\\BEST\\backend\\server.js","statementMap":{"0":{"start":{"line":1,"column":16},"end":{"line":1,"column":34}},"1":{"start":{"line":2,"column":17},"end":{"line":2,"column":36}},"2":{"start":{"line":3,"column":13},"end":{"line":3,"column":28}},"3":{"start":{"line":4,"column":15},"end":{"line":4,"column":32}},"4":{"start":{"line":5,"column":15},"end":{"line":5,"column":32}},"5":{"start":{"line":6,"column":11},"end":{"line":6,"column":24}},"6":{"start":{"line":10,"column":18},"end":{"line":14,"column":1}},"7":{"start":{"line":16,"column":0},"end":{"line":18,"column":1}},"8":{"start":{"line":17,"column":2},"end":{"line":17,"column":29}},"9":{"start":{"line":20,"column":19},"end":{"line":20,"column":43}},"10":{"start":{"line":21,"column":20},"end":{"line":21,"column":45}},"11":{"start":{"line":22,"column":23},"end":{"line":22,"column":51}},"12":{"start":{"line":23,"column":25},"end":{"line":23,"column":55}},"13":{"start":{"line":24,"column":21},"end":{"line":24,"column":47}},"14":{"start":{"line":25,"column":23},"end":{"line":25,"column":51}},"15":{"start":{"line":26,"column":22},"end":{"line":26,"column":50}},"16":{"start":{"line":27,"column":27},"end":{"line":27,"column":60}},"17":{"start":{"line":28,"column":25},"end":{"line":28,"column":55}},"18":{"start":{"line":29,"column":20},"end":{"line":29,"column":45}},"19":{"start":{"line":30,"column":20},"end":{"line":30,"column":45}},"20":{"start":{"line":31,"column":30},"end":{"line":31,"column":64}},"21":{"start":{"line":32,"column":21},"end":{"line":32,"column":38}},"22":{"start":{"line":33,"column":13},"end":{"line":33,"column":37}},"23":{"start":{"line":34,"column":15},"end":{"line":34,"column":41}},"24":{"start":{"line":35,"column":13},"end":{"line":35,"column":28}},"25":{"start":{"line":36,"column":19},"end":{"line":36,"column":39}},"26":{"start":{"line":38,"column":12},"end":{"line":38,"column":21}},"27":{"start":{"line":39,"column":11},"end":{"line":39,"column":24}},"28":{"start":{"line":40,"column":13},"end":{"line":40,"column":28}},"29":{"start":{"line":43,"column":18},"end":{"line":43,"column":49}},"30":{"start":{"line":44,"column":0},"end":{"line":47,"column":1}},"31":{"start":{"line":45,"column":2},"end":{"line":45,"column":47}},"32":{"start":{"line":46,"column":2},"end":{"line":46,"column":61}},"33":{"start":{"line":50,"column":18},"end":{"line":50,"column":48}},"34":{"start":{"line":51,"column":19},"end":{"line":51,"column":50}},"35":{"start":{"line":52,"column":0},"end":{"line":55,"column":1}},"36":{"start":{"line":53,"column":2},"end":{"line":53,"column":48}},"37":{"start":{"line":54,"column":2},"end":{"line":54,"column":69}},"38":{"start":{"line":58,"column":0},"end":{"line":60,"column":4}},"39":{"start":{"line":66,"column":23},"end":{"line":66,"column":68}},"40":{"start":{"line":67,"column":23},"end":{"line":69,"column":6}},"41":{"start":{"line":68,"column":39},"end":{"line":68,"column":47}},"42":{"start":{"line":71,"column":24},"end":{"line":71,"column":51}},"43":{"start":{"line":72,"column":24},"end":{"line":72,"column":91}},"44":{"start":{"line":74,"column":20},"end":{"line":84,"column":1}},"45":{"start":{"line":76,"column":4},"end":{"line":76,"column":39}},"46":{"start":{"line":76,"column":17},"end":{"line":76,"column":39}},"47":{"start":{"line":77,"column":4},"end":{"line":77,"column":47}},"48":{"start":{"line":77,"column":25},"end":{"line":77,"column":47}},"49":{"start":{"line":78,"column":4},"end":{"line":78,"column":63}},"50":{"start":{"line":78,"column":41},"end":{"line":78,"column":63}},"51":{"start":{"line":79,"column":4},"end":{"line":79,"column":27}},"52":{"start":{"line":86,"column":0},"end":{"line":86,"column":27}},"53":{"start":{"line":87,"column":0},"end":{"line":87,"column":36}},"54":{"start":{"line":88,"column":0},"end":{"line":88,"column":24}},"55":{"start":{"line":89,"column":0},"end":{"line":89,"column":28}},"56":{"start":{"line":92,"column":15},"end":{"line":92,"column":37}},"57":{"start":{"line":93,"column":18},"end":{"line":93,"column":20}},"58":{"start":{"line":94,"column":2},"end":{"line":100,"column":3}},"59":{"start":{"line":95,"column":4},"end":{"line":99,"column":5}},"60":{"start":{"line":96,"column":6},"end":{"line":98,"column":7}},"61":{"start":{"line":97,"column":8},"end":{"line":97,"column":53}},"62":{"start":{"line":101,"column":2},"end":{"line":101,"column":17}},"63":{"start":{"line":105,"column":2},"end":{"line":105,"column":28}},"64":{"start":{"line":105,"column":11},"end":{"line":105,"column":28}},"65":{"start":{"line":107,"column":16},"end":{"line":107,"column":47}},"66":{"start":{"line":109,"column":2},"end":{"line":109,"column":76}},"67":{"start":{"line":113,"column":13},"end":{"line":113,"column":46}},"68":{"start":{"line":114,"column":2},"end":{"line":114,"column":28}},"69":{"start":{"line":114,"column":11},"end":{"line":114,"column":28}},"70":{"start":{"line":115,"column":2},"end":{"line":115,"column":122}},"71":{"start":{"line":115,"column":102},"end":{"line":115,"column":122}},"72":{"start":{"line":116,"column":2},"end":{"line":116,"column":150}},"73":{"start":{"line":116,"column":129},"end":{"line":116,"column":150}},"74":{"start":{"line":117,"column":2},"end":{"line":117,"column":100}},"75":{"start":{"line":117,"column":80},"end":{"line":117,"column":100}},"76":{"start":{"line":118,"column":2},"end":{"line":118,"column":19}},"77":{"start":{"line":135,"column":0},"end":{"line":135,"column":47}},"78":{"start":{"line":136,"column":0},"end":{"line":136,"column":46}},"79":{"start":{"line":139,"column":0},"end":{"line":148,"column":3}},"80":{"start":{"line":140,"column":13},"end":{"line":140,"column":88}},"81":{"start":{"line":141,"column":20},"end":{"line":141,"column":54}},"82":{"start":{"line":142,"column":17},"end":{"line":142,"column":44}},"83":{"start":{"line":143,"column":21},"end":{"line":143,"column":49}},"84":{"start":{"line":144,"column":2},"end":{"line":146,"column":4}},"85":{"start":{"line":147,"column":2},"end":{"line":147,"column":9}},"86":{"start":{"line":151,"column":0},"end":{"line":151,"column":33}},"87":{"start":{"line":152,"column":0},"end":{"line":152,"column":38}},"88":{"start":{"line":153,"column":0},"end":{"line":153,"column":41}},"89":{"start":{"line":154,"column":0},"end":{"line":154,"column":46}},"90":{"start":{"line":155,"column":0},"end":{"line":155,"column":38}},"91":{"start":{"line":156,"column":0},"end":{"line":156,"column":42}},"92":{"start":{"line":157,"column":0},"end":{"line":157,"column":40}},"93":{"start":{"line":158,"column":0},"end":{"line":158,"column":50}},"94":{"start":{"line":159,"column":0},"end":{"line":159,"column":45}},"95":{"start":{"line":160,"column":0},"end":{"line":160,"column":35}},"96":{"start":{"line":161,"column":0},"end":{"line":161,"column":35}},"97":{"start":{"line":162,"column":0},"end":{"line":162,"column":49}},"98":{"start":{"line":163,"column":0},"end":{"line":163,"column":53}},"99":{"start":{"line":164,"column":0},"end":{"line":164,"column":65}},"100":{"start":{"line":165,"column":0},"end":{"line":165,"column":51}},"101":{"start":{"line":168,"column":0},"end":{"line":174,"column":3}},"102":{"start":{"line":169,"column":2},"end":{"line":173,"column":5}},"103":{"start":{"line":177,"column":0},"end":{"line":199,"column":3}},"104":{"start":{"line":178,"column":2},"end":{"line":198,"column":5}},"105":{"start":{"line":202,"column":0},"end":{"line":209,"column":3}},"106":{"start":{"line":203,"column":2},"end":{"line":203,"column":27}},"107":{"start":{"line":204,"column":2},"end":{"line":208,"column":5}},"108":{"start":{"line":213,"column":13},"end":{"line":213,"column":45}},"109":{"start":{"line":215,"column":15},"end":{"line":215,"column":37}},"110":{"start":{"line":216,"column":11},"end":{"line":222,"column":2}},"111":{"start":{"line":224,"column":0},"end":{"line":224,"column":18}},"112":{"start":{"line":226,"column":0},"end":{"line":253,"column":3}},"113":{"start":{"line":227,"column":19},"end":{"line":227,"column":103}},"114":{"start":{"line":228,"column":17},"end":{"line":228,"column":46}},"115":{"start":{"line":229,"column":17},"end":{"line":229,"column":58}},"116":{"start":{"line":230,"column":20},"end":{"line":230,"column":69}},"117":{"start":{"line":231,"column":21},"end":{"line":231,"column":49}},"118":{"start":{"line":233,"column":2},"end":{"line":235,"column":4}},"119":{"start":{"line":237,"column":2},"end":{"line":239,"column":3}},"120":{"start":{"line":238,"column":4},"end":{"line":238,"column":35}},"121":{"start":{"line":242,"column":2},"end":{"line":248,"column":5}},"122":{"start":{"line":243,"column":4},"end":{"line":243,"column":24}},"123":{"start":{"line":243,"column":17},"end":{"line":243,"column":24}},"124":{"start":{"line":244,"column":23},"end":{"line":244,"column":39}},"125":{"start":{"line":245,"column":21},"end":{"line":245,"column":37}},"126":{"start":{"line":246,"column":4},"end":{"line":246,"column":28}},"127":{"start":{"line":246,"column":21},"end":{"line":246,"column":28}},"128":{"start":{"line":247,"column":4},"end":{"line":247,"column":94}},"129":{"start":{"line":250,"column":2},"end":{"line":252,"column":5}},"130":{"start":{"line":251,"column":4},"end":{"line":251,"column":60}},"131":{"start":{"line":255,"column":18},"end":{"line":255,"column":81}},"132":{"start":{"line":256,"column":0},"end":{"line":278,"column":1}},"133":{"start":{"line":257,"column":2},"end":{"line":277,"column":5}},"134":{"start":{"line":258,"column":4},"end":{"line":258,"column":53}},"135":{"start":{"line":259,"column":4},"end":{"line":259,"column":72}},"136":{"start":{"line":261,"column":16},"end":{"line":261,"column":39}},"137":{"start":{"line":262,"column":4},"end":{"line":269,"column":5}},"138":{"start":{"line":263,"column":6},"end":{"line":263,"column":61}},"139":{"start":{"line":264,"column":6},"end":{"line":266,"column":7}},"140":{"start":{"line":265,"column":8},"end":{"line":265,"column":63}},"141":{"start":{"line":268,"column":6},"end":{"line":268,"column":90}},"142":{"start":{"line":271,"column":4},"end":{"line":276,"column":5}},"143":{"start":{"line":272,"column":6},"end":{"line":272,"column":64}},"144":{"start":{"line":274,"column":6},"end":{"line":274,"column":80}},"145":{"start":{"line":275,"column":6},"end":{"line":275,"column":63}},"146":{"start":{"line":275,"column":38},"end":{"line":275,"column":63}},"147":{"start":{"line":282,"column":2},"end":{"line":282,"column":68}},"148":{"start":{"line":285,"column":2},"end":{"line":292,"column":5}},"149":{"start":{"line":286,"column":4},"end":{"line":290,"column":5}},"150":{"start":{"line":287,"column":6},"end":{"line":287,"column":45}},"151":{"start":{"line":291,"column":4},"end":{"line":291,"column":20}},"152":{"start":{"line":295,"column":2},"end":{"line":295,"column":52}},"153":{"start":{"line":295,"column":19},"end":{"line":295,"column":34}},"154":{"start":{"line":298,"column":0},"end":{"line":298,"column":49}},"155":{"start":{"line":298,"column":28},"end":{"line":298,"column":47}},"156":{"start":{"line":299,"column":0},"end":{"line":299,"column":47}},"157":{"start":{"line":299,"column":27},"end":{"line":299,"column":45}},"158":{"start":{"line":301,"column":0},"end":{"line":303,"column":3}},"159":{"start":{"line":302,"column":2},"end":{"line":302,"column":58}},"160":{"start":{"line":305,"column":0},"end":{"line":307,"column":3}},"161":{"start":{"line":306,"column":2},"end":{"line":306,"column":46}},"162":{"start":{"line":310,"column":17},"end":{"line":310,"column":65}},"163":{"start":{"line":311,"column":28},"end":{"line":311,"column":33}},"164":{"start":{"line":314,"column":2},"end":{"line":314,"column":24}},"165":{"start":{"line":314,"column":12},"end":{"line":314,"column":24}},"166":{"start":{"line":315,"column":16},"end":{"line":315,"column":55}},"167":{"start":{"line":316,"column":2},"end":{"line":316,"column":58}},"168":{"start":{"line":320,"column":2},"end":{"line":320,"column":36}},"169":{"start":{"line":320,"column":29},"end":{"line":320,"column":36}},"170":{"start":{"line":321,"column":2},"end":{"line":324,"column":3}},"171":{"start":{"line":322,"column":4},"end":{"line":322,"column":122}},"172":{"start":{"line":323,"column":4},"end":{"line":323,"column":11}},"173":{"start":{"line":326,"column":18},"end":{"line":326,"column":88}},"174":{"start":{"line":327,"column":20},"end":{"line":327,"column":51}},"175":{"start":{"line":328,"column":25},"end":{"line":328,"column":73}},"176":{"start":{"line":329,"column":25},"end":{"line":329,"column":70}},"177":{"start":{"line":330,"column":2},"end":{"line":332,"column":4}},"178":{"start":{"line":334,"column":2},"end":{"line":334,"column":31}},"179":{"start":{"line":335,"column":2},"end":{"line":418,"column":3}},"180":{"start":{"line":336,"column":27},"end":{"line":339,"column":5}},"181":{"start":{"line":342,"column":4},"end":{"line":344,"column":5}},"182":{"start":{"line":343,"column":6},"end":{"line":343,"column":45}},"183":{"start":{"line":346,"column":4},"end":{"line":346,"column":53}},"184":{"start":{"line":348,"column":4},"end":{"line":348,"column":42}},"185":{"start":{"line":349,"column":4},"end":{"line":351,"column":5}},"186":{"start":{"line":350,"column":6},"end":{"line":350,"column":75}},"187":{"start":{"line":353,"column":4},"end":{"line":358,"column":5}},"188":{"start":{"line":354,"column":6},"end":{"line":354,"column":67}},"189":{"start":{"line":355,"column":6},"end":{"line":357,"column":9}},"190":{"start":{"line":356,"column":8},"end":{"line":356,"column":55}},"191":{"start":{"line":360,"column":4},"end":{"line":360,"column":49}},"192":{"start":{"line":362,"column":22},"end":{"line":362,"column":83}},"193":{"start":{"line":363,"column":21},"end":{"line":363,"column":72}},"194":{"start":{"line":365,"column":6},"end":{"line":365,"column":84}},"195":{"start":{"line":370,"column":4},"end":{"line":402,"column":5}},"196":{"start":{"line":371,"column":6},"end":{"line":401,"column":7}},"197":{"start":{"line":372,"column":28},"end":{"line":372,"column":37}},"198":{"start":{"line":374,"column":8},"end":{"line":385,"column":9}},"199":{"start":{"line":375,"column":29},"end":{"line":375,"column":64}},"200":{"start":{"line":376,"column":31},"end":{"line":376,"column":68}},"201":{"start":{"line":377,"column":35},"end":{"line":377,"column":85}},"202":{"start":{"line":378,"column":36},"end":{"line":378,"column":81}},"203":{"start":{"line":380,"column":10},"end":{"line":382,"column":12}},"204":{"start":{"line":384,"column":10},"end":{"line":384,"column":86}},"205":{"start":{"line":387,"column":8},"end":{"line":397,"column":9}},"206":{"start":{"line":388,"column":10},"end":{"line":392,"column":12}},"207":{"start":{"line":393,"column":10},"end":{"line":393,"column":31}},"208":{"start":{"line":394,"column":10},"end":{"line":394,"column":59}},"209":{"start":{"line":396,"column":10},"end":{"line":396,"column":87}},"210":{"start":{"line":399,"column":8},"end":{"line":399,"column":69}},"211":{"start":{"line":400,"column":8},"end":{"line":400,"column":65}},"212":{"start":{"line":405,"column":4},"end":{"line":409,"column":5}},"213":{"start":{"line":406,"column":6},"end":{"line":406,"column":32}},"214":{"start":{"line":408,"column":6},"end":{"line":408,"column":75}},"215":{"start":{"line":411,"column":4},"end":{"line":411,"column":70}},"216":{"start":{"line":412,"column":4},"end":{"line":412,"column":60}},"217":{"start":{"line":413,"column":4},"end":{"line":416,"column":13}},"218":{"start":{"line":414,"column":6},"end":{"line":414,"column":36}},"219":{"start":{"line":415,"column":6},"end":{"line":415,"column":30}},"220":{"start":{"line":417,"column":4},"end":{"line":417,"column":11}},"221":{"start":{"line":420,"column":2},"end":{"line":420,"column":32}},"222":{"start":{"line":427,"column":2},"end":{"line":427,"column":80}},"223":{"start":{"line":429,"column":0},"end":{"line":431,"column":1}},"224":{"start":{"line":430,"column":2},"end":{"line":430,"column":26}},"225":{"start":{"line":433,"column":0},"end":{"line":433,"column":21}}},"fnMap":{"0":{"name":"(anonymous_0)","decl":{"start":{"line":68,"column":34},"end":{"line":68,"column":35}},"loc":{"start":{"line":68,"column":39},"end":{"line":68,"column":47}},"line":68},"1":{"name":"(anonymous_1)","decl":{"start":{"line":75,"column":10},"end":{"line":75,"column":11}},"loc":{"start":{"line":75,"column":26},"end":{"line":80,"column":3}},"line":75},"2":{"name":"getLocalIPv4Addresses","decl":{"start":{"line":91,"column":9},"end":{"line":91,"column":30}},"loc":{"start":{"line":91,"column":33},"end":{"line":102,"column":1}},"line":91},"3":{"name":"normalizeIp","decl":{"start":{"line":104,"column":9},"end":{"line":104,"column":20}},"loc":{"start":{"line":104,"column":25},"end":{"line":110,"column":1}},"line":104},"4":{"name":"classifyUserAgent","decl":{"start":{"line":112,"column":9},"end":{"line":112,"column":26}},"loc":{"start":{"line":112,"column":34},"end":{"line":119,"column":1}},"line":112},"5":{"name":"(anonymous_5)","decl":{"start":{"line":139,"column":8},"end":{"line":139,"column":9}},"loc":{"start":{"line":139,"column":28},"end":{"line":148,"column":1}},"line":139},"6":{"name":"(anonymous_6)","decl":{"start":{"line":168,"column":13},"end":{"line":168,"column":14}},"loc":{"start":{"line":168,"column":27},"end":{"line":174,"column":1}},"line":168},"7":{"name":"(anonymous_7)","decl":{"start":{"line":177,"column":19},"end":{"line":177,"column":20}},"loc":{"start":{"line":177,"column":33},"end":{"line":199,"column":1}},"line":177},"8":{"name":"(anonymous_8)","decl":{"start":{"line":202,"column":8},"end":{"line":202,"column":9}},"loc":{"start":{"line":202,"column":33},"end":{"line":209,"column":1}},"line":202},"9":{"name":"(anonymous_9)","decl":{"start":{"line":226,"column":20},"end":{"line":226,"column":21}},"loc":{"start":{"line":226,"column":32},"end":{"line":253,"column":1}},"line":226},"10":{"name":"(anonymous_10)","decl":{"start":{"line":242,"column":22},"end":{"line":242,"column":23}},"loc":{"start":{"line":242,"column":32},"end":{"line":248,"column":3}},"line":242},"11":{"name":"(anonymous_11)","decl":{"start":{"line":250,"column":26},"end":{"line":250,"column":27}},"loc":{"start":{"line":250,"column":32},"end":{"line":252,"column":3}},"line":250},"12":{"name":"(anonymous_12)","decl":{"start":{"line":257,"column":33},"end":{"line":257,"column":34}},"loc":{"start":{"line":257,"column":39},"end":{"line":277,"column":3}},"line":257},"13":{"name":"shutdown","decl":{"start":{"line":281,"column":9},"end":{"line":281,"column":17}},"loc":{"start":{"line":281,"column":26},"end":{"line":296,"column":1}},"line":281},"14":{"name":"(anonymous_14)","decl":{"start":{"line":285,"column":15},"end":{"line":285,"column":16}},"loc":{"start":{"line":285,"column":27},"end":{"line":292,"column":3}},"line":285},"15":{"name":"(anonymous_15)","decl":{"start":{"line":295,"column":13},"end":{"line":295,"column":14}},"loc":{"start":{"line":295,"column":19},"end":{"line":295,"column":34}},"line":295},"16":{"name":"(anonymous_16)","decl":{"start":{"line":298,"column":22},"end":{"line":298,"column":23}},"loc":{"start":{"line":298,"column":28},"end":{"line":298,"column":47}},"line":298},"17":{"name":"(anonymous_17)","decl":{"start":{"line":299,"column":21},"end":{"line":299,"column":22}},"loc":{"start":{"line":299,"column":27},"end":{"line":299,"column":45}},"line":299},"18":{"name":"(anonymous_18)","decl":{"start":{"line":301,"column":33},"end":{"line":301,"column":34}},"loc":{"start":{"line":301,"column":45},"end":{"line":303,"column":1}},"line":301},"19":{"name":"(anonymous_19)","decl":{"start":{"line":305,"column":32},"end":{"line":305,"column":33}},"loc":{"start":{"line":305,"column":41},"end":{"line":307,"column":1}},"line":305},"20":{"name":"getDbNameFromMongoUri","decl":{"start":{"line":313,"column":9},"end":{"line":313,"column":30}},"loc":{"start":{"line":313,"column":36},"end":{"line":317,"column":1}},"line":313},"21":{"name":"connectMongoWithRetry","decl":{"start":{"line":319,"column":15},"end":{"line":319,"column":36}},"loc":{"start":{"line":319,"column":39},"end":{"line":421,"column":1}},"line":319},"22":{"name":"(anonymous_22)","decl":{"start":{"line":355,"column":24},"end":{"line":355,"column":25}},"loc":{"start":{"line":355,"column":35},"end":{"line":357,"column":7}},"line":355},"23":{"name":"(anonymous_23)","decl":{"start":{"line":413,"column":15},"end":{"line":413,"column":16}},"loc":{"start":{"line":413,"column":21},"end":{"line":416,"column":5}},"line":413}},"branchMap":{"0":{"loc":{"start":{"line":11,"column":2},"end":{"line":13,"column":32}},"type":"binary-expr","locations":[{"start":{"line":11,"column":2},"end":{"line":11,"column":33}},{"start":{"line":12,"column":2},"end":{"line":12,"column":32}},{"start":{"line":13,"column":2},"end":{"line":13,"column":32}}],"line":11},"1":{"loc":{"start":{"line":16,"column":0},"end":{"line":18,"column":1}},"type":"if","locations":[{"start":{"line":16,"column":0},"end":{"line":18,"column":1}},{"start":{},"end":{}}],"line":16},"2":{"loc":{"start":{"line":16,"column":4},"end":{"line":16,"column":55}},"type":"binary-expr","locations":[{"start":{"line":16,"column":4},"end":{"line":16,"column":14}},{"start":{"line":16,"column":18},"end":{"line":16,"column":55}}],"line":16},"3":{"loc":{"start":{"line":44,"column":0},"end":{"line":47,"column":1}},"type":"if","locations":[{"start":{"line":44,"column":0},"end":{"line":47,"column":1}},{"start":{},"end":{}}],"line":44},"4":{"loc":{"start":{"line":52,"column":0},"end":{"line":55,"column":1}},"type":"if","locations":[{"start":{"line":52,"column":0},"end":{"line":55,"column":1}},{"start":{},"end":{}}],"line":52},"5":{"loc":{"start":{"line":66,"column":30},"end":{"line":66,"column":60}},"type":"binary-expr","locations":[{"start":{"line":66,"column":30},"end":{"line":66,"column":54}},{"start":{"line":66,"column":58},"end":{"line":66,"column":60}}],"line":66},"6":{"loc":{"start":{"line":67,"column":23},"end":{"line":69,"column":6}},"type":"cond-expr","locations":[{"start":{"line":68,"column":4},"end":{"line":68,"column":64}},{"start":{"line":69,"column":4},"end":{"line":69,"column":6}}],"line":67},"7":{"loc":{"start":{"line":72,"column":31},"end":{"line":72,"column":65}},"type":"binary-expr","locations":[{"start":{"line":72,"column":31},"end":{"line":72,"column":59}},{"start":{"line":72,"column":63},"end":{"line":72,"column":65}}],"line":72},"8":{"loc":{"start":{"line":76,"column":4},"end":{"line":76,"column":39}},"type":"if","locations":[{"start":{"line":76,"column":4},"end":{"line":76,"column":39}},{"start":{},"end":{}}],"line":76},"9":{"loc":{"start":{"line":77,"column":4},"end":{"line":77,"column":47}},"type":"if","locations":[{"start":{"line":77,"column":4},"end":{"line":77,"column":47}},{"start":{},"end":{}}],"line":77},"10":{"loc":{"start":{"line":78,"column":4},"end":{"line":78,"column":63}},"type":"if","locations":[{"start":{"line":78,"column":4},"end":{"line":78,"column":63}},{"start":{},"end":{}}],"line":78},"11":{"loc":{"start":{"line":95,"column":22},"end":{"line":95,"column":38}},"type":"binary-expr","locations":[{"start":{"line":95,"column":22},"end":{"line":95,"column":32}},{"start":{"line":95,"column":36},"end":{"line":95,"column":38}}],"line":95},"12":{"loc":{"start":{"line":96,"column":6},"end":{"line":98,"column":7}},"type":"if","locations":[{"start":{"line":96,"column":6},"end":{"line":98,"column":7}},{"start":{},"end":{}}],"line":96},"13":{"loc":{"start":{"line":96,"column":10},"end":{"line":96,"column":55}},"type":"binary-expr","locations":[{"start":{"line":96,"column":10},"end":{"line":96,"column":13}},{"start":{"line":96,"column":17},"end":{"line":96,"column":38}},{"start":{"line":96,"column":42},"end":{"line":96,"column":55}}],"line":96},"14":{"loc":{"start":{"line":105,"column":2},"end":{"line":105,"column":28}},"type":"if","locations":[{"start":{"line":105,"column":2},"end":{"line":105,"column":28}},{"start":{},"end":{}}],"line":105},"15":{"loc":{"start":{"line":109,"column":9},"end":{"line":109,"column":75}},"type":"cond-expr","locations":[{"start":{"line":109,"column":39},"end":{"line":109,"column":67}},{"start":{"line":109,"column":70},"end":{"line":109,"column":75}}],"line":109},"16":{"loc":{"start":{"line":113,"column":20},"end":{"line":113,"column":31}},"type":"binary-expr","locations":[{"start":{"line":113,"column":20},"end":{"line":113,"column":25}},{"start":{"line":113,"column":29},"end":{"line":113,"column":31}}],"line":113},"17":{"loc":{"start":{"line":114,"column":2},"end":{"line":114,"column":28}},"type":"if","locations":[{"start":{"line":114,"column":2},"end":{"line":114,"column":28}},{"start":{},"end":{}}],"line":114},"18":{"loc":{"start":{"line":115,"column":2},"end":{"line":115,"column":122}},"type":"if","locations":[{"start":{"line":115,"column":2},"end":{"line":115,"column":122}},{"start":{},"end":{}}],"line":115},"19":{"loc":{"start":{"line":115,"column":6},"end":{"line":115,"column":100}},"type":"binary-expr","locations":[{"start":{"line":115,"column":6},"end":{"line":115,"column":25}},{"start":{"line":115,"column":29},"end":{"line":115,"column":50}},{"start":{"line":115,"column":54},"end":{"line":115,"column":78}},{"start":{"line":115,"column":82},"end":{"line":115,"column":100}}],"line":115},"20":{"loc":{"start":{"line":116,"column":2},"end":{"line":116,"column":150}},"type":"if","locations":[{"start":{"line":116,"column":2},"end":{"line":116,"column":150}},{"start":{},"end":{}}],"line":116},"21":{"loc":{"start":{"line":116,"column":6},"end":{"line":116,"column":127}},"type":"binary-expr","locations":[{"start":{"line":116,"column":6},"end":{"line":116,"column":28}},{"start":{"line":116,"column":32},"end":{"line":116,"column":53}},{"start":{"line":116,"column":57},"end":{"line":116,"column":78}},{"start":{"line":116,"column":82},"end":{"line":116,"column":104}},{"start":{"line":116,"column":108},"end":{"line":116,"column":127}}],"line":116},"22":{"loc":{"start":{"line":117,"column":2},"end":{"line":117,"column":100}},"type":"if","locations":[{"start":{"line":117,"column":2},"end":{"line":117,"column":100}},{"start":{},"end":{}}],"line":117},"23":{"loc":{"start":{"line":117,"column":6},"end":{"line":117,"column":78}},"type":"binary-expr","locations":[{"start":{"line":117,"column":6},"end":{"line":117,"column":28}},{"start":{"line":117,"column":32},"end":{"line":117,"column":55}},{"start":{"line":117,"column":59},"end":{"line":117,"column":78}}],"line":117},"24":{"loc":{"start":{"line":140,"column":25},"end":{"line":140,"column":87}},"type":"binary-expr","locations":[{"start":{"line":140,"column":25},"end":{"line":140,"column":55}},{"start":{"line":140,"column":59},"end":{"line":140,"column":87}}],"line":140},"25":{"loc":{"start":{"line":141,"column":20},"end":{"line":141,"column":54}},"type":"binary-expr","locations":[{"start":{"line":141,"column":20},"end":{"line":141,"column":45}},{"start":{"line":141,"column":49},"end":{"line":141,"column":54}}],"line":141},"26":{"loc":{"start":{"line":142,"column":17},"end":{"line":142,"column":44}},"type":"binary-expr","locations":[{"start":{"line":142,"column":17},"end":{"line":142,"column":35}},{"start":{"line":142,"column":39},"end":{"line":142,"column":44}}],"line":142},"27":{"loc":{"start":{"line":182,"column":9},"end":{"line":182,"column":42}},"type":"binary-expr","locations":[{"start":{"line":182,"column":9},"end":{"line":182,"column":29}},{"start":{"line":182,"column":33},"end":{"line":182,"column":42}}],"line":182},"28":{"loc":{"start":{"line":190,"column":8},"end":{"line":196,"column":25}},"type":"cond-expr","locations":[{"start":{"line":191,"column":12},"end":{"line":191,"column":23}},{"start":{"line":192,"column":12},"end":{"line":196,"column":25}}],"line":190},"29":{"loc":{"start":{"line":192,"column":12},"end":{"line":196,"column":25}},"type":"cond-expr","locations":[{"start":{"line":193,"column":14},"end":{"line":193,"column":26}},{"start":{"line":194,"column":14},"end":{"line":196,"column":25}}],"line":192},"30":{"loc":{"start":{"line":194,"column":14},"end":{"line":196,"column":25}},"type":"cond-expr","locations":[{"start":{"line":195,"column":16},"end":{"line":195,"column":30}},{"start":{"line":196,"column":16},"end":{"line":196,"column":25}}],"line":194},"31":{"loc":{"start":{"line":204,"column":13},"end":{"line":204,"column":30}},"type":"binary-expr","locations":[{"start":{"line":204,"column":13},"end":{"line":204,"column":23}},{"start":{"line":204,"column":27},"end":{"line":204,"column":30}}],"line":204},"32":{"loc":{"start":{"line":206,"column":13},"end":{"line":206,"column":51}},"type":"binary-expr","locations":[{"start":{"line":206,"column":13},"end":{"line":206,"column":24}},{"start":{"line":206,"column":28},"end":{"line":206,"column":51}}],"line":206},"33":{"loc":{"start":{"line":207,"column":11},"end":{"line":207,"column":60}},"type":"cond-expr","locations":[{"start":{"line":207,"column":52},"end":{"line":207,"column":55}},{"start":{"line":207,"column":58},"end":{"line":207,"column":60}}],"line":207},"34":{"loc":{"start":{"line":213,"column":20},"end":{"line":213,"column":44}},"type":"binary-expr","locations":[{"start":{"line":213,"column":20},"end":{"line":213,"column":36}},{"start":{"line":213,"column":40},"end":{"line":213,"column":44}}],"line":213},"35":{"loc":{"start":{"line":218,"column":12},"end":{"line":218,"column":50}},"type":"cond-expr","locations":[{"start":{"line":218,"column":30},"end":{"line":218,"column":33}},{"start":{"line":218,"column":36},"end":{"line":218,"column":50}}],"line":218},"36":{"loc":{"start":{"line":227,"column":31},"end":{"line":227,"column":102}},"type":"binary-expr","locations":[{"start":{"line":227,"column":31},"end":{"line":227,"column":74}},{"start":{"line":227,"column":78},"end":{"line":227,"column":102}}],"line":227},"37":{"loc":{"start":{"line":229,"column":17},"end":{"line":229,"column":58}},"type":"binary-expr","locations":[{"start":{"line":229,"column":17},"end":{"line":229,"column":49}},{"start":{"line":229,"column":53},"end":{"line":229,"column":58}}],"line":229},"38":{"loc":{"start":{"line":230,"column":20},"end":{"line":230,"column":69}},"type":"binary-expr","locations":[{"start":{"line":230,"column":20},"end":{"line":230,"column":60}},{"start":{"line":230,"column":64},"end":{"line":230,"column":69}}],"line":230},"39":{"loc":{"start":{"line":234,"column":124},"end":{"line":234,"column":139}},"type":"binary-expr","locations":[{"start":{"line":234,"column":124},"end":{"line":234,"column":130}},{"start":{"line":234,"column":134},"end":{"line":234,"column":139}}],"line":234},"40":{"loc":{"start":{"line":237,"column":2},"end":{"line":239,"column":3}},"type":"if","locations":[{"start":{"line":237,"column":2},"end":{"line":239,"column":3}},{"start":{},"end":{}}],"line":237},"41":{"loc":{"start":{"line":243,"column":4},"end":{"line":243,"column":24}},"type":"if","locations":[{"start":{"line":243,"column":4},"end":{"line":243,"column":24}},{"start":{},"end":{}}],"line":243},"42":{"loc":{"start":{"line":246,"column":4},"end":{"line":246,"column":28}},"type":"if","locations":[{"start":{"line":246,"column":4},"end":{"line":246,"column":28}},{"start":{},"end":{}}],"line":246},"43":{"loc":{"start":{"line":255,"column":18},"end":{"line":255,"column":81}},"type":"binary-expr","locations":[{"start":{"line":255,"column":18},"end":{"line":255,"column":49}},{"start":{"line":255,"column":53},"end":{"line":255,"column":81}}],"line":255},"44":{"loc":{"start":{"line":256,"column":0},"end":{"line":278,"column":1}},"type":"if","locations":[{"start":{"line":256,"column":0},"end":{"line":278,"column":1}},{"start":{},"end":{}}],"line":256},"45":{"loc":{"start":{"line":262,"column":4},"end":{"line":269,"column":5}},"type":"if","locations":[{"start":{"line":262,"column":4},"end":{"line":269,"column":5}},{"start":{"line":267,"column":11},"end":{"line":269,"column":5}}],"line":262},"46":{"loc":{"start":{"line":271,"column":4},"end":{"line":276,"column":5}},"type":"if","locations":[{"start":{"line":271,"column":4},"end":{"line":276,"column":5}},{"start":{"line":273,"column":11},"end":{"line":276,"column":5}}],"line":271},"47":{"loc":{"start":{"line":310,"column":17},"end":{"line":310,"column":65}},"type":"binary-expr","locations":[{"start":{"line":310,"column":17},"end":{"line":310,"column":40}},{"start":{"line":310,"column":44},"end":{"line":310,"column":65}}],"line":310},"48":{"loc":{"start":{"line":314,"column":2},"end":{"line":314,"column":24}},"type":"if","locations":[{"start":{"line":314,"column":2},"end":{"line":314,"column":24}},{"start":{},"end":{}}],"line":314},"49":{"loc":{"start":{"line":316,"column":9},"end":{"line":316,"column":57}},"type":"cond-expr","locations":[{"start":{"line":316,"column":22},"end":{"line":316,"column":50}},{"start":{"line":316,"column":53},"end":{"line":316,"column":57}}],"line":316},"50":{"loc":{"start":{"line":320,"column":2},"end":{"line":320,"column":36}},"type":"if","locations":[{"start":{"line":320,"column":2},"end":{"line":320,"column":36}},{"start":{},"end":{}}],"line":320},"51":{"loc":{"start":{"line":321,"column":2},"end":{"line":324,"column":3}},"type":"if","locations":[{"start":{"line":321,"column":2},"end":{"line":324,"column":3}},{"start":{},"end":{}}],"line":321},"52":{"loc":{"start":{"line":326,"column":18},"end":{"line":326,"column":88}},"type":"binary-expr","locations":[{"start":{"line":326,"column":18},"end":{"line":326,"column":48}},{"start":{"line":326,"column":52},"end":{"line":326,"column":88}}],"line":326},"53":{"loc":{"start":{"line":328,"column":32},"end":{"line":328,"column":65}},"type":"binary-expr","locations":[{"start":{"line":328,"column":32},"end":{"line":328,"column":59}},{"start":{"line":328,"column":63},"end":{"line":328,"column":65}}],"line":328},"54":{"loc":{"start":{"line":329,"column":25},"end":{"line":329,"column":70}},"type":"binary-expr","locations":[{"start":{"line":329,"column":25},"end":{"line":329,"column":39}},{"start":{"line":329,"column":43},"end":{"line":329,"column":52}},{"start":{"line":329,"column":56},"end":{"line":329,"column":70}}],"line":329},"55":{"loc":{"start":{"line":331,"column":42},"end":{"line":331,"column":64}},"type":"cond-expr","locations":[{"start":{"line":331,"column":52},"end":{"line":331,"column":57}},{"start":{"line":331,"column":60},"end":{"line":331,"column":64}}],"line":331},"56":{"loc":{"start":{"line":342,"column":4},"end":{"line":344,"column":5}},"type":"if","locations":[{"start":{"line":342,"column":4},"end":{"line":344,"column":5}},{"start":{},"end":{}}],"line":342},"57":{"loc":{"start":{"line":342,"column":8},"end":{"line":342,"column":36}},"type":"binary-expr","locations":[{"start":{"line":342,"column":8},"end":{"line":342,"column":22}},{"start":{"line":342,"column":26},"end":{"line":342,"column":36}}],"line":342},"58":{"loc":{"start":{"line":349,"column":4},"end":{"line":351,"column":5}},"type":"if","locations":[{"start":{"line":349,"column":4},"end":{"line":351,"column":5}},{"start":{},"end":{}}],"line":349},"59":{"loc":{"start":{"line":353,"column":4},"end":{"line":358,"column":5}},"type":"if","locations":[{"start":{"line":353,"column":4},"end":{"line":358,"column":5}},{"start":{},"end":{}}],"line":353},"60":{"loc":{"start":{"line":362,"column":29},"end":{"line":362,"column":57}},"type":"binary-expr","locations":[{"start":{"line":362,"column":29},"end":{"line":362,"column":51}},{"start":{"line":362,"column":55},"end":{"line":362,"column":57}}],"line":362},"61":{"loc":{"start":{"line":363,"column":21},"end":{"line":363,"column":72}},"type":"binary-expr","locations":[{"start":{"line":363,"column":21},"end":{"line":363,"column":31}},{"start":{"line":363,"column":35},"end":{"line":363,"column":72}}],"line":363},"62":{"loc":{"start":{"line":365,"column":6},"end":{"line":365,"column":84}},"type":"binary-expr","locations":[{"start":{"line":365,"column":6},"end":{"line":365,"column":72}},{"start":{"line":365,"column":76},"end":{"line":365,"column":84}}],"line":365},"63":{"loc":{"start":{"line":365,"column":13},"end":{"line":365,"column":46}},"type":"binary-expr","locations":[{"start":{"line":365,"column":13},"end":{"line":365,"column":40}},{"start":{"line":365,"column":44},"end":{"line":365,"column":46}}],"line":365},"64":{"loc":{"start":{"line":370,"column":4},"end":{"line":402,"column":5}},"type":"if","locations":[{"start":{"line":370,"column":4},"end":{"line":402,"column":5}},{"start":{},"end":{}}],"line":370},"65":{"loc":{"start":{"line":370,"column":8},"end":{"line":370,"column":34}},"type":"binary-expr","locations":[{"start":{"line":370,"column":8},"end":{"line":370,"column":17}},{"start":{"line":370,"column":21},"end":{"line":370,"column":34}}],"line":370},"66":{"loc":{"start":{"line":374,"column":8},"end":{"line":385,"column":9}},"type":"if","locations":[{"start":{"line":374,"column":8},"end":{"line":385,"column":9}},{"start":{},"end":{}}],"line":374},"67":{"loc":{"start":{"line":381,"column":87},"end":{"line":381,"column":118}},"type":"cond-expr","locations":[{"start":{"line":381,"column":106},"end":{"line":381,"column":111}},{"start":{"line":381,"column":114},"end":{"line":381,"column":118}}],"line":381},"68":{"loc":{"start":{"line":381,"column":129},"end":{"line":381,"column":161}},"type":"cond-expr","locations":[{"start":{"line":381,"column":149},"end":{"line":381,"column":154}},{"start":{"line":381,"column":157},"end":{"line":381,"column":161}}],"line":381},"69":{"loc":{"start":{"line":384,"column":26},"end":{"line":384,"column":85}},"type":"binary-expr","locations":[{"start":{"line":384,"column":26},"end":{"line":384,"column":42}},{"start":{"line":384,"column":46},"end":{"line":384,"column":63}},{"start":{"line":384,"column":67},"end":{"line":384,"column":85}}],"line":384},"70":{"loc":{"start":{"line":387,"column":8},"end":{"line":397,"column":9}},"type":"if","locations":[{"start":{"line":387,"column":8},"end":{"line":397,"column":9}},{"start":{"line":395,"column":15},"end":{"line":397,"column":9}}],"line":387},"71":{"loc":{"start":{"line":389,"column":12},"end":{"line":391,"column":76}},"type":"cond-expr","locations":[{"start":{"line":390,"column":16},"end":{"line":390,"column":66}},{"start":{"line":391,"column":16},"end":{"line":391,"column":76}}],"line":389},"72":{"loc":{"start":{"line":411,"column":49},"end":{"line":411,"column":68}},"type":"binary-expr","locations":[{"start":{"line":411,"column":49},"end":{"line":411,"column":61}},{"start":{"line":411,"column":65},"end":{"line":411,"column":68}}],"line":411},"73":{"loc":{"start":{"line":427,"column":9},"end":{"line":427,"column":54}},"type":"binary-expr","locations":[{"start":{"line":427,"column":9},"end":{"line":427,"column":48}},{"start":{"line":427,"column":52},"end":{"line":427,"column":54}}],"line":427},"74":{"loc":{"start":{"line":429,"column":0},"end":{"line":431,"column":1}},"type":"if","locations":[{"start":{"line":429,"column":0},"end":{"line":431,"column":1}},{"start":{},"end":{}}],"line":429},"75":{"loc":{"start":{"line":429,"column":4},"end":{"line":429,"column":41}},"type":"binary-expr","locations":[{"start":{"line":429,"column":4},"end":{"line":429,"column":14}},{"start":{"line":429,"column":18},"end":{"line":429,"column":41}}],"line":429}},"s":{"0":2,"1":2,"2":2,"3":2,"4":2,"5":2,"6":2,"7":2,"8":2,"9":2,"10":2,"11":2,"12":2,"13":2,"14":2,"15":2,"16":2,"17":2,"18":2,"19":2,"20":2,"21":2,"22":2,"23":2,"24":2,"25":2,"26":2,"27":2,"28":2,"29":2,"30":2,"31":0,"32":0,"33":2,"34":2,"35":2,"36":0,"37":0,"38":2,"39":2,"40":2,"41":0,"42":2,"43":2,"44":2,"45":4,"46":4,"47":0,"48":0,"49":0,"50":0,"51":0,"52":2,"53":2,"54":2,"55":2,"56":0,"57":0,"58":0,"59":0,"60":0,"61":0,"62":0,"63":4,"64":0,"65":4,"66":4,"67":4,"68":4,"69":0,"70":4,"71":0,"72":4,"73":0,"74":4,"75":0,"76":4,"77":2,"78":2,"79":2,"80":4,"81":4,"82":4,"83":4,"84":4,"85":4,"86":2,"87":2,"88":2,"89":2,"90":2,"91":2,"92":2,"93":2,"94":2,"95":2,"96":2,"97":2,"98":2,"99":2,"100":2,"101":2,"102":0,"103":2,"104":1,"105":2,"106":0,"107":0,"108":2,"109":2,"110":2,"111":2,"112":2,"113":0,"114":0,"115":0,"116":0,"117":0,"118":0,"119":0,"120":0,"121":0,"122":0,"123":0,"124":0,"125":0,"126":0,"127":0,"128":0,"129":0,"130":0,"131":2,"132":2,"133":0,"134":0,"135":0,"136":0,"137":0,"138":0,"139":0,"140":0,"141":0,"142":0,"143":0,"144":0,"145":0,"146":0,"147":0,"148":0,"149":0,"150":0,"151":0,"152":0,"153":0,"154":2,"155":0,"156":2,"157":0,"158":2,"159":0,"160":2,"161":0,"162":2,"163":2,"164":0,"165":0,"166":0,"167":0,"168":0,"169":0,"170":0,"171":0,"172":0,"173":0,"174":0,"175":0,"176":0,"177":0,"178":0,"179":0,"180":0,"181":0,"182":0,"183":0,"184":0,"185":0,"186":0,"187":0,"188":0,"189":0,"190":0,"191":0,"192":0,"193":0,"194":0,"195":0,"196":0,"197":0,"198":0,"199":0,"200":0,"201":0,"202":0,"203":0,"204":0,"205":0,"206":0,"207":0,"208":0,"209":0,"210":0,"211":0,"212":0,"213":0,"214":0,"215":0,"216":0,"217":0,"218":0,"219":0,"220":0,"221":0,"222":2,"223":2,"224":0,"225":2},"f":{"0":0,"1":4,"2":0,"3":4,"4":4,"5":4,"6":0,"7":1,"8":0,"9":0,"10":0,"11":0,"12":0,"13":0,"14":0,"15":0,"16":0,"17":0,"18":0,"19":0,"20":0,"21":0,"22":0,"23":0},"b":{"0":[2,2,2],"1":[2,0],"2":[2,2],"3":[0,2],"4":[0,2],"5":[2,2],"6":[0,2],"7":[2,2],"8":[4,0],"9":[0,0],"10":[0,0],"11":[0,0],"12":[0,0],"13":[0,0,0],"14":[0,4],"15":[4,0],"16":[4,0],"17":[0,4],"18":[0,4],"19":[4,4,4,4],"20":[0,4],"21":[4,4,4,4,4],"22":[0,4],"23":[4,4,4],"24":[4,4],"25":[4,4],"26":[4,4],"27":[1,0],"28":[0,1],"29":[0,1],"30":[1,0],"31":[0,0],"32":[0,0],"33":[0,0],"34":[2,0],"35":[2,0],"36":[0,0],"37":[0,0],"38":[0,0],"39":[0,0],"40":[0,0],"41":[0,0],"42":[0,0],"43":[2,0],"44":[0,2],"45":[0,0],"46":[0,0],"47":[2,0],"48":[0,0],"49":[0,0],"50":[0,0],"51":[0,0],"52":[0,0],"53":[0,0],"54":[0,0,0],"55":[0,0],"56":[0,0],"57":[0,0],"58":[0,0],"59":[0,0],"60":[0,0],"61":[0,0],"62":[0,0],"63":[0,0],"64":[0,0],"65":[0,0],"66":[0,0],"67":[0,0],"68":[0,0],"69":[0,0,0],"70":[0,0],"71":[0,0],"72":[0,0],"73":[2,2],"74":[0,2],"75":[2,2]},"_coverageSchema":"1a1c01bbd47fc00a2c39e90264f33305004495a9","hash":"4819e90a28822cda94fd769d323fd60ae2bc0f35"}
,"C:\\Users\\VICTUS\\Desktop\\BEST\\backend\\middleware\\auth.js": {"path":"C:\\Users\\VICTUS\\Desktop\\BEST\\backend\\middleware\\auth.js","statementMap":{"0":{"start":{"line":1,"column":12},"end":{"line":1,"column":35}},"1":{"start":{"line":2,"column":13},"end":{"line":2,"column":38}},"2":{"start":{"line":4,"column":0},"end":{"line":54,"column":2}},"3":{"start":{"line":5,"column":2},"end":{"line":53,"column":3}},"4":{"start":{"line":6,"column":4},"end":{"line":6,"column":90}},"5":{"start":{"line":7,"column":4},"end":{"line":7,"column":86}},"6":{"start":{"line":12,"column":4},"end":{"line":15,"column":5}},"7":{"start":{"line":13,"column":6},"end":{"line":13,"column":88}},"8":{"start":{"line":14,"column":6},"end":{"line":14,"column":20}},"9":{"start":{"line":17,"column":4},"end":{"line":20,"column":5}},"10":{"start":{"line":18,"column":6},"end":{"line":18,"column":54}},"11":{"start":{"line":19,"column":6},"end":{"line":19,"column":70}},"12":{"start":{"line":22,"column":4},"end":{"line":28,"column":5}},"13":{"start":{"line":23,"column":6},"end":{"line":23,"column":67}},"14":{"start":{"line":24,"column":6},"end":{"line":27,"column":9}},"15":{"start":{"line":30,"column":4},"end":{"line":30,"column":63}},"16":{"start":{"line":31,"column":20},"end":{"line":31,"column":61}},"17":{"start":{"line":32,"column":4},"end":{"line":32,"column":74}},"18":{"start":{"line":34,"column":4},"end":{"line":34,"column":71}},"19":{"start":{"line":35,"column":4},"end":{"line":35,"column":47}},"20":{"start":{"line":37,"column":4},"end":{"line":43,"column":5}},"21":{"start":{"line":38,"column":6},"end":{"line":38,"column":88}},"22":{"start":{"line":39,"column":6},"end":{"line":42,"column":9}},"23":{"start":{"line":45,"column":4},"end":{"line":45,"column":104}},"24":{"start":{"line":46,"column":4},"end":{"line":46,"column":11}},"25":{"start":{"line":48,"column":4},"end":{"line":48,"column":83}},"26":{"start":{"line":49,"column":4},"end":{"line":52,"column":7}},"27":{"start":{"line":56,"column":0},"end":{"line":66,"column":2}},"28":{"start":{"line":57,"column":2},"end":{"line":65,"column":4}},"29":{"start":{"line":58,"column":4},"end":{"line":63,"column":5}},"30":{"start":{"line":59,"column":6},"end":{"line":62,"column":9}},"31":{"start":{"line":64,"column":4},"end":{"line":64,"column":11}},"32":{"start":{"line":68,"column":0},"end":{"line":76,"column":2}},"33":{"start":{"line":69,"column":2},"end":{"line":74,"column":3}},"34":{"start":{"line":70,"column":4},"end":{"line":73,"column":7}},"35":{"start":{"line":75,"column":2},"end":{"line":75,"column":9}}},"fnMap":{"0":{"name":"(anonymous_0)","decl":{"start":{"line":4,"column":18},"end":{"line":4,"column":19}},"loc":{"start":{"line":4,"column":44},"end":{"line":54,"column":1}},"line":4},"1":{"name":"(anonymous_1)","decl":{"start":{"line":56,"column":20},"end":{"line":56,"column":21}},"loc":{"start":{"line":56,"column":34},"end":{"line":66,"column":1}},"line":56},"2":{"name":"(anonymous_2)","decl":{"start":{"line":57,"column":9},"end":{"line":57,"column":10}},"loc":{"start":{"line":57,"column":29},"end":{"line":65,"column":3}},"line":57},"3":{"name":"(anonymous_3)","decl":{"start":{"line":68,"column":35},"end":{"line":68,"column":36}},"loc":{"start":{"line":68,"column":55},"end":{"line":76,"column":1}},"line":68}},"branchMap":{"0":{"loc":{"start":{"line":12,"column":4},"end":{"line":15,"column":5}},"type":"if","locations":[{"start":{"line":12,"column":4},"end":{"line":15,"column":5}},{"start":{},"end":{}}],"line":12},"1":{"loc":{"start":{"line":12,"column":8},"end":{"line":12,"column":52}},"type":"binary-expr","locations":[{"start":{"line":12,"column":8},"end":{"line":12,"column":27}},{"start":{"line":12,"column":31},"end":{"line":12,"column":52}}],"line":12},"2":{"loc":{"start":{"line":17,"column":4},"end":{"line":20,"column":5}},"type":"if","locations":[{"start":{"line":17,"column":4},"end":{"line":20,"column":5}},{"start":{},"end":{}}],"line":17},"3":{"loc":{"start":{"line":17,"column":8},"end":{"line":17,"column":83}},"type":"binary-expr","locations":[{"start":{"line":17,"column":8},"end":{"line":17,"column":33}},{"start":{"line":17,"column":37},"end":{"line":17,"column":83}}],"line":17},"4":{"loc":{"start":{"line":22,"column":4},"end":{"line":28,"column":5}},"type":"if","locations":[{"start":{"line":22,"column":4},"end":{"line":28,"column":5}},{"start":{},"end":{}}],"line":22},"5":{"loc":{"start":{"line":37,"column":4},"end":{"line":43,"column":5}},"type":"if","locations":[{"start":{"line":37,"column":4},"end":{"line":43,"column":5}},{"start":{},"end":{}}],"line":37},"6":{"loc":{"start":{"line":58,"column":4},"end":{"line":63,"column":5}},"type":"if","locations":[{"start":{"line":58,"column":4},"end":{"line":63,"column":5}},{"start":{},"end":{}}],"line":58},"7":{"loc":{"start":{"line":69,"column":2},"end":{"line":74,"column":3}},"type":"if","locations":[{"start":{"line":69,"column":2},"end":{"line":74,"column":3}},{"start":{},"end":{}}],"line":69}},"s":{"0":3,"1":3,"2":3,"3":2,"4":2,"5":2,"6":2,"7":0,"8":0,"9":2,"10":0,"11":0,"12":2,"13":2,"14":2,"15":0,"16":0,"17":0,"18":0,"19":0,"20":0,"21":0,"22":0,"23":0,"24":0,"25":0,"26":0,"27":3,"28":100,"29":2,"30":1,"31":1,"32":3,"33":0,"34":0,"35":0},"f":{"0":2,"1":100,"2":2,"3":0},"b":{"0":[0,2],"1":[2,0],"2":[0,2],"3":[2,0],"4":[2,0],"5":[0,0],"6":[1,1],"7":[0,0]},"_coverageSchema":"1a1c01bbd47fc00a2c39e90264f33305004495a9","hash":"b200a18c36fb148d281ab6fb149500ec7424490e"}
,"C:\\Users\\VICTUS\\Desktop\\BEST\\backend\\models\\Center.js": {"path":"C:\\Users\\VICTUS\\Desktop\\BEST\\backend\\models\\Center.js","statementMap":{"0":{"start":{"line":1,"column":17},"end":{"line":1,"column":36}},"1":{"start":{"line":3,"column":21},"end":{"line":53,"column":2}},"2":{"start":{"line":56,"column":0},"end":{"line":58,"column":3}},"3":{"start":{"line":57,"column":4},"end":{"line":57,"column":58}},"4":{"start":{"line":61,"column":0},"end":{"line":61,"column":37}},"5":{"start":{"line":62,"column":0},"end":{"line":62,"column":33}},"6":{"start":{"line":64,"column":0},"end":{"line":64,"column":56}}},"fnMap":{"0":{"name":"(anonymous_0)","decl":{"start":{"line":56,"column":44},"end":{"line":56,"column":45}},"loc":{"start":{"line":56,"column":56},"end":{"line":58,"column":1}},"line":56}},"branchMap":{"0":{"loc":{"start":{"line":57,"column":11},"end":{"line":57,"column":57}},"type":"cond-expr","locations":[{"start":{"line":57,"column":30},"end":{"line":57,"column":53}},{"start":{"line":57,"column":56},"end":{"line":57,"column":57}}],"line":57}},"s":{"0":2,"1":2,"2":2,"3":0,"4":2,"5":2,"6":2},"f":{"0":0},"b":{"0":[0,0]},"_coverageSchema":"1a1c01bbd47fc00a2c39e90264f33305004495a9","hash":"6e4ce4acb769d451c47836b869d8a360cf087b1d"}
,"C:\\Users\\VICTUS\\Desktop\\BEST\\backend\\models\\Child.js": {"path":"C:\\Users\\VICTUS\\Desktop\\BEST\\backend\\models\\Child.js","statementMap":{"0":{"start":{"line":1,"column":17},"end":{"line":1,"column":36}},"1":{"start":{"line":3,"column":20},"end":{"line":96,"column":2}},"2":{"start":{"line":99,"column":0},"end":{"line":110,"column":3}},"3":{"start":{"line":100,"column":2},"end":{"line":103,"column":3}},"4":{"start":{"line":101,"column":18},"end":{"line":101,"column":57}},"5":{"start":{"line":102,"column":4},"end":{"line":102,"column":62}},"6":{"start":{"line":106,"column":2},"end":{"line":108,"column":3}},"7":{"start":{"line":107,"column":4},"end":{"line":107,"column":73}},"8":{"start":{"line":109,"column":2},"end":{"line":109,"column":9}},"9":{"start":{"line":112,"column":0},"end":{"line":112,"column":54}}},"fnMap":{"0":{"name":"(anonymous_0)","decl":{"start":{"line":99,"column":24},"end":{"line":99,"column":25}},"loc":{"start":{"line":99,"column":46},"end":{"line":110,"column":1}},"line":99}},"branchMap":{"0":{"loc":{"start":{"line":100,"column":2},"end":{"line":103,"column":3}},"type":"if","locations":[{"start":{"line":100,"column":2},"end":{"line":103,"column":3}},{"start":{},"end":{}}],"line":100},"1":{"loc":{"start":{"line":100,"column":6},"end":{"line":100,"column":33}},"type":"binary-expr","locations":[{"start":{"line":100,"column":6},"end":{"line":100,"column":16}},{"start":{"line":100,"column":20},"end":{"line":100,"column":33}}],"line":100},"2":{"loc":{"start":{"line":106,"column":2},"end":{"line":108,"column":3}},"type":"if","locations":[{"start":{"line":106,"column":2},"end":{"line":108,"column":3}},{"start":{},"end":{}}],"line":106},"3":{"loc":{"start":{"line":106,"column":6},"end":{"line":106,"column":34}},"type":"binary-expr","locations":[{"start":{"line":106,"column":6},"end":{"line":106,"column":16}},{"start":{"line":106,"column":20},"end":{"line":106,"column":34}}],"line":106},"4":{"loc":{"start":{"line":107,"column":20},"end":{"line":107,"column":72}},"type":"cond-expr","locations":[{"start":{"line":107,"column":47},"end":{"line":107,"column":58}},{"start":{"line":107,"column":61},"end":{"line":107,"column":72}}],"line":107}},"s":{"0":2,"1":2,"2":2,"3":0,"4":0,"5":0,"6":0,"7":0,"8":0,"9":2},"f":{"0":0},"b":{"0":[0,0],"1":[0,0],"2":[0,0],"3":[0,0],"4":[0,0]},"_coverageSchema":"1a1c01bbd47fc00a2c39e90264f33305004495a9","hash":"23193cd13a87b8d29fb512676f65c8b7975ad3dc"}
,"C:\\Users\\VICTUS\\Desktop\\BEST\\backend\\models\\DeviceToken.js": {"path":"C:\\Users\\VICTUS\\Desktop\\BEST\\backend\\models\\DeviceToken.js","statementMap":{"0":{"start":{"line":1,"column":17},"end":{"line":1,"column":36}},"1":{"start":{"line":3,"column":26},"end":{"line":27,"column":1}},"2":{"start":{"line":29,"column":0},"end":{"line":29,"column":65}},"3":{"start":{"line":31,"column":0},"end":{"line":31,"column":66}}},"fnMap":{},"branchMap":{},"s":{"0":2,"1":2,"2":2,"3":2},"f":{},"b":{},"_coverageSchema":"1a1c01bbd47fc00a2c39e90264f33305004495a9","hash":"9f87e84fee6a0aadc243b1f5e25d86c3c7ffa68e"}
,"C:\\Users\\VICTUS\\Desktop\\BEST\\backend\\models\\Exercise.js": {"path":"C:\\Users\\VICTUS\\Desktop\\BEST\\backend\\models\\Exercise.js","statementMap":{"0":{"start":{"line":1,"column":17},"end":{"line":1,"column":36}},"1":{"start":{"line":3,"column":26},"end":{"line":9,"column":17}},"2":{"start":{"line":11,"column":23},"end":{"line":57,"column":2}},"3":{"start":{"line":60,"column":0},"end":{"line":63,"column":2}},"4":{"start":{"line":65,"column":0},"end":{"line":65,"column":60}}},"fnMap":{},"branchMap":{},"s":{"0":2,"1":2,"2":2,"3":2,"4":2},"f":{},"b":{},"_coverageSchema":"1a1c01bbd47fc00a2c39e90264f33305004495a9","hash":"fee7a2cb4fd17224e7d59fbfc330544364b6a3e6"}
,"C:\\Users\\VICTUS\\Desktop\\BEST\\backend\\models\\LinkRequest.js": {"path":"C:\\Users\\VICTUS\\Desktop\\BEST\\backend\\models\\LinkRequest.js","statementMap":{"0":{"start":{"line":1,"column":17},"end":{"line":1,"column":36}},"1":{"start":{"line":3,"column":26},"end":{"line":31,"column":2}},"2":{"start":{"line":34,"column":0},"end":{"line":34,"column":65}},"3":{"start":{"line":36,"column":0},"end":{"line":36,"column":66}}},"fnMap":{},"branchMap":{},"s":{"0":2,"1":2,"2":2,"3":2},"f":{},"b":{},"_coverageSchema":"1a1c01bbd47fc00a2c39e90264f33305004495a9","hash":"695bde2054eb1d1c0ccd176dca4ed744233a6461"}
,"C:\\Users\\VICTUS\\Desktop\\BEST\\backend\\models\\Message.js": {"path":"C:\\Users\\VICTUS\\Desktop\\BEST\\backend\\models\\Message.js","statementMap":{"0":{"start":{"line":1,"column":17},"end":{"line":1,"column":36}},"1":{"start":{"line":3,"column":22},"end":{"line":29,"column":2}},"2":{"start":{"line":32,"column":0},"end":{"line":32,"column":48}},"3":{"start":{"line":33,"column":0},"end":{"line":33,"column":39}},"4":{"start":{"line":35,"column":0},"end":{"line":35,"column":58}}},"fnMap":{},"branchMap":{},"s":{"0":2,"1":2,"2":2,"3":2,"4":2},"f":{},"b":{},"_coverageSchema":"1a1c01bbd47fc00a2c39e90264f33305004495a9","hash":"284bd62f85bf552fd50cb51fbf110566529731eb"}
,"C:\\Users\\VICTUS\\Desktop\\BEST\\backend\\models\\Notification.js": {"path":"C:\\Users\\VICTUS\\Desktop\\BEST\\backend\\models\\Notification.js","statementMap":{"0":{"start":{"line":1,"column":17},"end":{"line":1,"column":36}},"1":{"start":{"line":3,"column":27},"end":{"line":34,"column":2}},"2":{"start":{"line":36,"column":0},"end":{"line":36,"column":68}}},"fnMap":{},"branchMap":{},"s":{"0":2,"1":2,"2":2},"f":{},"b":{},"_coverageSchema":"1a1c01bbd47fc00a2c39e90264f33305004495a9","hash":"6da2a44cb865d090f0b45e98a0313d96be5de574"}
,"C:\\Users\\VICTUS\\Desktop\\BEST\\backend\\models\\Progress.js": {"path":"C:\\Users\\VICTUS\\Desktop\\BEST\\backend\\models\\Progress.js","statementMap":{"0":{"start":{"line":1,"column":17},"end":{"line":1,"column":36}},"1":{"start":{"line":3,"column":22},"end":{"line":20,"column":2}},"2":{"start":{"line":22,"column":22},"end":{"line":38,"column":2}},"3":{"start":{"line":40,"column":23},"end":{"line":61,"column":2}},"4":{"start":{"line":64,"column":0},"end":{"line":83,"column":2}},"5":{"start":{"line":65,"column":18},"end":{"line":69,"column":3}},"6":{"start":{"line":66,"column":14},"end":{"line":66,"column":23}},"7":{"start":{"line":67,"column":4},"end":{"line":67,"column":38}},"8":{"start":{"line":67,"column":29},"end":{"line":67,"column":38}},"9":{"start":{"line":68,"column":4},"end":{"line":68,"column":41}},"10":{"start":{"line":71,"column":16},"end":{"line":71,"column":33}},"11":{"start":{"line":72,"column":2},"end":{"line":72,"column":45}},"12":{"start":{"line":73,"column":2},"end":{"line":73,"column":85}},"13":{"start":{"line":73,"column":57},"end":{"line":73,"column":80}},"14":{"start":{"line":74,"column":2},"end":{"line":74,"column":90}},"15":{"start":{"line":74,"column":57},"end":{"line":74,"column":85}},"16":{"start":{"line":76,"column":29},"end":{"line":76,"column":99}},"17":{"start":{"line":76,"column":62},"end":{"line":76,"column":95}},"18":{"start":{"line":77,"column":2},"end":{"line":77,"column":110}},"19":{"start":{"line":79,"column":21},"end":{"line":79,"column":85}},"20":{"start":{"line":79,"column":54},"end":{"line":79,"column":81}},"21":{"start":{"line":80,"column":2},"end":{"line":80,"column":97}},"22":{"start":{"line":82,"column":2},"end":{"line":82,"column":14}},"23":{"start":{"line":85,"column":0},"end":{"line":85,"column":60}}},"fnMap":{"0":{"name":"(anonymous_0)","decl":{"start":{"line":64,"column":44},"end":{"line":64,"column":45}},"loc":{"start":{"line":64,"column":55},"end":{"line":83,"column":1}},"line":64},"1":{"name":"(anonymous_1)","decl":{"start":{"line":65,"column":18},"end":{"line":65,"column":19}},"loc":{"start":{"line":65,"column":25},"end":{"line":69,"column":3}},"line":65},"2":{"name":"(anonymous_2)","decl":{"start":{"line":73,"column":45},"end":{"line":73,"column":46}},"loc":{"start":{"line":73,"column":57},"end":{"line":73,"column":80}},"line":73},"3":{"name":"(anonymous_3)","decl":{"start":{"line":74,"column":45},"end":{"line":74,"column":46}},"loc":{"start":{"line":74,"column":57},"end":{"line":74,"column":85}},"line":74},"4":{"name":"(anonymous_4)","decl":{"start":{"line":76,"column":50},"end":{"line":76,"column":51}},"loc":{"start":{"line":76,"column":62},"end":{"line":76,"column":95}},"line":76},"5":{"name":"(anonymous_5)","decl":{"start":{"line":79,"column":42},"end":{"line":79,"column":43}},"loc":{"start":{"line":79,"column":54},"end":{"line":79,"column":81}},"line":79}},"branchMap":{"0":{"loc":{"start":{"line":67,"column":4},"end":{"line":67,"column":38}},"type":"if","locations":[{"start":{"line":67,"column":4},"end":{"line":67,"column":38}},{"start":{},"end":{}}],"line":67},"1":{"loc":{"start":{"line":73,"column":64},"end":{"line":73,"column":79}},"type":"binary-expr","locations":[{"start":{"line":73,"column":64},"end":{"line":73,"column":74}},{"start":{"line":73,"column":78},"end":{"line":73,"column":79}}],"line":73},"2":{"loc":{"start":{"line":74,"column":64},"end":{"line":74,"column":84}},"type":"binary-expr","locations":[{"start":{"line":74,"column":64},"end":{"line":74,"column":79}},{"start":{"line":74,"column":83},"end":{"line":74,"column":84}}],"line":74},"3":{"loc":{"start":{"line":76,"column":69},"end":{"line":76,"column":94}},"type":"binary-expr","locations":[{"start":{"line":76,"column":69},"end":{"line":76,"column":89}},{"start":{"line":76,"column":93},"end":{"line":76,"column":94}}],"line":76},"4":{"loc":{"start":{"line":77,"column":22},"end":{"line":77,"column":109}},"type":"cond-expr","locations":[{"start":{"line":77,"column":48},"end":{"line":77,"column":105}},{"start":{"line":77,"column":108},"end":{"line":77,"column":109}}],"line":77},"5":{"loc":{"start":{"line":79,"column":61},"end":{"line":79,"column":80}},"type":"binary-expr","locations":[{"start":{"line":79,"column":61},"end":{"line":79,"column":75}},{"start":{"line":79,"column":79},"end":{"line":79,"column":80}}],"line":79},"6":{"loc":{"start":{"line":80,"column":23},"end":{"line":80,"column":96}},"type":"cond-expr","locations":[{"start":{"line":80,"column":50},"end":{"line":80,"column":92}},{"start":{"line":80,"column":95},"end":{"line":80,"column":96}}],"line":80}},"s":{"0":2,"1":2,"2":2,"3":2,"4":2,"5":0,"6":0,"7":0,"8":0,"9":0,"10":0,"11":0,"12":0,"13":0,"14":0,"15":0,"16":0,"17":0,"18":0,"19":0,"20":0,"21":0,"22":0,"23":2},"f":{"0":0,"1":0,"2":0,"3":0,"4":0,"5":0},"b":{"0":[0,0],"1":[0,0],"2":[0,0],"3":[0,0],"4":[0,0],"5":[0,0],"6":[0,0]},"_coverageSchema":"1a1c01bbd47fc00a2c39e90264f33305004495a9","hash":"f20f5c61b826f8e68baa7688a2e72a64529044d3"}
,"C:\\Users\\VICTUS\\Desktop\\BEST\\backend\\models\\Referral.js": {"path":"C:\\Users\\VICTUS\\Desktop\\BEST\\backend\\models\\Referral.js","statementMap":{"0":{"start":{"line":1,"column":17},"end":{"line":1,"column":36}},"1":{"start":{"line":3,"column":23},"end":{"line":31,"column":2}},"2":{"start":{"line":34,"column":0},"end":{"line":34,"column":62}},"3":{"start":{"line":36,"column":0},"end":{"line":36,"column":60}}},"fnMap":{},"branchMap":{},"s":{"0":2,"1":2,"2":2,"3":2},"f":{},"b":{},"_coverageSchema":"1a1c01bbd47fc00a2c39e90264f33305004495a9","hash":"610eceb1fb4824813456315712094d28c7b9f46e"}
,"C:\\Users\\VICTUS\\Desktop\\BEST\\backend\\models\\User.js": {"path":"C:\\Users\\VICTUS\\Desktop\\BEST\\backend\\models\\User.js","statementMap":{"0":{"start":{"line":1,"column":17},"end":{"line":1,"column":36}},"1":{"start":{"line":2,"column":15},"end":{"line":2,"column":34}},"2":{"start":{"line":4,"column":19},"end":{"line":92,"column":2}},"3":{"start":{"line":95,"column":0},"end":{"line":124,"column":3}},"4":{"start":{"line":97,"column":2},"end":{"line":99,"column":3}},"5":{"start":{"line":98,"column":4},"end":{"line":98,"column":57}},"6":{"start":{"line":102,"column":2},"end":{"line":121,"column":3}},"7":{"start":{"line":104,"column":4},"end":{"line":114,"column":5}},"8":{"start":{"line":106,"column":8},"end":{"line":106,"column":22}},"9":{"start":{"line":107,"column":8},"end":{"line":107,"column":14}},"10":{"start":{"line":109,"column":8},"end":{"line":109,"column":22}},"11":{"start":{"line":110,"column":8},"end":{"line":110,"column":14}},"12":{"start":{"line":112,"column":8},"end":{"line":112,"column":22}},"13":{"start":{"line":113,"column":8},"end":{"line":113,"column":14}},"14":{"start":{"line":116,"column":18},"end":{"line":119,"column":6}},"15":{"start":{"line":120,"column":4},"end":{"line":120,"column":69}},"16":{"start":{"line":123,"column":2},"end":{"line":123,"column":9}},"17":{"start":{"line":127,"column":0},"end":{"line":129,"column":2}},"18":{"start":{"line":128,"column":2},"end":{"line":128,"column":64}},"19":{"start":{"line":131,"column":0},"end":{"line":131,"column":52}}},"fnMap":{"0":{"name":"(anonymous_0)","decl":{"start":{"line":95,"column":23},"end":{"line":95,"column":24}},"loc":{"start":{"line":95,"column":45},"end":{"line":124,"column":1}},"line":95},"1":{"name":"(anonymous_1)","decl":{"start":{"line":127,"column":37},"end":{"line":127,"column":38}},"loc":{"start":{"line":127,"column":72},"end":{"line":129,"column":1}},"line":127}},"branchMap":{"0":{"loc":{"start":{"line":97,"column":2},"end":{"line":99,"column":3}},"type":"if","locations":[{"start":{"line":97,"column":2},"end":{"line":99,"column":3}},{"start":{},"end":{}}],"line":97},"1":{"loc":{"start":{"line":102,"column":2},"end":{"line":121,"column":3}},"type":"if","locations":[{"start":{"line":102,"column":2},"end":{"line":121,"column":3}},{"start":{},"end":{}}],"line":102},"2":{"loc":{"start":{"line":102,"column":6},"end":{"line":102,"column":90}},"type":"binary-expr","locations":[{"start":{"line":102,"column":6},"end":{"line":102,"column":16}},{"start":{"line":102,"column":20},"end":{"line":102,"column":33}},{"start":{"line":102,"column":37},"end":{"line":102,"column":90}}],"line":102},"3":{"loc":{"start":{"line":104,"column":4},"end":{"line":114,"column":5}},"type":"switch","locations":[{"start":{"line":105,"column":6},"end":{"line":107,"column":14}},{"start":{"line":108,"column":6},"end":{"line":110,"column":14}},{"start":{"line":111,"column":6},"end":{"line":113,"column":14}}],"line":104}},"s":{"0":3,"1":3,"2":3,"3":3,"4":0,"5":0,"6":0,"7":0,"8":0,"9":0,"10":0,"11":0,"12":0,"13":0,"14":0,"15":0,"16":0,"17":3,"18":0,"19":3},"f":{"0":0,"1":0},"b":{"0":[0,0],"1":[0,0],"2":[0,0,0],"3":[0,0,0]},"_coverageSchema":"1a1c01bbd47fc00a2c39e90264f33305004495a9","hash":"750aa5c6881d240e434c66cfb054a1a945088b4a"}
,"C:\\Users\\VICTUS\\Desktop\\BEST\\backend\\routes\\admin.js": {"path":"C:\\Users\\VICTUS\\Desktop\\BEST\\backend\\routes\\admin.js","statementMap":{"0":{"start":{"line":1,"column":16},"end":{"line":1,"column":34}},"1":{"start":{"line":2,"column":15},"end":{"line":2,"column":31}},"2":{"start":{"line":3,"column":13},"end":{"line":3,"column":38}},"3":{"start":{"line":4,"column":15},"end":{"line":4,"column":42}},"4":{"start":{"line":5,"column":14},"end":{"line":5,"column":40}},"5":{"start":{"line":6,"column":20},"end":{"line":6,"column":52}},"6":{"start":{"line":7,"column":31},"end":{"line":7,"column":60}},"7":{"start":{"line":10,"column":26},"end":{"line":28,"column":1}},"8":{"start":{"line":11,"column":4},"end":{"line":16,"column":5}},"9":{"start":{"line":12,"column":8},"end":{"line":15,"column":11}},"10":{"start":{"line":18,"column":19},"end":{"line":18,"column":57}},"11":{"start":{"line":19,"column":4},"end":{"line":24,"column":5}},"12":{"start":{"line":20,"column":8},"end":{"line":23,"column":11}},"13":{"start":{"line":26,"column":4},"end":{"line":26,"column":24}},"14":{"start":{"line":27,"column":4},"end":{"line":27,"column":11}},"15":{"start":{"line":37,"column":0},"end":{"line":52,"column":3}},"16":{"start":{"line":38,"column":4},"end":{"line":51,"column":5}},"17":{"start":{"line":39,"column":23},"end":{"line":40,"column":102}},"18":{"start":{"line":42,"column":8},"end":{"line":45,"column":11}},"19":{"start":{"line":47,"column":8},"end":{"line":50,"column":11}},"20":{"start":{"line":61,"column":0},"end":{"line":82,"column":3}},"21":{"start":{"line":62,"column":4},"end":{"line":81,"column":5}},"22":{"start":{"line":64,"column":28},"end":{"line":69,"column":19}},"23":{"start":{"line":71,"column":8},"end":{"line":75,"column":11}},"24":{"start":{"line":77,"column":8},"end":{"line":80,"column":11}},"25":{"start":{"line":87,"column":0},"end":{"line":143,"column":3}},"26":{"start":{"line":88,"column":4},"end":{"line":142,"column":5}},"27":{"start":{"line":89,"column":80},"end":{"line":89,"column":88}},"28":{"start":{"line":91,"column":8},"end":{"line":96,"column":9}},"29":{"start":{"line":92,"column":12},"end":{"line":95,"column":15}},"30":{"start":{"line":99,"column":29},"end":{"line":99,"column":79}},"31
[...]
umn":38},"end":{"line":120,"column":44}}],"line":120},"21":{"loc":{"start":{"line":148,"column":8},"end":{"line":153,"column":9}},"type":"if","locations":[{"start":{"line":148,"column":8},"end":{"line":153,"column":9}},{"start":{},"end":{}}],"line":148},"22":{"loc":{"start":{"line":158,"column":8},"end":{"line":158,"column":43}},"type":"if","locations":[{"start":{"line":158,"column":8},"end":{"line":158,"column":43}},{"start":{},"end":{}}],"line":158},"23":{"loc":{"start":{"line":159,"column":8},"end":{"line":159,"column":47}},"type":"if","locations":[{"start":{"line":159,"column":8},"end":{"line":159,"column":47}},{"start":{},"end":{}}],"line":159},"24":{"loc":{"start":{"line":184,"column":39},"end":{"line":184,"column":84}},"type":"binary-expr","locations":[{"start":{"line":184,"column":39},"end":{"line":184,"column":50}},{"start":{"line":184,"column":54},"end":{"line":184,"column":84}}],"line":184},"25":{"loc":{"start":{"line":189,"column":8},"end":{"line":219,"column":9}},"type":"if","locations":[{"start":{"line":189,"column":8},"end":{"line":219,"column":9}},{"start":{"line":204,"column":15},"end":{"line":219,"column":9}}],"line":189},"26":{"loc":{"start":{"line":192,"column":12},"end":{"line":203,"column":13}},"type":"if","locations":[{"start":{"line":192,"column":12},"end":{"line":203,"column":13}},{"start":{},"end":{}}],"line":192},"27":{"loc":{"start":{"line":193,"column":16},"end":{"line":197,"column":17}},"type":"if","locations":[{"start":{"line":193,"column":16},"end":{"line":197,"column":17}},{"start":{},"end":{}}],"line":193},"28":{"loc":{"start":{"line":193,"column":20},"end":{"line":193,"column":58}},"type":"binary-expr","locations":[{"start":{"line":193,"column":20},"end":{"line":193,"column":32}},{"start":{"line":193,"column":36},"end":{"line":193,"column":58}}],"line":193},"29":{"loc":{"start":{"line":194,"column":34},"end":{"line":194,"column":50}},"type":"binary-expr","locations":[{"start":{"line":194,"column":34},"end":{"line":194,"column":44}},{"start":{"line":194,"column":48},"end":{"line":194,"column":50}}],"line":194},"30":{"loc":{"start":{"line":198,"column":16},"end":{"line":202,"column":17}},"type":"if","locations":[{"start":{"line":198,"column":16},"end":{"line":202,"column":17}},{"start":{},"end":{}}],"line":198},"31":{"loc":{"start":{"line":198,"column":20},"end":{"line":198,"column":60}},"type":"binary-expr","locations":[{"start":{"line":198,"column":20},"end":{"line":198,"column":32}},{"start":{"line":198,"column":36},"end":{"line":198,"column":60}}],"line":198},"32":{"loc":{"start":{"line":199,"column":36},"end":{"line":199,"column":54}},"type":"binary-expr","locations":[{"start":{"line":199,"column":36},"end":{"line":199,"column":48}},{"start":{"line":199,"column":52},"end":{"line":199,"column":54}}],"line":199},"33":{"loc":{"start":{"line":207,"column":12},"end":{"line":212,"column":13}},"type":"if","locations":[{"start":{"line":207,"column":12},"end":{"line":212,"column":13}},{"start":{},"end":{}}],"line":207},"34":{"loc":{"start":{"line":207,"column":16},"end":{"line":207,"column":54}},"type":"binary-expr","locations":[{"start":{"line":207,"column":16},"end":{"line":207,"column":28}},{"start":{"line":207,"column":32},"end":{"line":207,"column":54}}],"line":207},"35":{"loc":{"start":{"line":208,"column":30},"end":{"line":208,"column":53}},"type":"binary-expr","locations":[{"start":{"line":208,"column":30},"end":{"line":208,"column":47}},{"start":{"line":208,"column":51},"end":{"line":208,"column":53}}],"line":208},"36":{"loc":{"start":{"line":211,"column":45},"end":{"line":211,"column":61}},"type":"binary-expr","locations":[{"start":{"line":211,"column":45},"end":{"line":211,"column":56}},{"start":{"line":211,"column":60},"end":{"line":211,"column":61}}],"line":211},"37":{"loc":{"start":{"line":211,"column":74},"end":{"line":211,"column":90}},"type":"binary-expr","locations":[{"start":{"line":211,"column":74},"end":{"line":211,"column":85}},{"start":{"line":211,"column":89},"end":{"line":211,"column":90}}],"line":211},"38":{"loc":{"start":{"line":213,"column":12},"end":{"line":218,"column":13}},"type":"if","locations":[{"start":{"line":213,"column":12},"end":{"line":218,"column":13}},{"start":{},"end":{}}],"line":213},"39":{"loc":{"start":{"line":213,"column":16},"end":{"line":213,"column":56}},"type":"binary-expr","locations":[{"start":{"line":213,"column":16},"end":{"line":213,"column":28}},{"start":{"line":213,"column":32},"end":{"line":213,"column":56}}],"line":213},"40":{"loc":{"start":{"line":214,"column":32},"end":{"line":214,"column":57}},"type":"binary-expr","locations":[{"start":{"line":214,"column":32},"end":{"line":214,"column":51}},{"start":{"line":214,"column":55},"end":{"line":214,"column":57}}],"line":214},"41":{"loc":{"start":{"line":217,"column":45},"end":{"line":217,"column":61}},"type":"binary-expr","locations":[{"start":{"line":217,"column":45},"end":{"line":217,"column":56}},{"start":{"line":217,"column":60},"end":{"line":217,"column":61}}],"line":217},"42":{"loc":{"start":{"line":217,"column":74},"end":{"line":217,"column":90}},"type":"binary-expr","locations":[{"start":{"line":217,"column":74},"end":{"line":217,"column":85}},{"start":{"line":217,"column":89},"end":{"line":217,"column":90}}],"line":217},"43":{"loc":{"start":{"line":244,"column":29},"end":{"line":244,"column":71}},"type":"cond-expr","locations":[{"start":{"line":244,"column":46},"end":{"line":244,"column":59}},{"start":{"line":244,"column":62},"end":{"line":244,"column":71}}],"line":244},"44":{"loc":{"start":{"line":246,"column":32},"end":{"line":246,"column":54}},"type":"binary-expr","locations":[{"start":{"line":246,"column":32},"end":{"line":246,"column":48}},{"start":{"line":246,"column":52},"end":{"line":246,"column":54}}],"line":246},"45":{"loc":{"start":{"line":251,"column":32},"end":{"line":251,"column":56}},"type":"binary-expr","locations":[{"start":{"line":251,"column":32},"end":{"line":251,"column":50}},{"start":{"line":251,"column":54},"end":{"line":251,"column":56}}],"line":251},"46":{"loc":{"start":{"line":258,"column":38},"end":{"line":258,"column":54}},"type":"binary-expr","locations":[{"start":{"line":258,"column":38},"end":{"line":258,"column":49}},{"start":{"line":258,"column":53},"end":{"line":258,"column":54}}],"line":258},"47":{"loc":{"start":{"line":258,"column":67},"end":{"line":258,"column":83}},"type":"binary-expr","locations":[{"start":{"line":258,"column":67},"end":{"line":258,"column":78}},{"start":{"line":258,"column":82},"end":{"line":258,"column":83}}],"line":258}},"s":{"0":2,"1":2,"2":2,"3":2,"4":2,"5":2,"6":2,"7":0,"8":0,"9":2,"10":2,"11":0,"12":2,"13":0,"14":0,"15":0,"16":2,"17":0,"18":0,"19":0,"20":0,"21":0,"22":0,"23":2,"24":0,"25":0,"26":0,"27":0,"28":0,"29":0,"30":0,"31":0,"32":0,"33":0,"34":0,"35":0,"36":0,"37":0,"38":0,"39":0,"40":0,"41":0,"42":0,"43":0,"44":0,"45":0,"46":0,"47":0,"48":0,"49":0,"50":0,"51":0,"52":0,"53":0,"54":0,"55":0,"56":0,"57":0,"58":0,"59":0,"60":0,"61":0,"62":2,"63":0,"64":0,"65":0,"66":0,"67":0,"68":0,"69":0,"70":0,"71":0,"72":0,"73":0,"74":0,"75":0,"76":0,"77":0,"78":2,"79":0,"80":0,"81":0,"82":0,"83":0,"84":0,"85":0,"86":0,"87":0,"88":0,"89":0,"90":0,"91":0,"92":0,"93":0,"94":0,"95":0,"96":0,"97":0,"98":0,"99":0,"100":0,"101":0,"102":0,"103":0,"104":0,"105":0,"106":0,"107":2,"108":0,"109":0,"110":0,"111":0,"112":0,"113":0,"114":0,"115":0,"116":0,"117":0,"118":0,"119":0,"120":0,"121":0,"122":0,"123":0,"124":0,"125":0,"126":2},"f":{"0":0,"1":0,"2":0,"3":0,"4":0,"5":0,"6":0,"7":0,"8":0,"9":0,"10":0,"11":0,"12":0,"13":0,"14":0,"15":0,"16":0,"17":0,"18":0},"b":{"0":[0,2],"1":[0,0],"2":[0,0],"3":[0,0],"4":[0,0],"5":[0,0],"6":[0,0],"7":[0,0],"8":[0,0],"9":[0,0],"10":[0,0],"11":[0,0],"12":[0,0],"13":[0,0],"14":[0,0],"15":[0,0],"16":[0,0],"17":[0,0],"18":[0,0],"19":[0,0],"20":[0,0],"21":[0,0],"22":[0,0],"23":[0,0],"24":[0,0],"25":[0,0],"26":[0,0],"27":[0,0],"28":[0,0],"29":[0,0],"30":[0,0],"31":[0,0],"32":[0,0],"33":[0,0],"34":[0,0],"35":[0,0],"36":[0,0],"37":[0,0],"38":[0,0],"39":[0,0],"40":[0,0],"41":[0,0],"42":[0,0],"43":[0,0],"44":[0,0],"45":[0,0],"46":[0,0],"47":[0,0]},"_coverageSchema":"1a1c01bbd47fc00a2c39e90264f33305004495a9","hash":"11dcf5e6b85b9791b366533f645bfc53910e06e1"}
,"C:\\Users\\VICTUS\\Desktop\\BEST\\backend\\services\\emailService.js": {"path":"C:\\Users\\VICTUS\\Desktop\\BEST\\backend\\services\\emailService.js","statementMap":{"0":{"start":{"line":1,"column":19},"end":{"line":1,"column":40}},"1":{"start":{"line":4,"column":20},"end":{"line":12,"column":2}},"2":{"start":{"line":15,"column":26},"end":{"line":24,"column":1}},"3":{"start":{"line":16,"column":2},"end":{"line":23,"column":3}},"4":{"start":{"line":17,"column":4},"end":{"line":17,"column":31}},"5":{"start":{"line":18,"column":4},"end":{"line":18,"column":61}},"6":{"start":{"line":19,"column":4},"end":{"line":19,"column":16}},"7":{"start":{"line":21,"column":4},"end":{"line":21,"column":77}},"8":{"start":{"line":22,"column":4},"end":{"line":22,"column":17}},"9":{"start":{"line":27,"column":22},"end":{"line":42,"column":1}},"10":{"start":{"line":28,"column":2},"end":{"line":41,"column":3}},"11":{"start":{"line":28,"column":21},"end":{"line":28,"column":22}},"12":{"start":{"line":29,"column":4},"end":{"line":40,"column":5}},"13":{"start":{"line":30,"column":19},"end":{"line":30,"column":58}},"14":{"start":{"line":31,"column":6},"end":{"line":31,"column":87}},"15":{"start":{"line":32,"column":6},"end":{"line":32,"column":18}},"16":{"start":{"line":34,"column":6},"end":{"line":34,"column":78}},"17":{"start":{"line":35,"column":6},"end":{"line":37,"column":7}},"18":{"start":{"line":36,"column":8},"end":{"line":36,"column":92}},"19":{"start":{"line":39,"column":6},"end":{"line":39,"column":90}},"20":{"start":{"line":39,"column":35},"end":{"line":39,"column":88}},"21":{"start":{"line":45,"column":30},"end":{"line":67,"column":1}},"22":{"start":{"line":46,"column":22},"end":{"line":64,"column":3}},"23":{"start":{"line":66,"column":2},"end":{"line":66,"column":35}},"24":{"start":{"line":70,"column":31},"end":{"line":92,"column":1}},"25":{"start":{"line":71,"column":22},"end":{"line":89,"column":3}},"26":{"start":{"line":91,"column":2},"end":{"line":91,"column":35}},"27":{"start":{"line":95,"column":31},"end":{"line":115,"column":1}},"28":{"start":{"line":96,"column":22},"end":{"line":112,"column":3}},"29":{"start":{"line":114,"column":2},"end":{"line":114,"column":35}},"30":{"start":{"line":117,"column":0},"end":{"line":122,"column":2}}},"fnMap":{"0":{"name":"(anonymous_0)","decl":{"start":{"line":15,"column":26},"end":{"line":15,"column":27}},"loc":{"start":{"line":15,"column":38},"end":{"line":24,"column":1}},"line":15},"1":{"name":"(anonymous_1)","decl":{"start":{"line":27,"column":22},"end":{"line":27,"column":23}},"loc":{"start":{"line":27,"column":72},"end":{"line":42,"column":1}},"line":27},"2":{"name":"(anonymous_2)","decl":{"start":{"line":39,"column":24},"end":{"line":39,"column":25}},"loc":{"start":{"line":39,"column":35},"end":{"line":39,"column":88}},"line":39},"3":{"name":"(anonymous_3)","decl":{"start":{"line":45,"column":30},"end":{"line":45,"column":31}},"loc":{"start":{"line":45,"column":53},"end":{"line":67,"column":1}},"line":45},"4":{"name":"(anonymous_4)","decl":{"start":{"line":70,"column":31},"end":{"line":70,"column":32}},"loc":{"start":{"line":70,"column":54},"end":{"line":92,"column":1}},"line":70},"5":{"name":"(anonymous_5)","decl":{"start":{"line":95,"column":31},"end":{"line":95,"column":32}},"loc":{"start":{"line":95,"column":81},"end":{"line":115,"column":1}},"line":95}},"branchMap":{"0":{"loc":{"start":{"line":5,"column":8},"end":{"line":5,"column":50}},"type":"binary-expr","locations":[{"start":{"line":5,"column":8},"end":{"line":5,"column":29}},{"start":{"line":5,"column":33},"end":{"line":5,"column":50}}],"line":5},"1":{"loc":{"start":{"line":6,"column":8},"end":{"line":6,"column":36}},"type":"binary-expr","locations":[{"start":{"line":6,"column":8},"end":{"line":6,"column":29}},{"start":{"line":6,"column":33},"end":{"line":6,"column":36}}],"line":6},"2":{"loc":{"start":{"line":27,"column":42},"end":{"line":27,"column":53}},"type":"default-arg","locations":[{"start":{"line":27,"column":52},"end":{"line":27,"column":53}}],"line":27},"3":{"loc":{"start":{"line":27,"column":55},"end":{"line":27,"column":67}},"type":"default-arg","locations":[{"start":{"line":27,"column":63},"end":{"line":27,"column":67}}],"line":27},"4":{"loc":{"start":{"line":35,"column":6},"end":{"line":37,"column":7}},"type":"if","locations":[{"start":{"line":35,"column":6},"end":{"line":37,"column":7}},{"start":{},"end":{}}],"line":35}},"s":{"0":2,"1":2,"2":2,"3":0,"4":0,"5":0,"6":0,"7":0,"8":0,"9":2,"10":0,"11":0,"12":0,"13":0,"14":0,"15":0,"16":0,"17":0,"18":0,"19":0,"20":0,"21":2,"22":0,"23":0,"24":2,"25":0,"26":0,"27":2,"28":0,"29":0,"30":2},"f":{"0":0,"1":0,"2":0,"3":0,"4":0,"5":0},"b":{"0":[2,0],"1":[2,0],"2":[0],"3":[0],"4":[0,0]},"_coverageSchema":"1a1c01bbd47fc00a2c39e90264f33305004495a9","hash":"554594a31a720ad34455aeab7f88f029f83f3d2e"}
,"C:\\Users\\VICTUS\\Desktop\\BEST\\backend\\services\\pushService.js": {"path":"C:\\Users\\VICTUS\\Desktop\\BEST\\backend\\services\\pushService.js","statementMap":{"0":{"start":{"line":1,"column":14},"end":{"line":1,"column":39}},"1":{"start":{"line":3,"column":19},"end":{"line":3,"column":24}},"2":{"start":{"line":4,"column":23},"end":{"line":4,"column":28}},"3":{"start":{"line":7,"column":2},"end":{"line":7,"column":32}},"4":{"start":{"line":7,"column":20},"end":{"line":7,"column":32}},"5":{"start":{"line":9,"column":15},"end":{"line":9,"column":56}},"6":{"start":{"line":10,"column":21},"end":{"line":10,"column":69}},"7":{"start":{"line":11,"column":20},"end":{"line":11,"column":51}},"8":{"start":{"line":13,"column":2},"end":{"line":55,"column":3}},"9":{"start":{"line":14,"column":4},"end":{"line":17,"column":5}},"10":{"start":{"line":15,"column":6},"end":{"line":15,"column":26}},"11":{"start":{"line":16,"column":6},"end":{"line":16,"column":18}},"12":{"start":{"line":20,"column":6},"end":{"line":22,"column":61}},"13":{"start":{"line":24,"column":4},"end":{"line":31,"column":5}},"14":{"start":{"line":25,"column":29},"end":{"line":25,"column":48}},"15":{"start":{"line":26,"column":6},"end":{"line":28,"column":9}},"16":{"start":{"line":29,"column":6},"end":{"line":29,"column":26}},"17":{"start":{"line":30,"column":6},"end":{"line":30,"column":18}},"18":{"start":{"line":34,"column":4},"end":{"line":40,"column":5}},"19":{"start":{"line":35,"column":6},"end":{"line":37,"column":9}},"20":{"start":{"line":38,"column":6},"end":{"line":38,"column":26}},"21":{"start":{"line":39,"column":6},"end":{"line":39,"column":18}},"22":{"start":{"line":42,"column":4},"end":{"line":47,"column":5}},"23":{"start":{"line":43,"column":6},"end":{"line":45,"column":8}},"24":{"start":{"line":46,"column":6},"end":{"line":46,"column":30}},"25":{"start":{"line":48,"column":4},"end":{"line":48,"column":17}},"26":{"start":{"line":50,"column":4},"end":{"line":53,"column":5}},"27":{"start":{"line":51,"column":6},"end":{"line":51,"column":79}},"28":{"start":{"line":52,"column":6},"end":{"line":52,"column":30}},"29":{"start":{"line":54,"column":4},"end":{"line":54,"column":17}},"30":{"start":{"line":59,"column":2},"end":{"line":59,"column":82}},"31":{"start":{"line":59,"column":38},"end":{"line":59,"column":82}},"32":{"start":{"line":60,"column":2},"end":{"line":60,"column":75}},"33":{"start":{"line":60,"column":19},"end":{"line":60,"column":75}},"34":{"start":{"line":63,"column":18},"end":{"line":70,"column":3}},"35":{"start":{"line":72,"column":14},"end":{"line":72,"column":67}},"36":{"start":{"line":73,"column":2},"end":{"line":73,"column":102}},"37":{"start":{"line":76,"column":0},"end":{"line":78,"column":2}}},"fnMap":{"0":{"name":"_tryInit","decl":{"start":{"line":6,"column":9},"end":{"line":6,"column":17}},"loc":{"start":{"line":6,"column":20},"end":{"line":56,"column":1}},"line":6},"1":{"name":"sendToTokens","decl":{"start":{"line":58,"column":15},"end":{"line":58,"column":27}},"loc":{"start":{"line":58,"column":60},"end":{"line":74,"column":1}},"line":58}},"branchMap":{"0":{"loc":{"start":{"line":7,"column":2},"end":{"line":7,"column":32}},"type":"if","locations":[{"start":{"line":7,"column":2},"end":{"line":7,"column":32}},{"start":{},"end":{}}],"line":7},"1":{"loc":{"start":{"line":14,"column":4},"end":{"line":17,"column":5}},"type":"if","locations":[{"start":{"line":14,"column":4},"end":{"line":17,"column":5}},{"start":{},"end":{}}],"line":14},"2":{"loc":{"start":{"line":20,"column":6},"end":{"line":22,"column":61}},"type":"binary-expr","locations":[{"start":{"line":20,"column":7},"end":{"line":22,"column":14}},{"start":{"line":22,"column":20},"end":{"line":22,"column":60}}],"line":20},"3":{"loc":{"start":{"line":20,"column":7},"end":{"line":22,"column":14}},"type":"cond-expr","locations":[{"start":{"line":21,"column":10},"end":{"line":21,"column":67}},{"start":{"line":22,"column":10},"end":{"line":22,"column":14}}],"line":20},"4":{"loc":{"start":{"line":20,"column":7},"end":{"line":20,"column":38}},"type":"binary-expr","locations":[{"start":{"line":20,"column":7},"end":{"line":20,"column":17}},{"start":{"line":20,"column":21},"end":{"line":20,"column":38}}],"line":20},"5":{"loc":{"start":{"line":22,"column":20},"end":{"line":22,"column":60}},"type":"cond-expr","locations":[{"start":{"line":22,"column":42},"end":{"line":22,"column":53}},{"start":{"line":22,"column":56},"end":{"line":22,"column":60}}],"line":22},"6":{"loc":{"start":{"line":22,"column":20},"end":{"line":22,"column":39}},"type":"binary-expr","locations":[{"start":{"line":22,"column":20},"end":{"line":22,"column":24}},{"start":{"line":22,"column":28},"end":{"line":22,"column":39}}],"line":22},"7":{"loc":{"start":{"line":24,"column":4},"end":{"line":31,"column":5}},"type":"if","locations":[{"start":{"line":24,"column":4},"end":{"line":31,"column":5}},{"start":{},"end":{}}],"line":24},"8":{"loc":{"start":{"line":34,"column":4},"end":{"line":40,"column":5}},"type":"if","locations":[{"start":{"line":34,"column":4},"end":{"line":40,"column":5}},{"start":{},"end":{}}],"line":34},"9":{"loc":{"start":{"line":34,"column":8},"end":{"line":34,"column":37}},"type":"binary-expr","locations":[{"start":{"line":34,"column":8},"end":{"line":34,"column":17}},{"start":{"line":34,"column":21},"end":{"line":34,"column":37}}],"line":34},"10":{"loc":{"start":{"line":42,"column":4},"end":{"line":47,"column":5}},"type":"if","locations":[{"start":{"line":42,"column":4},"end":{"line":47,"column":5}},{"start":{},"end":{}}],"line":42},"11":{"loc":{"start":{"line":50,"column":4},"end":{"line":53,"column":5}},"type":"if","locations":[{"start":{"line":50,"column":4},"end":{"line":53,"column":5}},{"start":{},"end":{}}],"line":50},"12":{"loc":{"start":{"line":59,"column":2},"end":{"line":59,"column":82}},"type":"if","locations":[{"start":{"line":59,"column":2},"end":{"line":59,"column":82}},{"start":{},"end":{}}],"line":59},"13":{"loc":{"start":{"line":59,"column":6},"end":{"line":59,"column":36}},"type":"binary-expr","locations":[{"start":{"line":59,"column":6},"end":{"line":59,"column":13}},{"start":{"line":59,"column":17},"end":{"line":59,"column":36}}],"line":59},"14":{"loc":{"start":{"line":60,"column":2},"end":{"line":60,"column":75}},"type":"if","locations":[{"start":{"line":60,"column":2},"end":{"line":60,"column":75}},{"start":{},"end":{}}],"line":60}},"s":{"0":2,"1":2,"2":2,"3":0,"4":0,"5":0,"6":0,"7":0,"8":0,"9":0,"10":0,"11":0,"12":0,"13":0,"14":0,"15":0,"16":0,"17":0,"18":0,"19":0,"20":0,"21":0,"22":0,"23":0,"24":0,"25":0,"26":0,"27":0,"28":0,"29":0,"30":0,"31":0,"32":0,"33":0,"34":0,"35":0,"36":0,"37":2},"f":{"0":0,"1":0},"b":{"0":[0,0],"1":[0,0],"2":[0,0],"3":[0,0],"4":[0,0],"5":[0,0],"6":[0,0],"7":[0,0],"8":[0,0],"9":[0,0],"10":[0,0],"11":[0,0],"12":[0,0],"13":[0,0],"14":[0,0]},"_coverageSchema":"1a1c01bbd47fc00a2c39e90264f33305004495a9","hash":"f9fe01e00231876570895def1b2a0e816833da0b"}
}
