TN:
SF:seed.js
FN:12,(anonymous_0)
FN:149,(anonymous_1)
FN:185,ensureReferral
FNF:3
FNH:0
FNDA:0,(anonymous_0)
FNDA:0,(anonymous_1)
FNDA:0,ensureReferral
DA:1,2
DA:2,2
DA:3,2
DA:4,2
DA:5,2
DA:6,2
DA:7,2
DA:8,2
DA:12,2
DA:13,0
DA:17,0
DA:20,0
DA:21,0
DA:22,0
DA:25,0
DA:26,0
DA:28,0
DA:29,0
DA:30,0
DA:31,0
DA:32,0
DA:33,0
DA:39,0
DA:48,0
DA:49,0
DA:50,0
DA:51,0
DA:52,0
DA:54,0
DA:60,0
DA:61,0
DA:62,0
DA:72,0
DA:73,0
DA:79,0
DA:84,0
DA:86,0
DA:87,0
DA:88,0
DA:89,0
DA:90,0
DA:102,0
DA:103,0
DA:105,0
DA:107,0
DA:111,0
DA:112,0
DA:113,0
DA:119,0
DA:124,0
DA:125,0
DA:126,0
DA:127,0
DA:128,0
DA:129,0
DA:142,0
DA:143,0
DA:145,0
DA:149,0
DA:150,0
DA:155,0
DA:162,0
DA:163,0
DA:164,0
DA:165,0
DA:166,0
DA:167,0
DA:176,0
DA:177,0
DA:179,0
DA:186,0
DA:199,0
DA:201,0
DA:202,0
DA:203,0
DA:205,0
DA:206,0
DA:207,0
DA:209,0
DA:210,0
DA:211,0
DA:212,0
DA:213,0
DA:216,0
DA:223,0
DA:230,0
DA:234,0
DA:235,0
DA:236,0
DA:237,0
DA:239,0
DA:240,0
DA:241,0
DA:243,0
DA:244,0
DA:245,0
DA:246,0
DA:247,0
DA:250,0
DA:257,0
DA:264,0
DA:269,0
DA:272,0
DA:277,2
LF:104
LH:10
BRDA:21,0,0,0
BRDA:21,0,1,0
BRDA:21,1,0,0
BRDA:21,1,1,0
BRDA:25,2,0,0
BRDA:25,2,1,0
BRDA:25,3,0,0
BRDA:25,3,1,0
BRDA:49,4,0,0
BRDA:49,4,1,0
BRDA:61,5,0,0
BRDA:61,5,1,0
BRDA:89,6,0,0
BRDA:89,6,1,0
BRDA:107,7,0,0
BRDA:107,7,1,0
BRDA:111,8,0,0
BRDA:111,8,1,0
BRDA:111,9,0,0
BRDA:111,9,1,0
BRDA:128,10,0,0
BRDA:128,10,1,0
BRDA:138,11,0,0
BRDA:138,11,1,0
BRDA:166,12,0,0
BRDA:166,12,1,0
BRDA:190,13,0,0
BRDA:190,13,1,0
BRDA:191,14,0,0
BRDA:191,14,1,0
BRDA:199,15,0,0
BRDA:199,15,1,0
BRDA:199,16,0,0
BRDA:199,16,1,0
BRDA:205,17,0,0
BRDA:205,17,1,0
BRDA:205,18,0,0
BRDA:205,18,1,0
BRDA:205,18,2,0
BRDA:234,19,0,0
BRDA:234,19,1,0
BRDA:234,20,0,0
BRDA:234,20,1,0
BRDA:239,21,0,0
BRDA:239,21,1,0
BRDA:239,22,0,0
BRDA:239,22,1,0
BRDA:239,22,2,0
BRF:48
BRH:0
end_of_record
TN:
SF:server.js
FN:68,(anonymous_0)
FN:75,(anonymous_1)
FN:91,getLocalIPv4Addresses
FN:104,normalizeIp
FN:112,classifyUserAgent
FN:139,(anonymous_5)
FN:168,(anonymous_6)
FN:177,(anonymous_7)
FN:202,(anonymous_8)
FN:226,(anonymous_9)
FN:242,(anonymous_10)
FN:250,(anonymous_11)
FN:257,(anonymous_12)
FN:281,shutdown
FN:285,(anonymous_14)
FN:295,(anonymous_15)
FN:298,(anonymous_16)
FN:299,(anonymous_17)
FN:301,(anonymous_18)
FN:305,(anonymous_19)
FN:313,getDbNameFromMongoUri
FN:319,connectMongoWithRetry
FN:355,(anonymous_22)
FN:413,(anonymous_23)
FNF:24
FNH:5
FNDA:0,(anonymous_0)
FNDA:4,(anonymous_1)
FNDA:0,getLocalIPv4Addresses
FNDA:4,normalizeIp
FNDA:4,classifyUserAgent
FNDA:4,(anonymous_5)
FNDA:0,(anonymous_6)
FNDA:1,(anonymous_7)
FNDA:0,(anonymous_8)
FNDA:0,(anonymous_9)
FNDA:0,(anonymous_10)
FNDA:0,(anonymous_11)
FNDA:0,(anonymous_12)
FNDA:0,shutdown
FNDA:0,(anonymous_14)
FNDA:0,(anonymous_15)
FNDA:0,(anonymous_16)
FNDA:0,(anonymous_17)
FNDA:0,(anonymous_18)
FNDA:0,(anonymous_19)
FNDA:0,getDbNameFromMongoUri
FNDA:0,connectMongoWithRetry
FNDA:0,(anonymous_22)
FNDA:0,(anonymous_23)
DA:1,2
DA:2,2
DA:3,2
DA:4,2
DA:5,2
DA:6,2
DA:10,2
DA:16,2
DA:17,2
DA:20,2
DA:21,2
DA:22,2
DA:23,2
DA:24,2
DA:25,2
DA:26,2
DA:27,2
DA:28,2
DA:29,2
DA:30,2
DA:31,2
DA:32,2
DA:33,2
DA:34,2
DA:35,2
DA:36,2
DA:38,2
DA:39,2
DA:40,2
DA:43,2
DA:44,2
DA:45,0
DA:46,0
DA:50,2
DA:51,2
DA:52,2
DA:53,0
DA:54,0
DA:58,2
DA:66,2
DA:67,2
DA:68,0
DA:71,2
DA:72,2
DA:74,2
DA:76,4
DA:77,0
DA:78,0
DA:79,0
DA:86,2
DA:87,2
DA:88,2
DA:89,2
DA:92,0
DA:93,0
DA:94,0
DA:95,0
DA:96,0
DA:97,0
DA:101,0
DA:105,4
DA:107,4
DA:109,4
DA:113,4
DA:114,4
DA:115,4
DA:116,4
DA:117,4
DA:118,4
DA:135,2
DA:136,2
DA:139,2
DA:140,4
DA:141,4
DA:142,4
DA:143,4
DA:144,4
DA:147,4
DA:151,2
DA:152,2
DA:153,2
DA:154,2
DA:155,2
DA:156,2
DA:157,2
DA:158,2
DA:159,2
DA:160,2
DA:161,2
DA:162,2
DA:163,2
DA:164,2
DA:165,2
DA:168,2
DA:169,0
DA:177,2
DA:178,1
DA:202,2
DA:203,0
DA:204,0
DA:213,2
DA:215,2
DA:216,2
DA:224,2
DA:226,2
DA:227,0
DA:228,0
DA:229,0
DA:230,0
DA:231,0
DA:233,0
DA:237,0
DA:238,0
DA:242,0
DA:243,0
DA:244,0
DA:245,0
DA:246,0
DA:247,0
DA:250,0
DA:251,0
DA:255,2
DA:256,2
DA:257,0
DA:258,0
DA:259,0
DA:261,0
DA:262,0
DA:263,0
DA:264,0
DA:265,0
DA:268,0
DA:271,0
DA:272,0
DA:274,0
DA:275,0
DA:282,0
DA:285,0
DA:286,0
DA:287,0
DA:291,0
DA:295,0
DA:298,2
DA:299,2
DA:301,2
DA:302,0
DA:305,2
DA:306,0
DA:310,2
DA:311,2
DA:314,0
DA:315,0
DA:316,0
DA:320,0
DA:321,0
DA:322,0
DA:323,0
DA:326,0
DA:327,0
DA:328,0
DA:329,0
DA:330,0
DA:334,0
DA:335,0
DA:336,0
DA:342,0
DA:343,0
DA:346,0
DA:348,0
DA:349,0
DA:350,0
DA:353,0
DA:354,0
DA:355,0
DA:356,0
DA:360,0
DA:362,0
DA:363,0
DA:365,0
DA:370,0
DA:371,0
DA:372,0
DA:374,0
DA:375,0
DA:376,0
DA:377,0
DA:378,0
DA:380,0
DA:384,0
DA:387,0
DA:388,0
DA:393,0
DA:394,0
DA:396,0
DA:399,0
DA:400,0
DA:405,0
DA:406,0
DA:408,0
DA:411,0
DA:412,0
DA:413,0
DA:414,0
DA:415,0
DA:417,0
DA:420,0
DA:427,2
DA:429,2
DA:430,0
DA:433,2
LF:210
LH:98
BRDA:11,0,0,2
BRDA:11,0,1,2
BRDA:11,0,2,2
BRDA:16,1,0,2
BRDA:16,1,1,0
BRDA:16,2,0,2
BRDA:16,2,1,2
BRDA:44,3,0,0
BRDA:44,3,1,2
BRDA:52,4,0,0
BRDA:52,4,1,2
BRDA:66,5,0,2
BRDA:66,5,1,2
BRDA:67,6,0,0
BRDA:67,6,1,2
BRDA:72,7,0,2
BRDA:72,7,1,2
BRDA:76,8,0,4
BRDA:76,8,1,0
BRDA:77,9,0,0
BRDA:77,9,1,0
BRDA:78,10,0,0
BRDA:78,10,1,0
BRDA:95,11,0,0
BRDA:95,11,1,0
BRDA:96,12,0,0
BRDA:96,12,1,0
BRDA:96,13,0,0
BRDA:96,13,1,0
BRDA:96,13,2,0
BRDA:105,14,0,0
BRDA:105,14,1,4
BRDA:109,15,0,4
BRDA:109,15,1,0
BRDA:113,16,0,4
BRDA:113,16,1,0
BRDA:114,17,0,0
BRDA:114,17,1,4
BRDA:115,18,0,0
BRDA:115,18,1,4
BRDA:115,19,0,4
BRDA:115,19,1,4
BRDA:115,19,2,4
BRDA:115,19,3,4
BRDA:116,20,0,0
BRDA:116,20,1,4
BRDA:116,21,0,4
BRDA:116,21,1,4
BRDA:116,21,2,4
BRDA:116,21,3,4
BRDA:116,21,4,4
BRDA:117,22,0,0
BRDA:117,22,1,4
BRDA:117,23,0,4
BRDA:117,23,1,4
BRDA:117,23,2,4
BRDA:140,24,0,4
BRDA:140,24,1,4
BRDA:141,25,0,4
BRDA:141,25,1,4
BRDA:142,26,0,4
BRDA:142,26,1,4
BRDA:182,27,0,1
BRDA:182,27,1,0
BRDA:190,28,0,0
BRDA:190,28,1,1
BRDA:192,29,0,0
BRDA:192,29,1,1
BRDA:194,30,0,1
BRDA:194,30,1,0
BRDA:204,31,0,0
BRDA:204,31,1,0
BRDA:206,32,0,0
BRDA:206,32,1,0
BRDA:207,33,0,0
BRDA:207,33,1,0
BRDA:213,34,0,2
BRDA:213,34,1,0
BRDA:218,35,0,2
BRDA:218,35,1,0
BRDA:227,36,0,0
BRDA:227,36,1,0
BRDA:229,37,0,0
BRDA:229,37,1,0
BRDA:230,38,0,0
BRDA:230,38,1,0
BRDA:234,39,0,0
BRDA:234,39,1,0
BRDA:237,40,0,0
BRDA:237,40,1,0
BRDA:243,41,0,0
BRDA:243,41,1,0
BRDA:246,42,0,0
BRDA:246,42,1,0
BRDA:255,43,0,2
BRDA:255,43,1,0
BRDA:256,44,0,0
BRDA:256,44,1,2
BRDA:262,45,0,0
BRDA:262,45,1,0
BRDA:271,46,0,0
BRDA:271,46,1,0
BRDA:310,47,0,2
BRDA:310,47,1,0
BRDA:314,48,0,0
BRDA:314,48,1,0
BRDA:316,49,0,0
BRDA:316,49,1,0
BRDA:320,50,0,0
BRDA:320,50,1,0
BRDA:321,51,0,0
BRDA:321,51,1,0
BRDA:326,52,0,0
BRDA:326,52,1,0
BRDA:328,53,0,0
BRDA:328,53,1,0
BRDA:329,54,0,0
BRDA:329,54,1,0
BRDA:329,54,2,0
BRDA:331,55,0,0
BRDA:331,55,1,0
BRDA:342,56,0,0
BRDA:342,56,1,0
BRDA:342,57,0,0
BRDA:342,57,1,0
BRDA:349,58,0,0
BRDA:349,58,1,0
BRDA:353,59,0,0
BRDA:353,59,1,0
BRDA:362,60,0,0
BRDA:362,60,1,0
BRDA:363,61,0,0
BRDA:363,61,1,0
BRDA:365,62,0,0
BRDA:365,62,1,0
BRDA:365,63,0,0
BRDA:365,63,1,0
BRDA:370,64,0,0
BRDA:370,64,1,0
BRDA:370,65,0,0
BRDA:370,65,1,0
BRDA:374,66,0,0
BRDA:374,66,1,0
BRDA:381,67,0,0
BRDA:381,67,1,0
BRDA:381,68,0,0
BRDA:381,68,1,0
BRDA:384,69,0,0
BRDA:384,69,1,0
BRDA:384,69,2,0
BRDA:387,70,0,0
BRDA:387,70,1,0
BRDA:389,71,0,0
BRDA:389,71,1,0
BRDA:411,72,0,0
BRDA:411,72,1,0
BRDA:427,73,0,2
BRDA:427,73,1,2
BRDA:429,74,0,0
BRDA:429,74,1,2
BRDA:429,75,0,2
BRDA:429,75,1,2
BRF:162
BRH:53
end_of_record
TN:
SF:middleware\auth.js
FN:4,(anonymous_0)
FN:56,(anonymous_1)
FN:57,(anonymous_2)
FN:68,(anonymous_3)
FNF:4
FNH:3
FNDA:2,(anonymous_0)
FNDA:100,(anonymous_1)
FNDA:2,(anonymous_2)
FNDA:0,(anonymous_3)
DA:1,3
DA:2,3
DA:4,3
DA:5,2
DA:6,2
DA:7,2
DA:12,2
DA:13,0
DA:14,0
DA:17,2
DA:18,0
DA:19,0
DA:22,2
DA:23,2
DA:24,2
DA:30,0
DA:31,0
DA:32,0
DA:34,0
DA:35,0
DA:37,0
DA:38,0
DA:39,0
DA:45,0
DA:46,0
DA:48,0
DA:49,0
DA:56,3
DA:57,100
DA:58,2
DA:59,1
DA:64,1
DA:68,3
DA:69,0
DA:70,0
DA:75,0
LF:36
LH:17
BRDA:12,0,0,0
BRDA:12,0,1,2
BRDA:12,1,0,2
BRDA:12,1,1,0
BRDA:17,2,0,0
BRDA:17,2,1,2
BRDA:17,3,0,2
BRDA:17,3,1,0
BRDA:22,4,0,2
BRDA:22,4,1,0
BRDA:37,5,0,0
BRDA:37,5,1,0
BRDA:58,6,0,1
BRDA:58,6,1,1
BRDA:69,7,0,0
BRDA:69,7,1,0
BRF:16
BRH:7
end_of_record
TN:
SF:models\Center.js
FN:56,(anonymous_0)
FNF:1
FNH:0
FNDA:0,(anonymous_0)
DA:1,2
DA:3,2
DA:56,2
DA:57,0
DA:61,2
DA:62,2
DA:64,2
LF:7
LH:6
BRDA:57,0,0,0
BRDA:57,0,1,0
BRF:2
BRH:0
end_of_record
TN:
SF:models\Child.js
FN:99,(anonymous_0)
FNF:1
FNH:0
FNDA:0,(anonymous_0)
DA:1,2
DA:3,2
DA:99,2
DA:100,0
DA:101,0
DA:102,0
DA:106,0
DA:107,0
DA:109,0
DA:112,2
LF:10
LH:4
BRDA:100,0,0,0
BRDA:100,0,1,0
BRDA:100,1,0,0
BRDA:100,1,1,0
BRDA:106,2,0,0
BRDA:106,2,1,0
BRDA:106,3,0,0
BRDA:106,3,1,0
BRDA:107,4,0,0
BRDA:107,4,1,0
BRF:10
BRH:0
end_of_record
TN:
SF:models\DeviceToken.js
FNF:0
FNH:0
DA:1,2
DA:3,2
DA:29,2
DA:31,2
LF:4
LH:4
BRF:0
BRH:0
end_of_record
TN:
SF:models\Exercise.js
FNF:0
FNH:0
DA:1,2
DA:3,2
DA:11,2
DA:60,2
DA:65,2
LF:5
LH:5
BRF:0
BRH:0
end_of_record
TN:
SF:models\LinkRequest.js
FNF:0
FNH:0
DA:1,2
DA:3,2
DA:34,2
DA:36,2
LF:4
LH:4
BRF:0
BRH:0
end_of_record
TN:
SF:models\Message.js
FNF:0
FNH:0
DA:1,2
DA:3,2
DA:32,2
DA:33,2
DA:35,2
LF:5
LH:5
BRF:0
BRH:0
end_of_record
TN:
SF:models\Notification.js
FNF:0
FNH:0
DA:1,2
DA:3,2
DA:36,2
LF:3
LH:3
BRF:0
BRH:0
end_of_record
TN:
SF:models\Progress.js
FN:64,(anonymous_0)
FN:65,(anonymous_1)
FN:73,(anonymous_2)
FN:74,(anonymous_3)
FN:76,(anonymous_4)
FN:79,(anonymous_5)
FNF:6
FNH:0
FNDA:0,(anonymous_0)
FNDA:0,(anonymous_1)
FNDA:0,(anonymous_2)
FNDA:0,(anonymous_3)
FNDA:0,(anonymous_4)
FNDA:0,(anonymous_5)
DA:1,2
DA:3,2
DA:22,2
DA:40,2
DA:64,2
DA:65,0
DA:66,0
DA:67,0
DA:68,0
DA:71,0
DA:72,0
DA:73,0
DA:74,0
DA:76,0
DA:77,0
DA:79,0
DA:80,0
DA:82,0
DA:85,2
LF:19
LH:6
BRDA:67,0,0,0
BRDA:67,0,1,0
BRDA:73,1,0,0
BRDA:73,1,1,0
BRDA:74,2,0,0
BRDA:74,2,1,0
BRDA:76,3,0,0
BRDA:76,3,1,0
BRDA:77,4,0,0
BRDA:77,4,1,0
BRDA:79,5,0,0
BRDA:79,5,1,0
BRDA:80,6,0,0
BRDA:80,6,1,0
BRF:14
BRH:0
end_of_record
TN:
SF:models\Referral.js
FNF:0
FNH:0
DA:1,2
DA:3,2
DA:34,2
DA:36,2
LF:4
LH:4
BRF:0
BRH:0
end_of_record
TN:
SF:models\User.js
FN:95,(anonymous_0)
FN:127,(anonymous_1)
FNF:2
FNH:0
FNDA:0,(anonymous_0)
FNDA:0,(anonymous_1)
DA:1,3
DA:2,3
DA:4,3
DA:95,3
DA:97,0
DA:98,0
DA:102,0
DA:104,0
DA:106,0
DA:107,0
DA:109,0
DA:110,0
DA:112,0
DA:113,0
DA:116,0
DA:120,0
DA:123,0
DA:127,3
DA:128,0
DA:131,3
LF:20
LH:6
BRDA:97,0,0,0
BRDA:97,0,1,0
BRDA:102,1,0,0
BRDA:102,1,1,0
BRDA:102,2,0,0
BRDA:102,2,1,0
BRDA:102,2,2,0
BRDA:104,3,0,0
BRDA:104,3,1,0
BRDA:104,3,2,0
BRF:10
BRH:0
end_of_record
TN:
SF:routes\admin.js
FN:10,(anonymous_0)
FN:37,(anonymous_1)
FN:61,(anonymous_2)
FN:87,(anonymous_3)
FN:148,(anonymous_4)
FN:198,(anonymous_5)
FN:246,(anonymous_6)
FN:254,(anonymous_7)
FN:280,(anonymous_8)
FN:288,(anonymous_9)
FN:315,(anonymous_10)
FN:348,(anonymous_11)
FN:356,(anonymous_12)
FNF:13
FNH:0
FNDA:0,(anonymous_0)
FNDA:0,(anonymous_1)
FNDA:0,(anonymous_2)
FNDA:0,(anonymous_3)
FNDA:0,(anonymous_4)
FNDA:0,(anonymous_5)
FNDA:0,(anonymous_6)
FNDA:0,(anonymous_7)
FNDA:0,(anonymous_8)
FNDA:0,(anonymous_9)
FNDA:0,(anonymous_10)
FNDA:0,(anonymous_11)
FNDA:0,(anonymous_12)
DA:1,2
DA:2,2
DA:3,2
DA:4,2
DA:5,2
DA:6,2
DA:7,2
DA:10,2
DA:11,0
DA:12,0
DA:18,0
DA:19,0
DA:20,0
DA:26,0
DA:27,0
DA:37,2
DA:38,0
DA:39,0
DA:42,0
DA:47,0
DA:61,2
DA:62,0
DA:64,0
DA:71,0
DA:77,0
DA:87,2
DA:88,0
DA:89,0
DA:91,0
DA:92,0
DA:99,0
DA:100,0
DA:101,0
DA:108,0
DA:122,0
DA:126,0
DA:138,0
DA:148,2
DA:149,0
DA:150,0
DA:152,0
DA:154,0
DA:155,0
DA:162,0
DA:163,0
DA:169,0
DA:170,0
DA:171,0
DA:172,0
DA:174,0
DA:176,0
DA:188,0
DA:198,2
DA:199,0
DA:200,0
DA:202,0
DA:203,0
DA:210,0
DA:211,0
DA:218,0
DA:223,0
DA:224,0
DA:226,0
DA:231,0
DA:246,2
DA:247,0
DA:249,0
DA:254,0
DA:256,0
DA:259,0
DA:264,0
DA:270,0
DA:280,2
DA:281,0
DA:283,0
DA:288,0
DA:290,0
DA:293,0
DA:299,0
DA:305,0
DA:315,2
DA:316,0
DA:317,0
DA:319,0
DA:320,0
DA:321,0
DA:324,0
DA:328,0
DA:334,0
DA:348,2
DA:349,0
DA:351,0
DA:356,0
DA:358,0
DA:361,0
DA:368,0
DA:377,0
DA:388,0
DA:395,2
LF:99
LH:18
BRDA:11,0,0,0
BRDA:11,0,1,0
BRDA:19,1,0,0
BRDA:19,1,1,0
BRDA:19,2,0,0
BRDA:19,2,1,0
BRDA:19,2,2,0
BRDA:91,3,0,0
BRDA:91,3,1,0
BRDA:91,4,0,0
BRDA:91,4,1,0
BRDA:91,4,2,0
BRDA:100,5,0,0
BRDA:100,5,1,0
BRDA:154,6,0,0
BRDA:154,6,1,0
BRDA:154,7,0,0
BRDA:154,7,1,0
BRDA:162,8,0,0
BRDA:162,8,1,0
BRDA:162,9,0,0
BRDA:162,9,1,0
BRDA:169,10,0,0
BRDA:169,10,1,0
BRDA:170,11,0,0
BRDA:170,11,1,0
BRDA:171,12,0,0
BRDA:171,12,1,0
BRDA:172,13,0,0
BRDA:172,13,1,0
BRDA:202,14,0,0
BRDA:202,14,1,0
BRDA:202,15,0,0
BRDA:202,15,1,0
BRDA:210,16,0,0
BRDA:210,16,1,0
BRDA:210,17,0,0
BRDA:210,17,1,0
BRDA:320,18,0,0
BRDA:320,18,1,0
BRF:40
BRH:0
end_of_record
TN:
SF:routes\auth.js
FN:20,(anonymous_0)
FN:23,(anonymous_1)
FN:32,(anonymous_2)
FN:46,(anonymous_3)
FN:55,(anonymous_4)
FN:117,(anonymous_5)
FN:160,(anonymous_6)
FN:178,(anonymous_7)
FN:241,(anonymous_8)
FN:279,(anonymous_9)
FN:337,(anonymous_10)
FN:376,(anonymous_11)
FN:421,(anonymous_12)
FN:460,(anonymous_13)
FN:510,(anonymous_14)
FN:538,(anonymous_15)
FNF:16
FNH:1
FNDA:0,(anonymous_0)
FNDA:0,(anonymous_1)
FNDA:0,(anonymous_2)
FNDA:0,(anonymous_3)
FNDA:0,(anonymous_4)
FNDA:1,(anonymous_5)
FNDA:0,(anonymous_6)
FNDA:0,(anonymous_7)
FNDA:0,(anonymous_8)
FNDA:0,(anonymous_9)
FNDA:0,(anonymous_10)
FNDA:0,(anonymous_11)
FNDA:0,(anonymous_12)
FNDA:0,(anonymous_13)
FNDA:0,(anonymous_14)
FNDA:0,(anonymous_15)
DA:1,2
DA:2,2
DA:3,2
DA:4,2
DA:5,2
DA:6,2
DA:7,2
DA:8,2
DA:9,2
DA:10,2
DA:13,2
DA:14,2
DA:15,0
DA:19,2
DA:21,0
DA:24,0
DA:25,0
DA:29,2
DA:33,0
DA:34,0
DA:35,0
DA:37,0
DA:38,0
DA:40,0
DA:46,2
DA:47,0
DA:55,2
DA:56,0
DA:57,0
DA:60,0
DA:61,0
DA:62,0
DA:69,0
DA:72,0
DA:84,0
DA:85,0
DA:86,0
DA:88,0
DA:93,0
DA:95,0
DA:107,0
DA:117,2
DA:118,1
DA:119,1
DA:121,1
DA:122,1
DA:128,0
DA:130,0
DA:131,0
DA:137,0
DA:139,0
DA:150,0
DA:160,2
DA:161,0
DA:162,0
DA:163,0
DA:168,0
DA:178,2
DA:179,0
DA:180,0
DA:181,0
DA:182,0
DA:184,0
DA:186,0
DA:187,0
DA:194,0
DA:195,0
DA:196,0
DA:197,0
DA:202,0
DA:203,0
DA:206,0
DA:207,0
DA:210,0
DA:212,0
DA:215,0
DA:217,0
DA:230,0
DA:231,0
DA:241,2
DA:242,0
DA:243,0
DA:245,0
DA:246,0
DA:252,0
DA:254,0
DA:255,0
DA:261,0
DA:262,0
DA:264,0
DA:269,0
DA:279,2
DA:280,0
DA:281,0
DA:283,0
DA:284,0
DA:290,0
DA:292,0
DA:294,0
DA:301,0
DA:302,0
DA:303,0
DA:305,0
DA:308,0
DA:309,0
DA:310,0
DA:312,0
DA:313,0
DA:314,0
DA:315,0
DA:316,0
DA:322,0
DA:327,0
DA:337,2
DA:338,0
DA:339,0
DA:341,0
DA:342,0
DA:348,0
DA:353,0
DA:354,0
DA:361,0
DA:366,0
DA:376,2
DA:377,0
DA:378,0
DA:380,0
DA:381,0
DA:387,0
DA:392,0
DA:395,0
DA:401,0
DA:402,0
DA:403,0
DA:404,0
DA:406,0
DA:411,0
DA:421,2
DA:422,0
DA:423,0
DA:425,0
DA:426,0
DA:432,0
DA:434,0
DA:435,0
DA:441,0
DA:442,0
DA:443,0
DA:445,0
DA:450,0
DA:460,2
DA:461,0
DA:462,0
DA:464,0
DA:465,0
DA:471,0
DA:472,0
DA:479,0
DA:480,0
DA:481,0
DA:484,0
DA:485,0
DA:486,0
DA:488,0
DA:489,0
DA:495,0
DA:500,0
DA:510,2
DA:511,0
DA:512,0
DA:514,0
DA:515,0
DA:521,0
DA:523,0
DA:528,0
DA:538,2
DA:539,0
DA:540,0
DA:549,0
DA:550,0
DA:556,0
DA:557,0
DA:563,0
DA:568,0
DA:575,2
LF:185
LH:32
BRDA:14,0,0,0
BRDA:14,0,1,2
BRDA:37,1,0,0
BRDA:37,1,1,0
BRDA:37,2,0,0
BRDA:37,2,1,0
BRDA:61,3,0,0
BRDA:61,3,1,0
BRDA:78,4,0,0
BRDA:78,4,1,0
BRDA:79,5,0,0
BRDA:79,5,1,0
BRDA:121,6,0,1
BRDA:121,6,1,0
BRDA:121,7,0,1
BRDA:121,7,1,0
BRDA:130,8,0,0
BRDA:130,8,1,0
BRDA:130,9,0,0
BRDA:130,9,1,0
BRDA:186,10,0,0
BRDA:186,10,1,0
BRDA:194,11,0,0
BRDA:194,11,1,0
BRDA:194,12,0,0
BRDA:194,12,1,0
BRDA:196,13,0,0
BRDA:196,13,1,0
BRDA:206,14,0,0
BRDA:206,14,1,0
BRDA:207,15,0,0
BRDA:207,15,1,0
BRDA:210,16,0,0
BRDA:210,16,1,0
BRDA:245,17,0,0
BRDA:245,17,1,0
BRDA:245,18,0,0
BRDA:245,18,1,0
BRDA:254,19,0,0
BRDA:254,19,1,0
BRDA:283,20,0,0
BRDA:283,20,1,0
BRDA:292,21,0,0
BRDA:292,21,1,0
BRDA:341,22,0,0
BRDA:341,22,1,0
BRDA:353,23,0,0
BRDA:353,23,1,0
BRDA:380,24,0,0
BRDA:380,24,1,0
BRDA:380,25,0,0
BRDA:380,25,1,0
BRDA:392,26,0,0
BRDA:392,26,1,0
BRDA:425,27,0,0
BRDA:425,27,1,0
BRDA:434,28,0,0
BRDA:434,28,1,0
BRDA:464,29,0,0
BRDA:464,29,1,0
BRDA:471,30,0,0
BRDA:471,30,1,0
BRDA:514,31,0,0
BRDA:514,31,1,0
BRDA:549,32,0,0
BRDA:549,32,1,0
BRDA:556,33,0,0
BRDA:556,33,1,0
BRF:68
BRH:3
end_of_record
TN:
SF:routes\child.js
FN:11,(anonymous_0)
FN:57,(anonymous_1)
FN:87,(anonymous_2)
FN:118,(anonymous_3)
FN:150,(anonymous_4)
FN:185,(anonymous_5)
FN:212,(anonymous_6)
FN:238,(anonymous_7)
FN:270,(anonymous_8)
FN:305,(anonymous_9)
FNF:10
FNH:0
FNDA:0,(anonymous_0)
FNDA:0,(anonymous_1)
FNDA:0,(anonymous_2)
FNDA:0,(anonymous_3)
FNDA:0,(anonymous_4)
FNDA:0,(anonymous_5)
FNDA:0,(anonymous_6)
FNDA:0,(anonymous_7)
FNDA:0,(anonymous_8)
FNDA:0,(anonymous_9)
DA:1,2
DA:2,2
DA:3,2
DA:4,2
DA:5,2
DA:6,2
DA:11,2
DA:12,0
DA:13,0
DA:14,0
DA:15,0
DA:18,0
DA:19,0
DA:20,0
DA:26,0
DA:27,0
DA:32,0
DA:33,0
DA:34,0
DA:37,0
DA:38,0
DA:39,0
DA:41,0
DA:46,0
DA:47,0
DA:57,2
DA:58,0
DA:59,0
DA:60,0
DA:61,0
DA:65,0
DA:67,0
DA:69,0
DA:77,0
DA:86,0
DA:87,0
DA:88,0
DA:89,0
DA:94,0
DA:95,0
DA:96,0
DA:99,0
DA:100,0
DA:102,0
DA:113,0
DA:118,0
DA:119,0
DA:120,0
DA:124,0
DA:126,0
DA:127,0
DA:133,0
DA:139,0
DA:140,0
DA:150,2
DA:151,0
DA:152,0
DA:163,0
DA:164,0
DA:171,0
DA:172,0
DA:178,0
DA:179,0
DA:180,0
DA:183,0
DA:184,0
DA:185,0
DA:186,0
DA:189,0
DA:190,0
DA:197,0
DA:202,0
DA:212,2
DA:213,0
DA:214,0
DA:216,0
DA:217,0
DA:224,0
DA:225,0
DA:231,0
DA:232,0
DA:233,0
DA:236,0
DA:237,0
DA:238,0
DA:239,0
DA:242,0
DA:243,0
DA:250,0
DA:255,0
DA:260,0
DA:270,2
DA:271,0
DA:272,0
DA:274,0
DA:275,0
DA:281,0
DA:282,0
DA:288,0
DA:290,0
DA:295,0
DA:305,2
DA:306,0
DA:307,0
DA:309,0
DA:310,0
DA:316,0
DA:317,0
DA:323,0
DA:324,0
DA:326,0
DA:332,0
DA:339,2
LF:113
LH:13
BRDA:18,0,0,0
BRDA:18,0,1,0
BRDA:65,1,0,0
BRDA:65,1,1,0
BRDA:67,2,0,0
BRDA:67,2,1,0
BRDA:86,3,0,0
BRDA:86,3,1,0
BRDA:86,4,0,0
BRDA:86,4,1,0
BRDA:88,5,0,0
BRDA:88,5,1,0
BRDA:95,6,0,0
BRDA:95,6,1,0
BRDA:100,7,0,0
BRDA:100,7,1,0
BRDA:119,8,0,0
BRDA:119,8,1,0
BRDA:163,9,0,0
BRDA:163,9,1,0
BRDA:171,10,0,0
BRDA:171,10,1,0
BRDA:171,11,0,0
BRDA:171,11,1,0
BRDA:178,12,0,0
BRDA:178,12,1,0
BRDA:179,13,0,0
BRDA:179,13,1,0
BRDA:183,14,0,0
BRDA:183,14,1,0
BRDA:183,15,0,0
BRDA:183,15,1,0
BRDA:185,16,0,0
BRDA:185,16,1,0
BRDA:189,17,0,0
BRDA:189,17,1,0
BRDA:189,18,0,0
BRDA:189,18,1,0
BRDA:216,19,0,0
BRDA:216,19,1,0
BRDA:224,20,0,0
BRDA:224,20,1,0
BRDA:224,21,0,0
BRDA:224,21,1,0
BRDA:231,22,0,0
BRDA:231,22,1,0
BRDA:232,23,0,0
BRDA:232,23,1,0
BRDA:236,24,0,0
BRDA:236,24,1,0
BRDA:236,25,0,0
BRDA:236,25,1,0
BRDA:238,26,0,0
BRDA:238,26,1,0
BRDA:242,27,0,0
BRDA:242,27,1,0
BRDA:242,28,0,0
BRDA:242,28,1,0
BRDA:274,29,0,0
BRDA:274,29,1,0
BRDA:281,30,0,0
BRDA:281,30,1,0
BRDA:309,31,0,0
BRDA:309,31,1,0
BRDA:316,32,0,0
BRDA:316,32,1,0
BRF:66
BRH:0
end_of_record
TN:
SF:routes\content.js
FN:6,getOrCreateContentDoc
FN:14,asLegacyContentItem
FN:30,(anonymous_2)
FN:37,(anonymous_3)
FN:39,(anonymous_4)
FN:40,(anonymous_5)
FN:47,(anonymous_6)
FN:66,(anonymous_7)
FN:72,(anonymous_8)
FN:76,(anonymous_9)
FN:77,(anonymous_10)
FN:96,(anonymous_11)
FN:102,(anonymous_12)
FN:106,(anonymous_13)
FN:107,(anonymous_14)
FN:126,(anonymous_15)
FN:173,(anonymous_16)
FN:208,(anonymous_17)
FN:251,(anonymous_18)
FN:262,(anonymous_19)
FN:285,(anonymous_20)
FNF:21
FNH:0
FNDA:0,getOrCreateContentDoc
FNDA:0,asLegacyContentItem
FNDA:0,(anonymous_2)
FNDA:0,(anonymous_3)
FNDA:0,(anonymous_4)
FNDA:0,(anonymous_5)
FNDA:0,(anonymous_6)
FNDA:0,(anonymous_7)
FNDA:0,(anonymous_8)
FNDA:0,(anonymous_9)
FNDA:0,(anonymous_10)
FNDA:0,(anonymous_11)
FNDA:0,(anonymous_12)
FNDA:0,(anonymous_13)
FNDA:0,(anonymous_14)
FNDA:0,(anonymous_15)
FNDA:0,(anonymous_16)
FNDA:0,(anonymous_17)
FNDA:0,(anonymous_18)
FNDA:0,(anonymous_19)
FNDA:0,(anonymous_20)
DA:1,2
DA:2,2
DA:3,2
DA:4,2
DA:7,0
DA:15,0
DA:30,2
DA:31,0
DA:32,0
DA:33,0
DA:35,0
DA:37,0
DA:39,0
DA:40,0
DA:42,0
DA:43,0
DA:44,0
DA:45,0
DA:47,0
DA:49,0
DA:55,0
DA:56,0
DA:66,2
DA:67,0
DA:68,0
DA:69,0
DA:71,0
DA:72,0
DA:74,0
DA:76,0
DA:77,0
DA:79,0
DA:85,0
DA:86,0
DA:96,2
DA:97,0
DA:98,0
DA:99,0
DA:101,0
DA:102,0
DA:104,0
DA:106,0
DA:107,0
DA:109,0
DA:115,0
DA:116,0
DA:126,2
DA:127,0
DA:128,0
DA:131,0
DA:132,0
DA:139,0
DA:140,0
DA:147,0
DA:148,0
DA:155,0
DA:156,0
DA:162,0
DA:163,0
DA:169,0
DA:170,0
DA:171,0
DA:173,0
DA:174,0
DA:175,0
DA:181,0
DA:186,0
DA:187,0
DA:189,0
DA:191,0
DA:197,0
DA:198,0
DA:208,2
DA:209,0
DA:210,0
DA:212,0
DA:220,0
DA:221,0
DA:227,0
DA:228,0
DA:230,0
DA:231,0
DA:233,0
DA:235,0
DA:240,0
DA:241,0
DA:251,2
DA:252,0
DA:253,0
DA:255,0
DA:256,0
DA:258,0
DA:262,0
DA:264,0
DA:265,0
DA:266,0
DA:268,0
DA:269,0
DA:270,0
DA:271,0
DA:272,0
DA:276,0
DA:277,0
DA:278,0
DA:279,0
DA:280,0
DA:285,0
DA:287,0
DA:293,0
DA:294,0
DA:301,2
LF:111
LH:11
BRDA:37,0,0,0
BRDA:37,0,1,0
BRDA:37,0,2,0
BRDA:39,1,0,0
BRDA:39,1,1,0
BRDA:40,2,0,0
BRDA:40,2,1,0
BRDA:43,3,0,0
BRDA:43,3,1,0
BRDA:44,4,0,0
BRDA:44,4,1,0
BRDA:47,5,0,0
BRDA:47,5,1,0
BRDA:47,6,0,0
BRDA:47,6,1,0
BRDA:72,7,0,0
BRDA:72,7,1,0
BRDA:72,7,2,0
BRDA:74,8,0,0
BRDA:74,8,1,0
BRDA:77,9,0,0
BRDA:77,9,1,0
BRDA:77,10,0,0
BRDA:77,10,1,0
BRDA:102,11,0,0
BRDA:102,11,1,0
BRDA:102,11,2,0
BRDA:104,12,0,0
BRDA:104,12,1,0
BRDA:107,13,0,0
BRDA:107,13,1,0
BRDA:107,14,0,0
BRDA:107,14,1,0
BRDA:131,15,0,0
BRDA:131,15,1,0
BRDA:131,16,0,0
BRDA:131,16,1,0
BRDA:131,16,2,0
BRDA:139,17,0,0
BRDA:139,17,1,0
BRDA:147,18,0,0
BRDA:147,18,1,0
BRDA:147,19,0,0
BRDA:147,19,1,0
BRDA:155,20,0,0
BRDA:155,20,1,0
BRDA:155,21,0,0
BRDA:155,21,1,0
BRDA:162,22,0,0
BRDA:162,22,1,0
BRDA:162,23,0,0
BRDA:162,23,1,0
BRDA:171,24,0,0
BRDA:171,24,1,0
BRDA:174,25,0,0
BRDA:174,25,1,0
BRDA:177,26,0,0
BRDA:177,26,1,0
BRDA:183,27,0,0
BRDA:183,27,1,0
BRDA:193,28,0,0
BRDA:193,28,1,0
BRDA:220,29,0,0
BRDA:220,29,1,0
BRDA:230,30,0,0
BRDA:230,30,1,0
BRDA:231,31,0,0
BRDA:231,31,1,0
BRDA:256,32,0,0
BRDA:256,32,1,0
BRDA:262,33,0,0
BRDA:262,33,1,0
BRDA:262,33,2,0
BRDA:266,34,0,0
BRDA:266,34,1,0
BRDA:268,35,0,0
BRDA:268,35,1,0
BRDA:268,36,0,0
BRDA:268,36,1,0
BRDA:269,37,0,0
BRDA:269,37,1,0
BRDA:276,38,0,0
BRDA:276,38,1,0
BRDA:276,39,0,0
BRDA:276,39,1,0
BRDA:277,40,0,0
BRDA:277,40,1,0
BRDA:285,41,0,0
BRDA:285,41,1,0
BRDA:285,42,0,0
BRDA:285,42,1,0
BRF:91
BRH:0
end_of_record
TN:
SF:routes\debug.js
FN:7,(anonymous_0)
FN:23,(anonymous_1)
FN:45,(anonymous_2)
FN:63,(anonymous_3)
FNF:4
FNH:0
FNDA:0,(anonymous_0)
FNDA:0,(anonymous_1)
FNDA:0,(anonymous_2)
FNDA:0,(anonymous_3)
DA:2,2
DA:3,2
DA:4,2
DA:7,2
DA:8,0
DA:23,2
DA:24,0
DA:25,0
DA:28,0
DA:29,0
DA:32,0
DA:40,0
DA:45,2
DA:46,0
DA:47,0
DA:50,0
DA:55,0
DA:60,2
DA:61,2
DA:63,2
DA:64,0
DA:65,0
DA:66,0
DA:67,0
DA:69,0
DA:70,0
DA:72,0
DA:76,2
LF:28
LH:10
BRDA:10,0,0,0
BRDA:10,0,1,0
BRDA:16,1,0,0
BRDA:16,1,1,0
BRDA:28,2,0,0
BRDA:28,2,1,0
BRDA:36,3,0,0
BRDA:36,3,1,0
BRDA:37,4,0,0
BRDA:37,4,1,0
BRDA:66,5,0,0
BRDA:66,5,1,0
BRF:12
BRH:0
end_of_record
TN:
SF:routes\exercise.js
FN:11,(anonymous_0)
FN:14,(anonymous_1)
FN:75,(anonymous_2)
FN:76,(anonymous_3)
FN:81,(anonymous_4)
FN:82,(anonymous_5)
FN:102,(anonymous_6)
FN:160,(anonymous_7)
FN:198,(anonymous_8)
FN:234,(anonymous_9)
FN:281,(anonymous_10)
FNF:11
FNH:0
FNDA:0,(anonymous_0)
FNDA:0,(anonymous_1)
FNDA:0,(anonymous_2)
FNDA:0,(anonymous_3)
FNDA:0,(anonymous_4)
FNDA:0,(anonymous_5)
FNDA:0,(anonymous_6)
FNDA:0,(anonymous_7)
FNDA:0,(anonymous_8)
FNDA:0,(anonymous_9)
FNDA:0,(anonymous_10)
DA:1,2
DA:2,2
DA:3,2
DA:4,2
DA:5,2
DA:6,2
DA:11,2
DA:12,0
DA:13,0
DA:14,0
DA:15,0
DA:16,0
DA:19,0
DA:21,0
DA:22,0
DA:28,0
DA:29,0
DA:30,0
DA:31,0
DA:32,0
DA:34,0
DA:35,0
DA:43,0
DA:49,0
DA:53,0
DA:55,0
DA:73,0
DA:74,0
DA:75,0
DA:76,0
DA:79,0
DA:80,0
DA:81,0
DA:82,0
DA:85,0
DA:87,0
DA:92,0
DA:102,2
DA:103,0
DA:104,0
DA:106,0
DA:107,0
DA:114,0
DA:115,0
DA:121,0
DA:122,0
DA:123,0
DA:124,0
DA:125,0
DA:126,0
DA:127,0
DA:134,0
DA:137,0
DA:138,0
DA:140,0
DA:144,0
DA:150,0
DA:160,2
DA:161,0
DA:162,0
DA:164,0
DA:165,0
DA:171,0
DA:172,0
DA:178,0
DA:183,0
DA:188,0
DA:198,2
DA:199,0
DA:200,0
DA:202,0
DA:203,0
DA:209,0
DA:210,0
DA:216,0
DA:217,0
DA:219,0
DA:224,0
DA:234,2
DA:235,0
DA:236,0
DA:266,0
DA:271,0
DA:281,2
DA:282,0
DA:283,0
DA:309,0
DA:314,0
DA:321,2
LF:89
LH:13
BRDA:16,0,0,0
BRDA:16,0,1,0
BRDA:21,1,0,0
BRDA:21,1,1,0
BRDA:28,2,0,0
BRDA:28,2,1,0
BRDA:28,3,0,0
BRDA:28,3,1,0
BRDA:30,4,0,0
BRDA:30,4,1,0
BRDA:32,5,0,0
BRDA:32,5,1,0
BRDA:34,6,0,0
BRDA:34,6,1,0
BRDA:53,7,0,0
BRDA:53,7,1,0
BRDA:60,8,0,0
BRDA:60,8,1,0
BRDA:63,9,0,0
BRDA:63,9,1,0
BRDA:64,10,0,0
BRDA:64,10,1,0
BRDA:65,11,0,0
BRDA:65,11,1,0
BRDA:66,12,0,0
BRDA:66,12,1,0
BRDA:67,13,0,0
BRDA:67,13,1,0
BRDA:68,14,0,0
BRDA:68,14,1,0
BRDA:73,15,0,0
BRDA:73,15,1,0
BRDA:75,16,0,0
BRDA:75,16,1,0
BRDA:75,17,0,0
BRDA:75,17,1,0
BRDA:76,18,0,0
BRDA:76,18,1,0
BRDA:79,19,0,0
BRDA:79,19,1,0
BRDA:81,20,0,0
BRDA:81,20,1,0
BRDA:81,21,0,0
BRDA:81,21,1,0
BRDA:82,22,0,0
BRDA:82,22,1,0
BRDA:106,23,0,0
BRDA:106,23,1,0
BRDA:114,24,0,0
BRDA:114,24,1,0
BRDA:114,25,0,0
BRDA:114,25,1,0
BRDA:121,26,0,0
BRDA:121,26,1,0
BRDA:121,27,0,0
BRDA:121,27,1,0
BRDA:121,27,2,0
BRDA:123,28,0,0
BRDA:123,28,1,0
BRDA:125,29,0,0
BRDA:125,29,1,0
BRDA:126,30,0,0
BRDA:126,30,1,0
BRDA:134,31,0,0
BRDA:134,31,1,0
BRDA:134,32,0,0
BRDA:134,32,1,0
BRDA:135,33,0,0
BRDA:135,33,1,0
BRDA:138,34,0,0
BRDA:138,34,1,0
BRDA:164,35,0,0
BRDA:164,35,1,0
BRDA:171,36,0,0
BRDA:171,36,1,0
BRDA:202,37,0,0
BRDA:202,37,1,0
BRDA:209,38,0,0
BRDA:209,38,1,0
BRF:79
BRH:0
end_of_record
TN:
SF:routes\messages.js
FN:13,(anonymous_0)
FN:52,(anonymous_1)
FN:55,(anonymous_2)
FN:96,(anonymous_3)
FN:119,(anonymous_4)
FN:136,(anonymous_5)
FN:137,(anonymous_6)
FN:141,(anonymous_7)
FN:174,(anonymous_8)
FN:175,(anonymous_9)
FN:198,(anonymous_10)
FN:256,(anonymous_11)
FN:297,(anonymous_12)
FN:342,(anonymous_13)
FN:400,(anonymous_14)
FNF:15
FNH:0
FNDA:0,(anonymous_0)
FNDA:0,(anonymous_1)
FNDA:0,(anonymous_2)
FNDA:0,(anonymous_3)
FNDA:0,(anonymous_4)
FNDA:0,(anonymous_5)
FNDA:0,(anonymous_6)
FNDA:0,(anonymous_7)
FNDA:0,(anonymous_8)
FNDA:0,(anonymous_9)
FNDA:0,(anonymous_10)
FNDA:0,(anonymous_11)
FNDA:0,(anonymous_12)
FNDA:0,(anonymous_13)
FNDA:0,(anonymous_14)
DA:1,2
DA:2,2
DA:3,2
DA:4,2
DA:5,2
DA:6,2
DA:7,2
DA:8,2
DA:13,2
DA:14,0
DA:15,0
DA:17,0
DA:18,0
DA:25,0
DA:26,0
DA:27,0
DA:34,0
DA:41,0
DA:42,0
DA:45,0
DA:46,0
DA:47,0
DA:48,0
DA:52,0
DA:53,0
DA:54,0
DA:55,0
DA:57,0
DA:58,0
DA:59,0
DA:61,0
DA:76,0
DA:80,0
DA:85,0
DA:86,0
DA:96,2
DA:97,0
DA:98,0
DA:103,0
DA:108,0
DA:109,0
DA:119,2
DA:120,0
DA:121,0
DA:124,0
DA:129,0
DA:135,0
DA:136,0
DA:137,0
DA:141,0
DA:142,0
DA:144,0
DA:147,0
DA:155,0
DA:161,0
DA:173,0
DA:174,0
DA:176,0
DA:177,0
DA:178,0
DA:181,0
DA:187,0
DA:188,0
DA:198,2
DA:199,0
DA:200,0
DA:201,0
DA:202,0
DA:205,0
DA:206,0
DA:207,0
DA:214,0
DA:227,0
DA:239,0
DA:245,0
DA:246,0
DA:256,2
DA:257,0
DA:258,0
DA:260,0
DA:262,0
DA:263,0
DA:270,0
DA:271,0
DA:277,0
DA:278,0
DA:279,0
DA:281,0
DA:286,0
DA:287,0
DA:297,2
DA:298,0
DA:299,0
DA:301,0
DA:303,0
DA:304,0
DA:311,0
DA:312,0
DA:318,0
DA:319,0
DA:320,0
DA:321,0
DA:324,0
DA:326,0
DA:331,0
DA:332,0
DA:342,2
DA:343,0
DA:344,0
DA:345,0
DA:347,0
DA:348,0
DA:354,0
DA:356,0
DA:357,0
DA:364,0
DA:365,0
DA:371,0
DA:372,0
DA:373,0
DA:375,0
DA:376,0
DA:378,0
DA:379,0
DA:380,0
DA:381,0
DA:384,0
DA:389,0
DA:390,0
DA:400,2
DA:401,0
DA:402,0
DA:403,0
DA:406,0
DA:413,0
DA:418,0
DA:419,0
DA:426,2
LF:138
LH:17
BRDA:17,0,0,0
BRDA:17,0,1,0
BRDA:17,1,0,0
BRDA:17,1,1,0
BRDA:26,2,0,0
BRDA:26,2,1,0
BRDA:46,3,0,0
BRDA:46,3,1,0
BRDA:57,4,0,0
BRDA:57,4,1,0
BRDA:58,5,0,0
BRDA:58,5,1,0
BRDA:59,6,0,0
BRDA:59,6,1,0
BRDA:69,7,0,0
BRDA:69,7,1,0
BRDA:71,8,0,0
BRDA:71,8,1,0
BRDA:76,9,0,0
BRDA:76,9,1,0
BRDA:144,10,0,0
BRDA:144,10,1,0
BRDA:163,11,0,0
BRDA:163,11,1,0
BRDA:176,12,0,0
BRDA:176,12,1,0
BRDA:177,13,0,0
BRDA:177,13,1,0
BRDA:202,14,0,0
BRDA:202,15,0,0
BRDA:206,16,0,0
BRDA:206,16,1,0
BRDA:262,17,0,0
BRDA:262,17,1,0
BRDA:270,18,0,0
BRDA:270,18,1,0
BRDA:303,19,0,0
BRDA:303,19,1,0
BRDA:311,20,0,0
BRDA:311,20,1,0
BRDA:319,21,0,0
BRDA:319,21,1,0
BRDA:347,22,0,0
BRDA:347,22,1,0
BRDA:356,23,0,0
BRDA:356,23,1,0
BRDA:364,24,0,0
BRDA:364,24,1,0
BRDA:379,25,0,0
BRDA:379,25,1,0
BRF:50
BRH:0
end_of_record
TN:
SF:routes\notifications.js
FN:8,(anonymous_0)
FN:45,(anonymous_1)
FNF:2
FNH:0
FNDA:0,(anonymous_0)
FNDA:0,(anonymous_1)
DA:1,2
DA:2,2
DA:3,2
DA:4,2
DA:8,2
DA:9,0
DA:10,0
DA:12,0
DA:13,0
DA:19,0
DA:21,0
DA:25,0
DA:36,0
DA:38,0
DA:39,0
DA:45,2
DA:46,0
DA:47,0
DA:48,0
DA:49,0
DA:52,0
DA:53,0
DA:55,0
DA:56,0
DA:60,2
LF:25
LH:7
BRDA:12,0,0,0
BRDA:12,0,1,0
BRDA:12,1,0,0
BRDA:12,1,1,0
BRDA:12,1,2,0
BRDA:21,2,0,0
BRDA:21,2,1,0
BRDA:21,3,0,0
BRDA:21,3,1,0
BRDA:21,3,2,0
BRDA:48,4,0,0
BRDA:48,4,1,0
BRDA:48,5,0,0
BRDA:48,5,1,0
BRDA:48,5,2,0
BRF:15
BRH:0
end_of_record
TN:
SF:routes\parent.js
FN:12,(anonymous_0)
FN:56,(anonymous_1)
FN:96,(anonymous_2)
FN:189,(anonymous_3)
FN:211,(anonymous_4)
FN:255,(anonymous_5)
FN:282,(anonymous_6)
FN:304,(anonymous_7)
FN:342,(anonymous_8)
FN:364,(anonymous_9)
FN:383,(anonymous_10)
FN:384,(anonymous_11)
FNF:12
FNH:0
FNDA:0,(anonymous_0)
FNDA:0,(anonymous_1)
FNDA:0,(anonymous_2)
FNDA:0,(anonymous_3)
FNDA:0,(anonymous_4)
FNDA:0,(anonymous_5)
FNDA:0,(anonymous_6)
FNDA:0,(anonymous_7)
FNDA:0,(anonymous_8)
FNDA:0,(anonymous_9)
FNDA:0,(anonymous_10)
FNDA:0,(anonymous_11)
DA:1,2
DA:2,2
DA:3,2
DA:4,2
DA:5,2
DA:6,2
DA:7,2
DA:12,2
DA:13,0
DA:14,0
DA:15,0
DA:18,0
DA:28,0
DA:29,0
DA:35,0
DA:40,0
DA:46,0
DA:56,2
DA:57,0
DA:58,0
DA:59,0
DA:62,0
DA:67,0
DA:68,0
DA:75,0
DA:80,0
DA:86,0
DA:96,2
DA:97,0
DA:98,0
DA:99,0
DA:101,0
DA:102,0
DA:108,0
DA:109,0
DA:116,0
DA:117,0
DA:118,0
DA:125,0
DA:126,0
DA:127,0
DA:136,0
DA:137,0
DA:144,0
DA:151,0
DA:152,0
DA:159,0
DA:167,0
DA:168,0
DA:171,0
DA:173,0
DA:179,0
DA:189,2
DA:190,0
DA:191,0
DA:195,0
DA:201,0
DA:211,2
DA:212,0
DA:213,0
DA:215,0
DA:216,0
DA:223,0
DA:224,0
DA:231,0
DA:232,0
DA:238,0
DA:240,0
DA:245,0
DA:255,2
DA:256,0
DA:257,0
DA:260,0
DA:261,0
DA:267,0
DA:272,0
DA:282,2
DA:283,0
DA:284,0
DA:288,0
DA:294,0
DA:304,2
DA:305,0
DA:306,0
DA:308,0
DA:309,0
DA:316,0
DA:317,0
DA:323,0
DA:324,0
DA:326,0
DA:332,0
DA:342,2
DA:343,0
DA:344,0
DA:349,0
DA:354,0
DA:364,2
DA:365,0
DA:366,0
DA:368,0
DA:369,0
DA:375,0
DA:378,0
DA:383,0
DA:384,0
DA:387,0
DA:388,0
DA:391,0
DA:396,0
DA:397,0
DA:402,0
DA:408,0
DA:409,0
DA:422,0
DA:425,0
DA:431,0
DA:438,2
LF:118
LH:18
BRDA:28,0,0,0
BRDA:28,0,1,0
BRDA:28,1,0,0
BRDA:28,1,1,0
BRDA:67,2,0,0
BRDA:67,2,1,0
BRDA:67,3,0,0
BRDA:67,3,1,0
BRDA:101,4,0,0
BRDA:101,4,1,0
BRDA:108,5,0,0
BRDA:108,5,1,0
BRDA:117,6,0,0
BRDA:117,6,1,0
BRDA:117,7,0,0
BRDA:117,7,1,0
BRDA:126,8,0,0
BRDA:126,8,1,0
BRDA:126,9,0,0
BRDA:126,9,1,0
BRDA:136,10,0,0
BRDA:136,10,1,0
BRDA:151,11,0,0
BRDA:151,11,1,0
BRDA:163,12,0,0
BRDA:163,12,1,0
BRDA:215,13,0,0
BRDA:215,13,1,0
BRDA:223,14,0,0
BRDA:223,14,1,0
BRDA:231,15,0,0
BRDA:231,15,1,0
BRDA:260,16,0,0
BRDA:260,16,1,0
BRDA:308,17,0,0
BRDA:308,17,1,0
BRDA:316,18,0,0
BRDA:316,18,1,0
BRDA:368,19,0,0
BRDA:368,19,1,0
BRDA:396,20,0,0
BRDA:396,20,1,0
BRDA:413,21,0,0
BRDA:413,21,1,0
BRDA:414,22,0,0
BRDA:414,22,1,0
BRF:46
BRH:0
end_of_record
TN:
SF:routes\progress.js
FN:11,(anonymous_0)
FN:32,(anonymous_1)
FN:65,(anonymous_2)
FN:96,(anonymous_3)
FN:107,(anonymous_4)
FN:163,(anonymous_5)
FN:184,(anonymous_6)
FN:226,(anonymous_7)
FN:228,(anonymous_8)
FN:253,(anonymous_9)
FN:277,(anonymous_10)
FN:307,(anonymous_11)
FN:328,(anonymous_12)
FN:379,(anonymous_13)
FNF:14
FNH:0
FNDA:0,(anonymous_0)
FNDA:0,(anonymous_1)
FNDA:0,(anonymous_2)
FNDA:0,(anonymous_3)
FNDA:0,(anonymous_4)
FNDA:0,(anonymous_5)
FNDA:0,(anonymous_6)
FNDA:0,(anonymous_7)
FNDA:0,(anonymous_8)
FNDA:0,(anonymous_9)
FNDA:0,(anonymous_10)
FNDA:0,(anonymous_11)
FNDA:0,(anonymous_12)
FNDA:0,(anonymous_13)
DA:1,2
DA:2,2
DA:3,2
DA:4,2
DA:5,2
DA:6,2
DA:11,2
DA:12,0
DA:13,0
DA:15,0
DA:16,0
DA:23,0
DA:24,0
DA:30,0
DA:31,0
DA:32,0
DA:33,0
DA:34,0
DA:36,0
DA:37,0
DA:44,0
DA:46,0
DA:47,0
DA:50,0
DA:55,0
DA:65,2
DA:66,0
DA:67,0
DA:69,0
DA:71,0
DA:72,0
DA:75,0
DA:76,0
DA:77,0
DA:79,0
DA:81,0
DA:86,0
DA:96,2
DA:97,0
DA:98,0
DA:100,0
DA:102,0
DA:103,0
DA:107,0
DA:108,0
DA:111,0
DA:112,0
DA:114,0
DA:117,0
DA:118,0
DA:119,0
DA:120,0
DA:121,0
DA:133,0
DA:137,0
DA:138,0
DA:139,0
DA:144,0
DA:147,0
DA:153,0
DA:163,2
DA:164,0
DA:165,0
DA:167,0
DA:168,0
DA:175,0
DA:176,0
DA:182,0
DA:183,0
DA:184,0
DA:185,0
DA:186,0
DA:188,0
DA:189,0
DA:196,0
DA:198,0
DA:199,0
DA:211,0
DA:216,0
DA:226,2
DA:227,0
DA:228,0
DA:229,0
DA:230,0
DA:231,0
DA:234,0
DA:236,0
DA:237,0
DA:244,0
DA:245,0
DA:251,0
DA:252,0
DA:253,0
DA:254,0
DA:255,0
DA:257,0
DA:258,0
DA:265,0
DA:267,0
DA:268,0
DA:275,0
DA:277,0
DA:292,0
DA:297,0
DA:307,2
DA:308,0
DA:309,0
DA:311,0
DA:312,0
DA:319,0
DA:320,0
DA:326,0
DA:327,0
DA:328,0
DA:329,0
DA:330,0
DA:332,0
DA:333,0
DA:340,0
DA:341,0
DA:343,0
DA:345,0
DA:346,0
DA:352,0
DA:353,0
DA:354,0
DA:355,0
DA:356,0
DA:357,0
DA:358,0
DA:379,0
DA:380,0
DA:381,0
DA:382,0
DA:385,0
DA:390,0
DA:397,2
LF:137
LH:13
BRDA:15,0,0,0
BRDA:15,0,1,0
BRDA:23,1,0,0
BRDA:23,1,1,0
BRDA:23,2,0,0
BRDA:23,2,1,0
BRDA:30,3,0,0
BRDA:30,3,1,0
BRDA:32,4,0,0
BRDA:32,4,1,0
BRDA:33,5,0,0
BRDA:33,5,1,0
BRDA:34,6,0,0
BRDA:34,6,1,0
BRDA:36,7,0,0
BRDA:36,7,1,0
BRDA:36,8,0,0
BRDA:36,8,1,0
BRDA:46,9,0,0
BRDA:46,9,1,0
BRDA:71,10,0,0
BRDA:71,10,1,0
BRDA:102,11,0,0
BRDA:102,11,1,0
BRDA:119,12,0,0
BRDA:119,12,1,0
BRDA:119,13,0,0
BRDA:119,13,1,0
BRDA:138,14,0,0
BRDA:138,14,1,0
BRDA:167,15,0,0
BRDA:167,15,1,0
BRDA:175,16,0,0
BRDA:175,16,1,0
BRDA:175,17,0,0
BRDA:175,17,1,0
BRDA:182,18,0,0
BRDA:182,18,1,0
BRDA:184,19,0,0
BRDA:184,19,1,0
BRDA:185,20,0,0
BRDA:185,20,1,0
BRDA:186,21,0,0
BRDA:186,21,1,0
BRDA:188,22,0,0
BRDA:188,22,1,0
BRDA:188,23,0,0
BRDA:188,23,1,0
BRDA:198,24,0,0
BRDA:198,24,1,0
BRDA:230,25,0,0
BRDA:230,25,1,0
BRDA:236,26,0,0
BRDA:236,26,1,0
BRDA:244,27,0,0
BRDA:244,27,1,0
BRDA:244,28,0,0
BRDA:244,28,1,0
BRDA:251,29,0,0
BRDA:251,29,1,0
BRDA:253,30,0,0
BRDA:253,30,1,0
BRDA:254,31,0,0
BRDA:254,31,1,0
BRDA:255,32,0,0
BRDA:255,32,1,0
BRDA:257,33,0,0
BRDA:257,33,1,0
BRDA:257,34,0,0
BRDA:257,34,1,0
BRDA:267,35,0,0
BRDA:267,35,1,0
BRDA:267,36,0,0
BRDA:267,36,1,0
BRDA:267,36,2,0
BRDA:279,37,0,0
BRDA:279,37,1,0
BRDA:280,38,0,0
BRDA:280,38,1,0
BRDA:281,39,0,0
BRDA:281,39,1,0
BRDA:282,40,0,0
BRDA:282,40,1,0
BRDA:283,41,0,0
BRDA:283,41,1,0
BRDA:284,42,0,0
BRDA:284,42,1,0
BRDA:285,43,0,0
BRDA:285,43,1,0
BRDA:286,44,0,0
BRDA:286,44,1,0
BRDA:287,45,0,0
BRDA:287,45,1,0
BRDA:311,46,0,0
BRDA:311,46,1,0
BRDA:319,47,0,0
BRDA:319,47,1,0
BRDA:319,48,0,0
BRDA:319,48,1,0
BRDA:326,49,0,0
BRDA:326,49,1,0
BRDA:328,50,0,0
BRDA:328,50,1,0
BRDA:329,51,0,0
BRDA:329,51,1,0
BRDA:330,52,0,0
BRDA:330,52,1,0
BRDA:332,53,0,0
BRDA:332,53,1,0
BRDA:332,54,0,0
BRDA:332,54,1,0
BRDA:341,55,0,0
BRDA:341,55,1,0
BRDA:345,56,0,0
BRDA:345,56,1,0
BRDA:345,57,0,0
BRDA:345,57,1,0
BRDA:345,57,2,0
BRDA:355,58,0,0
BRDA:355,58,1,0
BRDA:357,59,0,0
BRDA:357,59,1,0
BRDA:357,59,2,0
BRDA:357,59,3,0
BRDA:367,60,0,0
BRDA:367,60,1,0
BRDA:368,61,0,0
BRDA:368,61,1,0
BRDA:369,62,0,0
BRDA:369,62,1,0
BRDA:370,63,0,0
BRDA:370,63,1,0
BRDA:371,64,0,0
BRDA:371,64,1,0
BRDA:380,65,0,0
BRDA:380,65,1,0
BRDA:381,66,0,0
BRDA:381,66,1,0
BRF:138
BRH:0
end_of_record
TN:
SF:routes\specialist.js
FN:12,(anonymous_0)
FN:40,(anonymous_1)
FN:83,(anonymous_2)
FN:113,(anonymous_3)
FN:131,(anonymous_4)
FN:198,(anonymous_5)
FN:243,(anonymous_6)
FN:297,(anonymous_7)
FN:326,(anonymous_8)
FN:349,(anonymous_9)
FN:406,(anonymous_10)
FN:498,(anonymous_11)
FN:530,(anonymous_12)
FN:559,(anonymous_13)
FN:646,(anonymous_14)
FN:692,(anonymous_15)
FNF:16
FNH:0
FNDA:0,(anonymous_0)
FNDA:0,(anonymous_1)
FNDA:0,(anonymous_2)
FNDA:0,(anonymous_3)
FNDA:0,(anonymous_4)
FNDA:0,(anonymous_5)
FNDA:0,(anonymous_6)
FNDA:0,(anonymous_7)
FNDA:0,(anonymous_8)
FNDA:0,(anonymous_9)
FNDA:0,(anonymous_10)
FNDA:0,(anonymous_11)
FNDA:0,(anonymous_12)
FNDA:0,(anonymous_13)
FNDA:0,(anonymous_14)
FNDA:0,(anonymous_15)
DA:1,2
DA:2,2
DA:3,2
DA:4,2
DA:5,2
DA:6,2
DA:7,2
DA:12,2
DA:13,0
DA:14,0
DA:17,0
DA:23,0
DA:24,0
DA:30,0
DA:40,2
DA:41,0
DA:42,0
DA:44,0
DA:45,0
DA:51,0
DA:52,0
DA:58,0
DA:59,0
DA:60,0
DA:63,0
DA:67,0
DA:73,0
DA:83,2
DA:84,0
DA:85,0
DA:87,0
DA:88,0
DA:94,0
DA:95,0
DA:97,0
DA:103,0
DA:113,2
DA:114,0
DA:115,0
DA:117,0
DA:119,0
DA:120,0
DA:126,0
DA:127,0
DA:129,0
DA:130,0
DA:131,0
DA:132,0
DA:135,0
DA:136,0
DA:142,0
DA:143,0
DA:146,0
DA:147,0
DA:153,0
DA:154,0
DA:160,0
DA:163,0
DA:164,0
DA:165,0
DA:166,0
DA:167,0
DA:179,0
DA:182,0
DA:188,0
DA:198,2
DA:199,0
DA:200,0
DA:201,0
DA:202,0
DA:204,0
DA:210,0
DA:211,0
DA:215,0
DA:216,0
DA:220,0
DA:223,0
DA:227,0
DA:233,0
DA:243,2
DA:244,0
DA:245,0
DA:247,0
DA:248,0
DA:254,0
DA:256,0
DA:257,0
DA:264,0
DA:265,0
DA:266,0
DA:273,0
DA:278,0
DA:282,0
DA:287,0
DA:297,2
DA:298,0
DA:299,0
DA:302,0
DA:307,0
DA:311,0
DA:316,0
DA:326,2
DA:327,0
DA:328,0
DA:334,0
DA:339,0
DA:349,2
DA:350,0
DA:351,0
DA:354,0
DA:355,0
DA:362,0
DA:363,0
DA:364,0
DA:371,0
DA:382,0
DA:386,0
DA:396,0
DA:406,2
DA:407,0
DA:408,0
DA:411,0
DA:412,0
DA:419,0
DA:420,0
DA:421,0
DA:428,0
DA:431,0
DA:444,0
DA:449,0
DA:450,0
DA:451,0
DA:458,0
DA:460,0
DA:464,0
DA:467,0
DA:468,0
DA:478,0
DA:480,0
DA:483,0
DA:488,0
DA:498,2
DA:499,0
DA:500,0
DA:501,0
DA:503,0
DA:510,0
DA:516,0
DA:530,2
DA:531,0
DA:532,0
DA:534,0
DA:535,0
DA:536,0
DA:539,0
DA:543,0
DA:549,0
DA:559,2
DA:560,0
DA:561,0
DA:563,0
DA:564,0
DA:571,0
DA:572,0
DA:579,0
DA:580,0
DA:587,0
DA:588,0
DA:589,0
DA:596,0
DA:597,0
DA:600,0
DA:605,0
DA:610,0
DA:611,0
DA:612,0
DA:622,0
DA:626,0
DA:631,0
DA:636,0
DA:646,2
DA:647,0
DA:648,0
DA:650,0
DA:651,0
DA:658,0
DA:659,0
DA:666,0
DA:667,0
DA:674,0
DA:675,0
DA:677,0
DA:682,0
DA:692,2
DA:693,0
DA:694,0
DA:699,0
DA:704,0
DA:711,2
LF:199
LH:23
BRDA:23,0,0,0
BRDA:23,0,1,0
BRDA:23,1,0,0
BRDA:23,1,1,0
BRDA:23,1,2,0
BRDA:44,2,0,0
BRDA:44,2,1,0
BRDA:51,3,0,0
BRDA:51,3,1,0
BRDA:87,4,0,0
BRDA:87,4,1,0
BRDA:119,5,0,0
BRDA:119,5,1,0
BRDA:126,6,0,0
BRDA:126,6,1,0
BRDA:129,7,0,0
BRDA:129,7,1,0
BRDA:129,8,0,0
BRDA:129,8,1,0
BRDA:131,9,0,0
BRDA:131,9,1,0
BRDA:135,10,0,0
BRDA:135,10,1,0
BRDA:135,11,0,0
BRDA:135,11,1,0
BRDA:142,12,0,0
BRDA:142,12,1,0
BRDA:146,13,0,0
BRDA:146,13,1,0
BRDA:146,14,0,0
BRDA:146,14,1,0
BRDA:148,15,0,0
BRDA:148,15,1,0
BRDA:153,16,0,0
BRDA:153,16,1,0
BRDA:153,17,0,0
BRDA:153,17,1,0
BRDA:155,18,0,0
BRDA:155,18,1,0
BRDA:164,19,0,0
BRDA:164,19,1,0
BRDA:202,20,0,0
BRDA:202,20,1,0
BRDA:210,21,0,0
BRDA:210,21,1,0
BRDA:215,22,0,0
BRDA:215,22,1,0
BRDA:247,23,0,0
BRDA:247,23,1,0
BRDA:256,24,0,0
BRDA:256,24,1,0
BRDA:256,25,0,0
BRDA:256,25,1,0
BRDA:265,26,0,0
BRDA:265,26,1,0
BRDA:265,27,0,0
BRDA:265,27,1,0
BRDA:336,28,0,0
BRDA:336,28,1,0
BRDA:354,29,0,0
BRDA:354,29,1,0
BRDA:354,30,0,0
BRDA:354,30,1,0
BRDA:354,30,2,0
BRDA:363,31,0,0
BRDA:363,31,1,0
BRDA:411,32,0,0
BRDA:411,32,1,0
BRDA:411,33,0,0
BRDA:411,33,1,0
BRDA:411,33,2,0
BRDA:411,33,3,0
BRDA:420,34,0,0
BRDA:420,34,1,0
BRDA:420,35,0,0
BRDA:420,35,1,0
BRDA:438,36,0,0
BRDA:438,36,1,0
BRDA:439,37,0,0
BRDA:439,37,1,0
BRDA:440,38,0,0
BRDA:440,38,1,0
BRDA:501,39,0,0
BRDA:501,39,1,0
BRDA:535,40,0,0
BRDA:535,40,1,0
BRDA:563,41,0,0
BRDA:563,41,1,0
BRDA:571,42,0,0
BRDA:571,42,1,0
BRDA:579,43,0,0
BRDA:579,43,1,0
BRDA:588,44,0,0
BRDA:588,44,1,0
BRDA:588,45,0,0
BRDA:588,45,1,0
BRDA:650,46,0,0
BRDA:650,46,1,0
BRDA:658,47,0,0
BRDA:658,47,1,0
BRDA:666,48,0,0
BRDA:666,48,1,0
BRF:102
BRH:0
end_of_record
TN:
SF:routes\specialistPortal.js
FN:10,getOrCreateContentDoc
FN:18,asLegacyContentItem
FN:34,(anonymous_2)
FN:55,(anonymous_3)
FN:77,(anonymous_4)
FN:78,(anonymous_5)
FN:87,(anonymous_6)
FN:92,(anonymous_7)
FN:125,(anonymous_8)
FN:134,(anonymous_9)
FN:147,(anonymous_10)
FN:156,(anonymous_11)
FN:157,(anonymous_12)
FN:162,(anonymous_13)
FN:163,(anonymous_14)
FN:212,(anonymous_15)
FN:235,(anonymous_16)
FN:274,(anonymous_17)
FN:309,(anonymous_18)
FN:331,(anonymous_19)
FNF:20
FNH:0
FNDA:0,getOrCreateContentDoc
FNDA:0,asLegacyContentItem
FNDA:0,(anonymous_2)
FNDA:0,(anonymous_3)
FNDA:0,(anonymous_4)
FNDA:0,(anonymous_5)
FNDA:0,(anonymous_6)
FNDA:0,(anonymous_7)
FNDA:0,(anonymous_8)
FNDA:0,(anonymous_9)
FNDA:0,(anonymous_10)
FNDA:0,(anonymous_11)
FNDA:0,(anonymous_12)
FNDA:0,(anonymous_13)
FNDA:0,(anonymous_14)
FNDA:0,(anonymous_15)
FNDA:0,(anonymous_16)
FNDA:0,(anonymous_17)
FNDA:0,(anonymous_18)
FNDA:0,(anonymous_19)
DA:1,2
DA:2,2
DA:3,2
DA:4,2
DA:5,2
DA:6,2
DA:7,2
DA:8,2
DA:11,0
DA:19,0
DA:34,2
DA:35,0
DA:36,0
DA:38,0
DA:39,0
DA:41,0
DA:48,0
DA:55,0
DA:56,0
DA:57,0
DA:58,0
DA:63,0
DA:67,0
DA:68,0
DA:70,0
DA:76,0
DA:77,0
DA:78,0
DA:80,0
DA:81,0
DA:86,0
DA:87,0
DA:88,0
DA:92,0
DA:93,0
DA:94,0
DA:99,0
DA:103,0
DA:114,0
DA:115,0
DA:125,2
DA:126,0
DA:127,0
DA:130,0
DA:132,0
DA:133,0
DA:134,0
DA:136,0
DA:137,0
DA:139,0
DA:140,0
DA:146,0
DA:147,0
DA:150,0
DA:151,0
DA:153,0
DA:154,0
DA:156,0
DA:157,0
DA:159,0
DA:160,0
DA:162,0
DA:163,0
DA:166,0
DA:182,0
DA:183,0
DA:185,0
DA:194,0
DA:201,0
DA:202,0
DA:212,2
DA:213,0
DA:214,0
DA:217,0
DA:218,0
DA:225,0
DA:226,0
DA:233,0
DA:234,0
DA:235,0
DA:237,0
DA:238,0
DA:240,0
DA:241,0
DA:248,0
DA:249,0
DA:256,0
DA:257,0
DA:263,0
DA:264,0
DA:270,0
DA:271,0
DA:272,0
DA:274,0
DA:275,0
DA:276,0
DA:282,0
DA:287,0
DA:288,0
DA:290,0
DA:292,0
DA:298,0
DA:299,0
DA:309,2
DA:310,0
DA:311,0
DA:313,0
DA:321,0
DA:322,0
DA:329,0
DA:330,0
DA:331,0
DA:333,0
DA:334,0
DA:336,0
DA:337,0
DA:343,0
DA:344,0
DA:346,0
DA:347,0
DA:349,0
DA:351,0
DA:356,0
DA:357,0
DA:364,2
LF:125
LH:13
BRDA:39,0,0,0
BRDA:39,0,1,0
BRDA:51,1,0,0
BRDA:51,1,1,0
BRDA:55,2,0,0
BRDA:55,2,1,0
BRDA:57,3,0,0
BRDA:57,3,1,0
BRDA:63,4,0,0
BRDA:63,4,1,0
BRDA:63,5,0,0
BRDA:63,5,1,0
BRDA:80,6,0,0
BRDA:80,6,1,0
BRDA:93,7,0,0
BRDA:93,7,1,0
BRDA:93,8,0,0
BRDA:93,8,1,0
BRDA:130,9,0,0
BRDA:130,9,1,0
BRDA:134,10,0,0
BRDA:134,10,1,0
BRDA:136,11,0,0
BRDA:136,11,1,0
BRDA:136,11,2,0
BRDA:137,12,0,0
BRDA:137,12,1,0
BRDA:137,12,2,0
BRDA:139,13,0,0
BRDA:139,13,1,0
BRDA:139,14,0,0
BRDA:139,14,1,0
BRDA:139,14,2,0
BRDA:147,15,0,0
BRDA:147,15,1,0
BRDA:147,15,2,0
BRDA:153,16,0,0
BRDA:153,16,1,0
BRDA:153,17,0,0
BRDA:153,17,1,0
BRDA:154,18,0,0
BRDA:154,18,1,0
BRDA:157,19,0,0
BRDA:157,19,1,0
BRDA:157,20,0,0
BRDA:157,20,1,0
BRDA:159,21,0,0
BRDA:159,21,1,0
BRDA:159,22,0,0
BRDA:159,22,1,0
BRDA:160,23,0,0
BRDA:160,23,1,0
BRDA:163,24,0,0
BRDA:163,24,1,0
BRDA:163,25,0,0
BRDA:163,25,1,0
BRDA:177,26,0,0
BRDA:177,26,1,0
BRDA:183,27,0,0
BRDA:183,27,1,0
BRDA:217,28,0,0
BRDA:217,28,1,0
BRDA:217,29,0,0
BRDA:217,29,1,0
BRDA:217,29,2,0
BRDA:225,30,0,0
BRDA:225,30,1,0
BRDA:235,31,0,0
BRDA:235,31,1,0
BRDA:237,32,0,0
BRDA:237,32,1,0
BRDA:237,32,2,0
BRDA:238,33,0,0
BRDA:238,33,1,0
BRDA:238,33,2,0
BRDA:240,34,0,0
BRDA:240,34,1,0
BRDA:240,35,0,0
BRDA:240,35,1,0
BRDA:240,35,2,0
BRDA:248,36,0,0
BRDA:248,36,1,0
BRDA:248,37,0,0
BRDA:248,37,1,0
BRDA:256,38,0,0
BRDA:256,38,1,0
BRDA:256,39,0,0
BRDA:256,39,1,0
BRDA:263,40,0,0
BRDA:263,40,1,0
BRDA:263,41,0,0
BRDA:263,41,1,0
BRDA:272,42,0,0
BRDA:272,42,1,0
BRDA:275,43,0,0
BRDA:275,43,1,0
BRDA:278,44,0,0
BRDA:278,44,1,0
BRDA:284,45,0,0
BRDA:284,45,1,0
BRDA:294,46,0,0
BRDA:294,46,1,0
BRDA:321,47,0,0
BRDA:321,47,1,0
BRDA:331,48,0,0
BRDA:331,48,1,0
BRDA:333,49,0,0
BRDA:333,49,1,0
BRDA:333,49,2,0
BRDA:334,50,0,0
BRDA:334,50,1,0
BRDA:334,50,2,0
BRDA:336,51,0,0
BRDA:336,51,1,0
BRDA:336,52,0,0
BRDA:336,52,1,0
BRDA:336,52,2,0
BRDA:346,53,0,0
BRDA:346,53,1,0
BRDA:347,54,0,0
BRDA:347,54,1,0
BRF:121
BRH:0
end_of_record
TN:
SF:routes\superadmin.js
FN:14,(anonymous_0)
FN:37,(anonymous_1)
FN:66,(anonymous_2)
FN:103,(anonymous_3)
FN:142,(anonymous_4)
FN:183,(anonymous_5)
FN:206,(anonymous_6)
FN:278,(anonymous_7)
FN:340,(anonymous_8)
FN:377,(anonymous_9)
FNF:10
FNH:0
FNDA:0,(anonymous_0)
FNDA:0,(anonymous_1)
FNDA:0,(anonymous_2)
FNDA:0,(anonymous_3)
FNDA:0,(anonymous_4)
FNDA:0,(anonymous_5)
FNDA:0,(anonymous_6)
FNDA:0,(anonymous_7)
FNDA:0,(anonymous_8)
FNDA:0,(anonymous_9)
DA:1,2
DA:2,2
DA:3,2
DA:4,2
DA:5,2
DA:14,2
DA:15,0
DA:16,0
DA:21,0
DA:27,0
DA:37,2
DA:38,0
DA:39,0
DA:44,0
DA:45,0
DA:51,0
DA:56,0
DA:66,2
DA:67,0
DA:68,0
DA:70,0
DA:71,0
DA:77,0
DA:87,0
DA:93,0
DA:103,2
DA:104,0
DA:105,0
DA:107,0
DA:109,0
DA:110,0
DA:116,0
DA:117,0
DA:118,0
DA:119,0
DA:120,0
DA:121,0
DA:122,0
DA:124,0
DA:126,0
DA:132,0
DA:142,2
DA:143,0
DA:144,0
DA:146,0
DA:147,0
DA:154,0
DA:155,0
DA:158,0
DA:159,0
DA:162,0
DA:164,0
DA:169,0
DA:183,2
DA:184,0
DA:185,0
DA:190,0
DA:196,0
DA:206,2
DA:207,0
DA:208,0
DA:210,0
DA:211,0
DA:218,0
DA:219,0
DA:220,0
DA:227,0
DA:228,0
DA:229,0
DA:230,0
DA:231,0
DA:239,0
DA:251,0
DA:252,0
DA:253,0
DA:256,0
DA:268,0
DA:278,2
DA:279,0
DA:280,0
DA:282,0
DA:284,0
DA:285,0
DA:291,0
DA:292,0
DA:295,0
DA:297,0
DA:298,0
DA:301,0
DA:302,0
DA:303,0
DA:304,0
DA:309,0
DA:310,0
DA:311,0
DA:313,0
DA:317,0
DA:319,0
DA:330,0
DA:340,2
DA:341,0
DA:342,0
DA:344,0
DA:345,0
DA:352,0
DA:353,0
DA:356,0
DA:358,0
DA:363,0
DA:377,2
DA:378,0
DA:379,0
DA:386,0
DA:396,0
DA:403,2
LF:115
LH:16
BRDA:44,0,0,0
BRDA:44,0,1,0
BRDA:70,1,0,0
BRDA:70,1,1,0
BRDA:109,2,0,0
BRDA:109,2,1,0
BRDA:116,3,0,0
BRDA:116,3,1,0
BRDA:117,4,0,0
BRDA:117,4,1,0
BRDA:118,5,0,0
BRDA:118,5,1,0
BRDA:119,6,0,0
BRDA:119,6,1,0
BRDA:120,7,0,0
BRDA:120,7,1,0
BRDA:121,8,0,0
BRDA:121,8,1,0
BRDA:122,9,0,0
BRDA:122,9,1,0
BRDA:146,10,0,0
BRDA:146,10,1,0
BRDA:154,11,0,0
BRDA:154,11,1,0
BRDA:210,12,0,0
BRDA:210,12,1,0
BRDA:210,13,0,0
BRDA:210,13,1,0
BRDA:210,13,2,0
BRDA:219,14,0,0
BRDA:219,14,1,0
BRDA:228,15,0,0
BRDA:228,15,1,0
BRDA:230,16,0,0
BRDA:230,16,1,0
BRDA:245,17,0,0
BRDA:245,17,1,0
BRDA:251,18,0,0
BRDA:251,18,1,0
BRDA:264,19,0,0
BRDA:264,19,1,0
BRDA:284,20,0,0
BRDA:284,20,1,0
BRDA:284,21,0,0
BRDA:284,21,1,0
BRDA:291,22,0,0
BRDA:291,22,1,0
BRDA:292,23,0,0
BRDA:292,23,1,0
BRDA:295,24,0,0
BRDA:295,24,1,0
BRDA:297,25,0,0
BRDA:297,25,1,0
BRDA:301,26,0,0
BRDA:301,26,1,0
BRDA:303,27,0,0
BRDA:303,27,1,0
BRDA:344,28,0,0
BRDA:344,28,1,0
BRDA:344,29,0,0
BRDA:344,29,1,0
BRDA:352,30,0,0
BRDA:352,30,1,0
BRF:63
BRH:0
end_of_record
TN:
SF:routes\upload.js
FN:15,(anonymous_0)
FN:19,(anonymous_1)
FN:28,(anonymous_2)
FN:37,(anonymous_3)
FNF:4
FNH:0
FNDA:0,(anonymous_0)
FNDA:0,(anonymous_1)
FNDA:0,(anonymous_2)
FNDA:0,(anonymous_3)
DA:1,2
DA:2,2
DA:3,2
DA:4,2
DA:5,2
DA:8,2
DA:9,2
DA:10,0
DA:14,2
DA:16,0
DA:17,0
DA:20,0
DA:21,0
DA:25,2
DA:29,0
DA:30,0
DA:31,0
DA:32,0
DA:33,0
DA:37,2
DA:38,0
DA:41,0
DA:42,0
DA:45,2
LF:24
LH:11
BRDA:9,0,0,0
BRDA:9,0,1,2
BRDA:32,1,0,0
BRDA:32,1,1,0
BRDA:32,2,0,0
BRDA:32,2,1,0
BRDA:38,3,0,0
BRDA:38,3,1,0
BRF:8
BRH:1
end_of_record
TN:
SF:routes\words.js
FN:9,getOrCreateContentDoc
FN:17,asLegacyWordItem
FN:38,(anonymous_2)
FN:41,(anonymous_3)
FN:50,(anonymous_4)
FN:63,(anonymous_5)
FN:95,(anonymous_6)
FN:111,(anonymous_7)
FN:137,(anonymous_8)
FN:179,(anonymous_9)
FN:184,(anonymous_10)
FN:196,(anonymous_11)
FN:201,(anonymous_12)
FN:210,(anonymous_13)
FN:211,(anonymous_14)
FN:216,(anonymous_15)
FN:217,(anonymous_16)
FN:236,(anonymous_17)
FN:258,(anonymous_18)
FNF:19
FNH:0
FNDA:0,getOrCreateContentDoc
FNDA:0,asLegacyWordItem
FNDA:0,(anonymous_2)
FNDA:0,(anonymous_3)
FNDA:0,(anonymous_4)
FNDA:0,(anonymous_5)
FNDA:0,(anonymous_6)
FNDA:0,(anonymous_7)
FNDA:0,(anonymous_8)
FNDA:0,(anonymous_9)
FNDA:0,(anonymous_10)
FNDA:0,(anonymous_11)
FNDA:0,(anonymous_12)
FNDA:0,(anonymous_13)
FNDA:0,(anonymous_14)
FNDA:0,(anonymous_15)
FNDA:0,(anonymous_16)
FNDA:0,(anonymous_17)
FNDA:0,(anonymous_18)
DA:1,2
DA:2,2
DA:3,2
DA:4,2
DA:5,2
DA:6,2
DA:7,2
DA:10,0
DA:18,0
DA:31,2
DA:32,2
DA:33,0
DA:37,2
DA:39,0
DA:42,0
DA:43,0
DA:47,2
DA:51,0
DA:52,0
DA:53,0
DA:54,0
DA:55,0
DA:63,2
DA:64,0
DA:65,0
DA:67,0
DA:68,0
DA:74,0
DA:75,0
DA:76,0
DA:79,0
DA:80,0
DA:81,0
DA:87,0
DA:89,0
DA:90,0
DA:91,0
DA:92,0
DA:94,0
DA:95,0
DA:96,0
DA:97,0
DA:99,0
DA:100,0
DA:102,0
DA:104,0
DA:105,0
DA:109,0
DA:110,0
DA:111,0
DA:112,0
DA:113,0
DA:118,0
DA:124,0
DA:125,0
DA:126,0
DA:127,0
DA:129,0
DA:130,0
DA:137,2
DA:138,0
DA:139,0
DA:140,0
DA:148,0
DA:149,0
DA:155,0
DA:156,0
DA:158,0
DA:159,0
DA:161,0
DA:163,0
DA:169,0
DA:170,0
DA:179,2
DA:180,0
DA:181,0
DA:182,0
DA:184,0
DA:186,0
DA:187,0
DA:189,0
DA:191,0
DA:192,0
DA:193,0
DA:194,0
DA:196,0
DA:198,0
DA:199,0
DA:201,0
DA:206,0
DA:207,0
DA:208,0
DA:210,0
DA:211,0
DA:213,0
DA:214,0
DA:216,0
DA:217,0
DA:221,0
DA:227,0
DA:228,0
DA:236,2
DA:237,0
DA:238,0
DA:242,0
DA:243,0
DA:244,0
DA:246,0
DA:247,0
DA:248,0
DA:249,0
DA:251,0
DA:252,0
DA:253,0
DA:254,0
DA:258,0
DA:260,0
DA:265,0
DA:266,0
DA:273,2
LF:120
LH:16
BRDA:32,0,0,0
BRDA:32,0,1,2
BRDA:54,1,0,0
BRDA:54,1,1,0
BRDA:54,2,0,0
BRDA:54,2,1,0
BRDA:67,3,0,0
BRDA:67,3,1,0
BRDA:67,4,0,0
BRDA:67,4,1,0
BRDA:75,5,0,0
BRDA:75,5,1,0
BRDA:79,6,0,0
BRDA:79,6,1,0
BRDA:80,7,0,0
BRDA:80,7,1,0
BRDA:89,8,0,0
BRDA:89,8,1,0
BRDA:91,9,0,0
BRDA:91,9,1,0
BRDA:94,10,0,0
BRDA:94,10,1,0
BRDA:95,11,0,0
BRDA:95,11,1,0
BRDA:96,12,0,0
BRDA:96,12,1,0
BRDA:97,13,0,0
BRDA:97,13,1,0
BRDA:99,14,0,0
BRDA:99,14,1,0
BRDA:100,15,0,0
BRDA:100,15,1,0
BRDA:102,16,0,0
BRDA:102,16,1,0
BRDA:110,17,0,0
BRDA:110,17,1,0
BRDA:112,18,0,0
BRDA:112,18,1,0
BRDA:115,19,0,0
BRDA:115,19,1,0
BRDA:120,20,0,0
BRDA:120,20,1,0
BRDA:148,21,0,0
BRDA:148,21,1,0
BRDA:158,22,0,0
BRDA:158,22,1,0
BRDA:159,23,0,0
BRDA:159,23,1,0
BRDA:184,24,0,0
BRDA:184,24,1,0
BRDA:189,25,0,0
BRDA:189,25,1,0
BRDA:192,26,0,0
BRDA:192,26,1,0
BRDA:193,27,0,0
BRDA:193,27,1,0
BRDA:193,28,0,0
BRDA:193,28,1,0
BRDA:194,29,0,0
BRDA:194,29,1,0
BRDA:198,30,0,0
BRDA:198,30,1,0
BRDA:198,31,0,0
BRDA:198,31,1,0
BRDA:199,32,0,0
BRDA:199,32,1,0
BRDA:207,33,0,0
BRDA:207,33,1,0
BRDA:207,34,0,0
BRDA:207,34,1,0
BRDA:208,35,0,0
BRDA:208,35,1,0
BRDA:211,36,0,0
BRDA:211,36,1,0
BRDA:211,37,0,0
BRDA:211,37,1,0
BRDA:213,38,0,0
BRDA:213,38,1,0
BRDA:213,39,0,0
BRDA:213,39,1,0
BRDA:214,40,0,0
BRDA:214,40,1,0
BRDA:217,41,0,0
BRDA:217,41,1,0
BRDA:217,42,0,0
BRDA:217,42,1,0
BRDA:244,43,0,0
BRDA:244,43,1,0
BRDA:246,44,0,0
BRDA:246,44,1,0
BRDA:251,45,0,0
BRDA:251,45,1,0
BRDA:258,46,0,0
BRDA:258,46,1,0
BRDA:258,47,0,0
BRDA:258,47,1,0
BRF:96
BRH:1
end_of_record
TN:
SF:services\emailService.js
FN:15,(anonymous_0)
FN:27,(anonymous_1)
FN:39,(anonymous_2)
FN:45,(anonymous_3)
FN:70,(anonymous_4)
FN:95,(anonymous_5)
FNF:6
FNH:0
FNDA:0,(anonymous_0)
FNDA:0,(anonymous_1)
FNDA:0,(anonymous_2)
FNDA:0,(anonymous_3)
FNDA:0,(anonymous_4)
FNDA:0,(anonymous_5)
DA:1,2
DA:4,2
DA:15,2
DA:16,0
DA:17,0
DA:18,0
DA:19,0
DA:21,0
DA:22,0
DA:27,2
DA:28,0
DA:29,0
DA:30,0
DA:31,0
DA:32,0
DA:34,0
DA:35,0
DA:36,0
DA:39,0
DA:45,2
DA:46,0
DA:66,0
DA:70,2
DA:71,0
DA:91,0
DA:95,2
DA:96,0
DA:114,0
DA:117,2
LF:29
LH:8
BRDA:5,0,0,2
BRDA:5,0,1,0
BRDA:6,1,0,2
BRDA:6,1,1,0
BRDA:27,2,0,0
BRDA:27,3,0,0
BRDA:35,4,0,0
BRDA:35,4,1,0
BRF:8
BRH:2
end_of_record
TN:
SF:services\pushService.js
FN:6,_tryInit
FN:58,sendToTokens
FNF:2
FNH:0
FNDA:0,_tryInit
FNDA:0,sendToTokens
DA:1,2
DA:3,2
DA:4,2
DA:7,0
DA:9,0
DA:10,0
DA:11,0
DA:13,0
DA:14,0
DA:15,0
DA:16,0
DA:20,0
DA:24,0
DA:25,0
DA:26,0
DA:29,0
DA:30,0
DA:34,0
DA:35,0
DA:38,0
DA:39,0
DA:42,0
DA:43,0
DA:46,0
DA:48,0
DA:50,0
DA:51,0
DA:52,0
DA:54,0
DA:59,0
DA:60,0
DA:63,0
DA:72,0
DA:73,0
DA:76,2
LF:35
LH:4
BRDA:7,0,0,0
BRDA:7,0,1,0
BRDA:14,1,0,0
BRDA:14,1,1,0
BRDA:20,2,0,0
BRDA:20,2,1,0
BRDA:20,3,0,0
BRDA:20,3,1,0
BRDA:20,4,0,0
BRDA:20,4,1,0
BRDA:22,5,0,0
BRDA:22,5,1,0
BRDA:22,6,0,0
BRDA:22,6,1,0
BRDA:24,7,0,0
BRDA:24,7,1,0
BRDA:34,8,0,0
BRDA:34,8,1,0
BRDA:34,9,0,0
BRDA:34,9,1,0
BRDA:42,10,0,0
BRDA:42,10,1,0
BRDA:50,11,0,0
BRDA:50,11,1,0
BRDA:59,12,0,0
BRDA:59,12,1,0
BRDA:59,13,0,0
BRDA:59,13,1,0
BRDA:60,14,0,0
BRDA:60,14,1,0
BRF:30
BRH:0
end_of_record
